a.out file dumper [V2.0]
Dump of a.out object file /sae_users/paradis/sdk-cdbuild/CDIMAGE/ebsdk/ebfw/obj/lx164/lx164sr0.out of size 7712 bytes
	text offset = 80
	data offset = 3712
	text relocation offset = 3712
	data relocation offset = 3712
	symbols offset = 3712
Executable Code
initIPRs:
	[00000000] 0x77FF0210 	hw_mtpr	$31,0x00
	[00000004] 0x77FF0216 	hw_mtpr	$31,0x06
	[00000008] 0x67FF0140 	hw_mfpr/a	$31,$0
	[0000000C] 0x67FF0140 	hw_mfpr/a	$31,$0
	[00000010] 0x67FF0140 	hw_mfpr/a	$31,$0
	[00000014] 0x67FF0140 	hw_mfpr/a	$31,$0
	[00000018] 0x67FF0140 	hw_mfpr/a	$31,$0
	[0000001C] 0x205F0E02 	lda	$2,0x0e02($31)
	[00000020] 0x24420082 	ldah	$2,0x0082($2)
	[00000024] 0x48421722 	sll	$2,0x10,$2
	[00000028] 0x74420118 	hw_mtpr	$2,0x08
	[0000002C] 0x77FF020D 	hw_mtpr	$31,0x0d
	[00000030] 0x203F0001 	lda	$1,0x0001($31)
	[00000034] 0x48241721 	sll	$1,0x20,$1
	[00000038] 0x7421020E 	hw_mtpr	$1,0x0e
	[0000003C] 0x77FF010F 	hw_mtpr	$31,0x0f
	[00000040] 0x77FF0105 	hw_mtpr	$31,0x05
	[00000044] 0x77FF020A 	hw_mtpr	$31,0x0a
	[00000048] 0x77FF0201 	hw_mtpr	$31,0x01
	[0000004C] 0x77FF0200 	hw_mtpr	$31,0x00
	[00000050] 0x77FF0103 	hw_mtpr	$31,0x03
	[00000054] 0x77FF010A 	hw_mtpr	$31,0x0a
	[00000058] 0x77FF0109 	hw_mtpr	$31,0x09
	[0000005C] 0x77FF0108 	hw_mtpr	$31,0x08
initGlobals:
	[00000060] 0x241FFFF0 	ldah	$0,0xfff0($31)
	[00000064] 0x481C160D 	zap	$0,0xe0,$13
	[00000068] 0x21DF0874 	lda	$14,0x0874($31)
	[0000006C] 0x49C3972E 	sll	$14,0x1c,$14
	[00000070] 0xD38001C7 	bsr	$28,.+0x0000071c
SetScache:
	[00000074] 0xD3800195 	bsr	$28,.+0x00000654
	[00000078] 0x221F1002 	lda	$16,0x1002($31)
	[0000007C] 0x44300410 	or	$1,$16,$16
	[00000080] 0x60004000 	mb	
	[00000084] 0x7E0D90A8 	hw_st/pq	$16,0x00a8($13)
	[00000088] 0x60004000 	mb	
	[0000008C] 0x6C4D90E8 	hw_ld/pq	$2,0x00e8($13)
	[00000090] 0x6C4D9168 	hw_ld/pq	$2,0x0168($13)
	[00000094] 0x221F0D40 	lda	$16,0x0d40($31)
	[00000098] 0x26100003 	ldah	$16,0x0003($16)
	[0000009C] 0xD36001E0 	bsr	$27,.+0x00000780
	[000000A0] 0x260E4000 	ldah	$16,0x4000($14)
	[000000A4] 0x21100900 	lda	$8,0x0900($16)
	[000000A8] 0x223FDEAD 	lda	$17,0xdead($31)
	[000000AC] 0x26310001 	ldah	$17,0x0001($17)
	[000000B0] 0x7E288000 	hw_st/p	$17,0x0000($8)
	[000000B4] 0x60004000 	mb	
	[000000B8] 0x221F8480 	lda	$16,0x8480($31)
	[000000BC] 0x2610001F 	ldah	$16,0x001f($16)
	[000000C0] 0xD36001D7 	bsr	$27,.+0x0000075c
	[000000C4] 0x223F0027 	lda	$17,0x0027($31)
	[000000C8] 0x2631AE17 	ldah	$17,0xae17($17)
	[000000CC] 0x260E1000 	ldah	$16,0x1000($14)
	[000000D0] 0x22100500 	lda	$16,0x0500($16)
	[000000D4] 0x7E308000 	hw_st/p	$17,0x0000($16)
	[000000D8] 0x60004000 	mb	
	[000000DC] 0x260E1000 	ldah	$16,0x1000($14)
	[000000E0] 0x21100040 	lda	$8,0x0040($16)
	[000000E4] 0x223F10FF 	lda	$17,0x10ff($31)
	[000000E8] 0x26310000 	ldah	$17,0x0000($17)
	[000000EC] 0x7E288000 	hw_st/p	$17,0x0000($8)
	[000000F0] 0x60004000 	mb	
InitPCI:
	[000000F4] 0x47FF0411 	or	$31,$31,$17
	[000000F8] 0x221F0876 	lda	$16,0x0876($31)
	[000000FC] 0x4A039730 	sll	$16,0x1c,$16
	[00000100] 0x22100400 	lda	$16,0x0400($16)
	[00000104] 0x20FF0004 	lda	$7,0x0004($31)
wbase_loop:
	[00000108] 0xD3400232 	bsr	$26,.+0x000008c8
	[0000010C] 0x22100100 	lda	$16,0x0100($16)
	[00000110] 0x20E7FFFF 	lda	$7,0xffff($7)
	[00000114] 0xFCFFFFFC 	bgt	$7,.+0x007ffff0
	[00000118] 0x220E2000 	lda	$16,0x2000($14)
	[0000011C] 0xD340022D 	bsr	$26,.+0x000008b4
	[00000120] 0x220E0440 	lda	$16,0x0440($14)
	[00000124] 0xD340022B 	bsr	$26,.+0x000008ac
	[00000128] 0x220E00C0 	lda	$16,0x00c0($14)
	[0000012C] 0x223FFF00 	lda	$17,0xff00($31)
	[00000130] 0x26310001 	ldah	$17,0x0001($17)
	[00000134] 0xD3400227 	bsr	$26,.+0x0000089c
	[00000138] 0x220E0100 	lda	$16,0x0100($14)
	[0000013C] 0x223F00F1 	lda	$17,0x00f1($31)
	[00000140] 0x26310000 	ldah	$17,0x0000($17)
	[00000144] 0xD3400223 	bsr	$26,.+0x0000088c
	[00000148] 0x220E0140 	lda	$16,0x0140($14)
	[0000014C] 0x47E03411 	or	$31,0x01,$17
	[00000150] 0xD3400220 	bsr	$26,.+0x00000880
	[00000154] 0x220E0200 	lda	$16,0x0200($14)
	[00000158] 0x47FF0411 	or	$31,$31,$17
	[0000015C] 0xD340021D 	bsr	$26,.+0x00000874
	[00000160] 0x250E6000 	ldah	$8,0x6000($14)
	[00000164] 0x22080140 	lda	$16,0x0140($8)
	[00000168] 0x47E0F411 	or	$31,0x07,$17
	[0000016C] 0xD340019D 	bsr	$26,.+0x00000674
	[00000170] 0x47E41402 	or	$31,0x20,$2
	[00000174] 0xD3A001C5 	bsr	$29,.+0x00000714
InitSMC:
	[00000178] 0x221F0055 	lda	$16,0x0055($31)
	[0000017C] 0xD3A001D1 	bsr	$29,.+0x00000744
	[00000180] 0xD3A001D0 	bsr	$29,.+0x00000740
	[00000184] 0x221F0007 	lda	$16,0x0007($31)
	[00000188] 0xD3A001CE 	bsr	$29,.+0x00000738
	[0000018C] 0x221F0006 	lda	$16,0x0006($31)
	[00000190] 0xD3A001CE 	bsr	$29,.+0x00000738
	[00000194] 0x221F0070 	lda	$16,0x0070($31)
	[00000198] 0xD3A001CA 	bsr	$29,.+0x00000728
	[0000019C] 0x221F0008 	lda	$16,0x0008($31)
	[000001A0] 0xD3A001CA 	bsr	$29,.+0x00000728
	[000001A4] 0x221F0030 	lda	$16,0x0030($31)
	[000001A8] 0xD3A001C6 	bsr	$29,.+0x00000718
	[000001AC] 0x221F0001 	lda	$16,0x0001($31)
	[000001B0] 0xD3A001C6 	bsr	$29,.+0x00000718
	[000001B4] 0x221F00AA 	lda	$16,0x00aa($31)
	[000001B8] 0xD3A001C2 	bsr	$29,.+0x00000708
DetectSpeed:
	[000001BC] 0xD3800230 	bsr	$28,.+0x000008c0
	[000001C0] 0x44000411 	or	$0,$0,$17
	[000001C4] 0x221F2580 	lda	$16,0x2580($31)
	[000001C8] 0xD34001F6 	bsr	$26,.+0x000007d8
	[000001CC] 0x23BF0005 	lda	$29,0x0005($31)
	[000001D0] 0x47E0041C 	or	$31,$0,$28
	[000001D4] 0xD0000316 	bsr	$0,.+0x00000c58
	[000001D8] 0x23BF0001 	lda	$29,0x0001($31)
	[000001DC] 0x239F3631 	lda	$28,0x3631($31)
	[000001E0] 0x279C4134 	ldah	$28,0x4134($28)
	[000001E4] 0x4B84173C 	sll	$28,0x20,$28
	[000001E8] 0x239C0D0A 	lda	$28,0x0d0a($28)
	[000001EC] 0x279C3132 	ldah	$28,0x3132($28)
	[000001F0] 0xD000030F 	bsr	$0,.+0x00000c3c
	[000001F4] 0x47E03402 	or	$31,0x01,$2
	[000001F8] 0xD3A001A4 	bsr	$29,.+0x00000690
	[000001FC] 0x46310410 	or	$17,$17,$16
	[00000200] 0x207FA510 	lda	$3,0xa510($31)
	[00000204] 0x2463E8D5 	ldah	$3,0xe8d5($3)
	[00000208] 0x487E1611 	zap	$3,0xf0,$17
	[0000020C] 0x4A211731 	sll	$17,0x08,$17
	[00000210] 0xD34001E4 	bsr	$26,.+0x00000790
	[00000214] 0x44000418 	or	$0,$0,$24
	[00000218] 0x47E05402 	or	$31,0x02,$2
	[0000021C] 0xD3A0019B 	bsr	$29,.+0x0000066c
	[00000220] 0x23BF0006 	lda	$29,0x0006($31)
	[00000224] 0xD0000302 	bsr	$0,.+0x00000c08
ReadConfigJumpers:
	[00000228] 0xD3A001C1 	bsr	$29,.+0x00000704
	[0000022C] 0x47E00501 	ornot	$31,$0,$1
	[00000230] 0x4430101E 	and	$1,0x80,$30
	[00000234] 0x44081001 	and	$0,0x40,$1
	[00000238] 0x47C1041E 	or	$30,$1,$30
	[0000023C] 0x47C4141E 	or	$30,0x20,$30
	[00000240] 0x4BC2373E 	sll	$30,0x11,$30
	[00000244] 0x47FF0403 	or	$31,$31,$3
	[00000248] 0x4400D001 	and	$0,0x06,$1
	[0000024C] 0x402095A2 	cmpeq	$1,0x04,$2
	[00000250] 0x444054C3 	cmovne	$2,0x02,$3
	[00000254] 0x4020D5A2 	cmpeq	$1,0x06,$2
	[00000258] 0x444074C3 	cmovne	$2,0x03,$3
	[0000025C] 0x402055A2 	cmpeq	$1,0x02,$2
	[00000260] 0x444094C3 	cmovne	$2,0x04,$3
	[00000264] 0x48621723 	sll	$3,0x10,$3
	[00000268] 0x447E041E 	or	$3,$30,$30
	[0000026C] 0x47E07402 	or	$31,0x03,$2
	[00000270] 0xD3A00186 	bsr	$29,.+0x00000618
	[00000274] 0xD3A001AE 	bsr	$29,.+0x000006b8
	[00000278] 0x44000406 	or	$0,$0,$6
	[0000027C] 0x209FC400 	lda	$4,0xc400($31)
	[00000280] 0x24840001 	ldah	$4,0x0001($4)
	[00000284] 0x20BF0006 	lda	$5,0x0006($31)
	[00000288] 0x207F4406 	lda	$3,0x4406($31)
	[0000028C] 0x24630000 	ldah	$3,0x0000($3)
	[00000290] 0x22BF4690 	lda	$21,0x4690($31)
	[00000294] 0x26B503F2 	ldah	$21,0x03f2($21)
	[00000298] 0x44840408 	or	$4,$4,$8
	[0000029C] 0x207F0007 	lda	$3,0x0007($31)
	[000002A0] 0x201F088D 	lda	$0,0x088d($31)
	[000002A4] 0x203F46A0 	lda	$1,0x46a0($31)
	[000002A8] 0x242103F3 	ldah	$1,0x03f3($1)
	[000002AC] 0x430003A0 	cmpult	$24,$0,$0
	[000002B0] 0x440104D5 	cmovne	$0,$1,$21
	[000002B4] 0x440404C8 	cmovne	$0,$4,$8
	[000002B8] 0x440304C5 	cmovne	$0,$3,$5
	[000002BC] 0x209FC600 	lda	$4,0xc600($31)
	[000002C0] 0x24840001 	ldah	$4,0x0001($4)
	[000002C4] 0x207F0008 	lda	$3,0x0008($31)
	[000002C8] 0x201F077A 	lda	$0,0x077a($31)
	[000002CC] 0x203F57C0 	lda	$1,0x57c0($31)
	[000002D0] 0x242107F4 	ldah	$1,0x07f4($1)
	[000002D4] 0x430003A0 	cmpult	$24,$0,$0
	[000002D8] 0x440104D5 	cmovne	$0,$1,$21
	[000002DC] 0x440404C8 	cmovne	$0,$4,$8
	[000002E0] 0x440304C5 	cmovne	$0,$3,$5
	[000002E4] 0x207F0009 	lda	$3,0x0009($31)
	[000002E8] 0x201F06A4 	lda	$0,0x06a4($31)
	[000002EC] 0x203F57D0 	lda	$1,0x57d0($31)
	[000002F0] 0x242107F4 	ldah	$1,0x07f4($1)
	[000002F4] 0x430003A0 	cmpult	$24,$0,$0
	[000002F8] 0x440104D5 	cmovne	$0,$1,$21
	[000002FC] 0x440304C5 	cmovne	$0,$3,$5
	[00000300] 0x207F000A 	lda	$3,0x000a($31)
	[00000304] 0x201F05FB 	lda	$0,0x05fb($31)
	[00000308] 0x203F58F0 	lda	$1,0x58f0($31)
	[0000030C] 0x24210FF4 	ldah	$1,0x0ff4($1)
	[00000310] 0x430003A0 	cmpult	$24,$0,$0
	[00000314] 0x440104D5 	cmovne	$0,$1,$21
	[00000318] 0x440304C5 	cmovne	$0,$3,$5
SkipCpuSpeeds:
	[0000031C] 0xE0C0000A 	blbc	$6,.+0x00000028
	[00000320] 0x207F4690 	lda	$3,0x4690($31)
	[00000324] 0x246303F3 	ldah	$3,0x03f3($3)
	[00000328] 0x42A305A3 	cmpeq	$21,$3,$3
	[0000032C] 0xF4600004 	bne	$3,.+0x00000010
	[00000330] 0x207F48F0 	lda	$3,0x48f0($31)
	[00000334] 0x24630FF4 	ldah	$3,0x0ff4($3)
	[00000338] 0x42A305A3 	cmpeq	$21,$3,$3
	[0000033C] 0xE4600002 	beq	$3,.+0x00000008
CpuSpeedError:
	[00000340] 0x211F0004 	lda	$8,0x0004($31)
	[00000344] 0xC3E001AA 	br	$31,.+0x000006a8
CpuSpeedOK:
set_bc_size:
	[00000348] 0x4BC21682 	srl	$30,0x10,$2
	[0000034C] 0x4440F002 	and	$2,0x07,$2
	[00000350] 0x40403523 	subq	$2,0x01,$3
	[00000354] 0x44401483 	cmoveq	$2,0x00,$3
	[00000358] 0x48601723 	sll	$3,0x00,$3
	[0000035C] 0x46A30415 	or	$21,$3,$21
	[00000360] 0xF4400002 	bne	$2,.+0x00000008
bc_disabled:
	[00000364] 0xD38000EB 	bsr	$28,.+0x000003ac
	[00000368] 0x44000415 	or	$0,$0,$21
bc_enabled:
	[0000036C] 0x4ABE1615 	zap	$21,0xf0,$21
	[00000370] 0x47E09402 	or	$31,0x04,$2
	[00000374] 0xD3A00145 	bsr	$29,.+0x00000514
	[00000378] 0x229F8050 	lda	$20,0x8050($31)
	[0000037C] 0x26940001 	ldah	$20,0x0001($20)
	[00000380] 0x4A9E1614 	zap	$20,0xf0,$20
	[00000384] 0x4BC21680 	srl	$30,0x10,$0
	[00000388] 0x4400F000 	and	$0,0x07,$0
	[0000038C] 0x207F0001 	lda	$3,0x0001($31)
	[00000390] 0x441F0483 	cmoveq	$0,$31,$3
	[00000394] 0x46830414 	or	$20,$3,$20
	[00000398] 0x49021728 	sll	$8,0x10,$8
	[0000039C] 0x46880414 	or	$20,$8,$20
	[000003A0] 0x47E0B402 	or	$31,0x05,$2
	[000003A4] 0xD3A00139 	bsr	$29,.+0x000004e4
	[000003A8] 0x23BF0006 	lda	$29,0x0006($31)
	[000003AC] 0xD00002A0 	bsr	$0,.+0x00000a80
	[000003B0] 0xD38000D8 	bsr	$28,.+0x00000360
	[000003B4] 0x44000416 	or	$0,$0,$22
	[000003B8] 0x47E0D402 	or	$31,0x06,$2
	[000003BC] 0xD3A00133 	bsr	$29,.+0x000004cc
	[000003C0] 0x23BF0006 	lda	$29,0x0006($31)
	[000003C4] 0xD000029A 	bsr	$0,.+0x00000a68
	[000003C8] 0x21DF0874 	lda	$14,0x0874($31)
	[000003CC] 0x49C3972E 	sll	$14,0x1c,$14
	[000003D0] 0x250E4000 	ldah	$8,0x4000($14)
	[000003D4] 0x22080000 	lda	$16,0x0000($8)
	[000003D8] 0x223F0631 	lda	$17,0x0631($31)
	[000003DC] 0x26312904 	ldah	$17,0x2904($17)
	[000003E0] 0xD340017C 	bsr	$26,.+0x000005f0
	[000003E4] 0x221F4E20 	lda	$16,0x4e20($31)
	[000003E8] 0xD360010D 	bsr	$27,.+0x00000434
	[000003EC] 0x223F0332 	lda	$17,0x0332($31)
	[000003F0] 0x26310000 	ldah	$17,0x0000($17)
	[000003F4] 0x250E1000 	ldah	$8,0x1000($14)
	[000003F8] 0x22080200 	lda	$16,0x0200($8)
	[000003FC] 0xD3400175 	bsr	$26,.+0x000005d4
	[00000400] 0x223F0750 	lda	$17,0x0750($31)
	[00000404] 0x26310000 	ldah	$17,0x0000($17)
	[00000408] 0x22080300 	lda	$16,0x0300($8)
	[0000040C] 0xD3400171 	bsr	$26,.+0x000005c4
	[00000410] 0x47E03404 	or	$31,0x01,$4
	[00000414] 0x4881F724 	sll	$4,0x0f,$4
	[00000418] 0x46240411 	or	$17,$4,$17
	[0000041C] 0x20BF0008 	lda	$5,0x0008($31)
ForceRef:
	[00000420] 0x22080300 	lda	$16,0x0300($8)
	[00000424] 0xD340016B 	bsr	$26,.+0x000005ac
	[00000428] 0x209F0064 	lda	$4,0x0064($31)
ForceRefWait:
	[0000042C] 0x67FF0140 	hw_mfpr/a	$31,$0
	[00000430] 0x40803524 	subq	$4,0x01,$4
	[00000434] 0xF49FFFFD 	bne	$4,.+0x007ffff4
	[00000438] 0x40A03525 	subq	$5,0x01,$5
	[0000043C] 0xF4BFFFF8 	bne	$5,.+0x007fffe0
	[00000440] 0x463F0405 	or	$17,$31,$5
	[00000444] 0x260E1000 	ldah	$16,0x1000($14)
	[00000448] 0x223F1401 	lda	$17,0x1401($31)
	[0000044C] 0x2631003A 	ldah	$17,0x003a($17)
	[00000450] 0xD3400160 	bsr	$26,.+0x00000580
	[00000454] 0x44BF0411 	or	$5,$31,$17
	[00000458] 0x20BF0008 	lda	$5,0x0008($31)
ForceRef1:
	[0000045C] 0x22080300 	lda	$16,0x0300($8)
	[00000460] 0xD340015C 	bsr	$26,.+0x00000570
	[00000464] 0x209F0064 	lda	$4,0x0064($31)
ForceRefWait1:
	[00000468] 0x67FF0140 	hw_mfpr/a	$31,$0
	[0000046C] 0x40803524 	subq	$4,0x01,$4
	[00000470] 0xF49FFFFD 	bne	$4,.+0x007ffff4
	[00000474] 0x40A03525 	subq	$5,0x01,$5
	[00000478] 0xF4BFFFF8 	bne	$5,.+0x007fffe0
	[0000047C] 0x47FF0411 	or	$31,$31,$17
	[00000480] 0x22080600 	lda	$16,0x0600($8)
	[00000484] 0xD3400153 	bsr	$26,.+0x0000054c
	[00000488] 0x223F0100 	lda	$17,0x0100($31)
	[0000048C] 0x22080640 	lda	$16,0x0640($8)
	[00000490] 0xD3400150 	bsr	$26,.+0x00000540
	[00000494] 0x223F0022 	lda	$17,0x0022($31)
	[00000498] 0x22080A00 	lda	$16,0x0a00($8)
	[0000049C] 0xD340014D 	bsr	$26,.+0x00000534
	[000004A0] 0x22080A40 	lda	$16,0x0a40($8)
	[000004A4] 0xD340014B 	bsr	$26,.+0x0000052c
	[000004A8] 0x223F0028 	lda	$17,0x0028($31)
	[000004AC] 0x22080800 	lda	$16,0x0800($8)
	[000004B0] 0xD3400148 	bsr	$26,.+0x00000520
	[000004B4] 0x22080840 	lda	$16,0x0840($8)
	[000004B8] 0xD3400146 	bsr	$26,.+0x00000518
	[000004BC] 0x46203411 	or	$17,0x01,$17
	[000004C0] 0x22080800 	lda	$16,0x0800($8)
	[000004C4] 0xD3400143 	bsr	$26,.+0x0000050c
	[000004C8] 0x22080840 	lda	$16,0x0840($8)
	[000004CC] 0xD3400141 	bsr	$26,.+0x00000504
	[000004D0] 0x22FF0000 	lda	$23,0x0000($31)
	[000004D4] 0x26F70800 	ldah	$23,0x0800($23)
	[000004D8] 0x47E0F402 	or	$31,0x07,$2
	[000004DC] 0xD3A000EB 	bsr	$29,.+0x000003ac
	[000004E0] 0x23BF0006 	lda	$29,0x0006($31)
	[000004E4] 0xD0000252 	bsr	$0,.+0x00000948
	[000004E8] 0x47E19402 	or	$31,0x0c,$2
	[000004EC] 0xD3A000E7 	bsr	$29,.+0x0000039c
	[000004F0] 0x23BF0006 	lda	$29,0x0006($31)
	[000004F4] 0xD000024E 	bsr	$0,.+0x00000938
	[000004F8] 0x205F0001 	lda	$2,0x0001($31)
	[000004FC] 0x74420216 	hw_mtpr	$2,0x06
	[00000500] 0x67FF0140 	hw_mfpr/a	$31,$0
	[00000504] 0x67FF0140 	hw_mfpr/a	$31,$0
	[00000508] 0x67FF0140 	hw_mfpr/a	$31,$0
	[0000050C] 0x67FF0140 	hw_mfpr/a	$31,$0
	[00000510] 0x67FF0140 	hw_mfpr/a	$31,$0
	[00000514] 0x46B50412 	or	$21,$21,$18
	[00000518] 0x46940413 	or	$20,$20,$19
	[0000051C] 0x205F85C0 	lda	$2,0x85c0($31)
	[00000520] 0x24420001 	ldah	$2,0x0001($2)
	[00000524] 0x46620413 	or	$19,$2,$19
	[00000528] 0xD3800081 	bsr	$28,.+0x00000204
	[0000052C] 0x47E1F402 	or	$31,0x0f,$2
	[00000530] 0xD3A000D6 	bsr	$29,.+0x00000358
	[00000534] 0x23BF0006 	lda	$29,0x0006($31)
	[00000538] 0xD000023D 	bsr	$0,.+0x000008f4
	[0000053C] 0x47E05405 	or	$31,0x02,$5
SweepMemory:
	[00000540] 0x46F70407 	or	$23,$23,$7
SweepMemory1:
	[00000544] 0x40E11527 	subq	$7,0x08,$7
	[00000548] 0x6C479000 	hw_ld/pq	$2,0x0000($7)
	[0000054C] 0x7C479000 	hw_st/pq	$2,0x0000($7)
	[00000550] 0xFCFFFFFC 	bgt	$7,.+0x007ffff0
	[00000554] 0x40A03525 	subq	$5,0x01,$5
	[00000558] 0xF4BFFFF9 	bne	$5,.+0x007fffe4
	[0000055C] 0x46B50412 	or	$21,$21,$18
	[00000560] 0x46940413 	or	$20,$20,$19
	[00000564] 0xD3800072 	bsr	$28,.+0x000001c8
	[00000568] 0x47E27402 	or	$31,0x13,$2
	[0000056C] 0xD3A000C7 	bsr	$29,.+0x0000031c
	[00000570] 0xD3800092 	bsr	$28,.+0x00000248
	[00000574] 0xD3800086 	bsr	$28,.+0x00000218
	[00000578] 0x46F70407 	or	$23,$23,$7
SweepMemory2:
	[0000057C] 0x40E11527 	subq	$7,0x08,$7
	[00000580] 0x6C479000 	hw_ld/pq	$2,0x0000($7)
	[00000584] 0x7C479000 	hw_st/pq	$2,0x0000($7)
	[00000588] 0xFCFFFFFC 	bgt	$7,.+0x007ffff0
	[0000058C] 0x47E29402 	or	$31,0x14,$2
	[00000590] 0xD3A000BE 	bsr	$29,.+0x000002f8
	[00000594] 0x23BF0006 	lda	$29,0x0006($31)
	[00000598] 0xD0000225 	bsr	$0,.+0x00000894
	[0000059C] 0x47DE0410 	or	$30,$30,$16
	[000005A0] 0xD1C00158 	bsr	$14,.+0x00000560
	[000005A4] 0x47E2F402 	or	$31,0x17,$2
	[000005A8] 0xD3A000B8 	bsr	$29,.+0x000002e0
	[000005AC] 0xD3800047 	bsr	$28,.+0x0000011c
	[000005B0] 0x205F1000 	lda	$2,0x1000($31)
	[000005B4] 0x44020402 	or	$0,$2,$2
	[000005B8] 0x60004000 	mb	
	[000005BC] 0x7C4D90A8 	hw_st/pq	$2,0x00a8($13)
	[000005C0] 0x60004000 	mb	
	[000005C4] 0x205F4000 	lda	$2,0x4000($31)
	[000005C8] 0x410203A0 	cmpult	$8,$2,$0
	[000005CC] 0x440204C8 	cmovne	$0,$2,$8
	[000005D0] 0x45003400 	or	$8,0x01,$0
	[000005D4] 0x7400010B 	hw_mtpr	$0,0x0b
	[000005D8] 0x205F0119 	lda	$2,0x0119($31)
	[000005DC] 0x244277FF 	ldah	$2,0x77ff($2)
	[000005E0] 0x7C488000 	hw_st/p	$2,0x0000($8)
	[000005E4] 0x205F0001 	lda	$2,0x0001($31)
	[000005E8] 0x2442C000 	ldah	$2,0xc000($2)
	[000005EC] 0x7C488004 	hw_st/p	$2,0x0004($8)
	[000005F0] 0x7F288008 	hw_st/p	$25,0x0008($8)
	[000005F4] 0x205F8000 	lda	$2,0x8000($31)
	[000005F8] 0x24426C01 	ldah	$2,0x6c01($2)
	[000005FC] 0x7C48800C 	hw_st/p	$2,0x000c($8)
	[00000600] 0x205F041F 	lda	$2,0x041f($31)
	[00000604] 0x244247FF 	ldah	$2,0x47ff($2)
	[00000608] 0x20BF002C 	lda	$5,0x002c($31)
	[0000060C] 0x21080010 	lda	$8,0x0010($8)
loadInst:
	[00000610] 0x7C488000 	hw_st/p	$2,0x0000($8)
	[00000614] 0x40A03525 	subq	$5,0x01,$5
	[00000618] 0x21080004 	lda	$8,0x0004($8)
	[0000061C] 0xF4BFFFFC 	bne	$5,.+0x007ffff0
	[00000620] 0x205F0000 	lda	$2,0x0000($31)
	[00000624] 0x24426BE0 	ldah	$2,0x6be0($2)
	[00000628] 0x7C488000 	hw_st/p	$2,0x0000($8)
	[0000062C] 0x60004000 	mb	
	[00000630] 0x47E31402 	or	$31,0x18,$2
	[00000634] 0xD3A00095 	bsr	$29,.+0x00000254
	[00000638] 0xD3800060 	bsr	$28,.+0x00000180
	[0000063C] 0xD3800054 	bsr	$28,.+0x00000150
	[00000640] 0x48031682 	srl	$0,0x18,$2
	[00000644] 0x4441F002 	and	$2,0x0f,$2
	[00000648] 0x203F0000 	lda	$1,0x0000($31)
	[0000064C] 0x24210000 	ldah	$1,0x0000($1)
	[00000650] 0x48241721 	sll	$1,0x20,$1
	[00000654] 0x20210100 	lda	$1,0x0100($1)
	[00000658] 0x24210000 	ldah	$1,0x0000($1)
	[0000065C] 0x482200C1 	extbl	$1,$2,$1
EV56_Detected:
	[00000660] 0x48241721 	sll	$1,0x20,$1
	[00000664] 0x4420F419 	or	$1,0x07,$25
NextLevel:
	[00000668] 0x205F0019 	lda	$2,0x0019($31)
	[0000066C] 0x4BC2F687 	srl	$30,0x17,$7
	[00000670] 0x44E752C2 	cmovlbc	$7,0x3a,$2
	[00000674] 0x47E20402 	or	$31,$2,$2
	[00000678] 0xD3A00084 	bsr	$29,.+0x00000210
	[0000067C] 0x46940401 	or	$20,$20,$1
	[00000680] 0x46B50402 	or	$21,$21,$2
	[00000684] 0x46D60403 	or	$22,$22,$3
	[00000688] 0x21FF0000 	lda	$15,0x0000($31)
	[0000068C] 0x25EF5600 	ldah	$15,0x5600($15)
	[00000690] 0x49E4172F 	sll	$15,0x20,$15
	[00000694] 0x21EF0101 	lda	$15,0x0101($15)
	[00000698] 0x25EF0101 	ldah	$15,0x0101($15)
	[0000069C] 0x47390410 	or	$25,$25,$16
	[000006A0] 0x46F70411 	or	$23,$23,$17
	[000006A4] 0x47180412 	or	$24,$24,$18
	[000006A8] 0x227F0001 	lda	$19,0x0001($31)
	[000006AC] 0x2673DECB 	ldah	$19,0xdecb($19)
	[000006B0] 0x4A7E1613 	zap	$19,0xf0,$19
	[000006B4] 0x229F0001 	lda	$20,0x0001($31)
	[000006B8] 0x22BF0000 	lda	$21,0x0000($31)
	[000006BC] 0xF0E00002 	blbs	$7,.+0x00000008
	[000006C0] 0x23BF0000 	lda	$29,0x0000($31)
	[000006C4] 0xD00001DA 	bsr	$0,.+0x00000768
no_minidbg:
	[000006C8] 0x7BFF8000 	hw_rei	
SCacheSets:
	[000006CC] 0x203FF000 	lda	$1,0xf000($31)
	[000006D0] 0x24210001 	ldah	$1,0x0001($1)
	[000006D4] 0x60004000 	mb	
	[000006D8] 0x7C2D90A8 	hw_st/pq	$1,0x00a8($13)
	[000006DC] 0x60004000 	mb	
	[000006E0] 0x6C4D90A8 	hw_ld/pq	$2,0x00a8($13)
	[000006E4] 0x4841B682 	srl	$2,0x0d,$2
	[000006E8] 0x4440F000 	and	$2,0x07,$0
	[000006EC] 0x203F2000 	lda	$1,0x2000($31)
	[000006F0] 0x24210000 	ldah	$1,0x0000($1)
	[000006F4] 0x4000F9A2 	cmplt	$0,0x07,$2
	[000006F8] 0xE4400004 	beq	$2,.+0x00000010
OneSetLoop:
	[000006FC] 0x44020001 	and	$0,$2,$1
	[00000700] 0x48403722 	sll	$2,0x01,$2
	[00000704] 0xE43FFFFD 	beq	$1,.+0x007ffff4
	[00000708] 0x4821B721 	sll	$1,0x0d,$1
AllSetsOn:
	[0000070C] 0x4801B720 	sll	$0,0x0d,$0
	[00000710] 0x6BFC8000 	ret	$31,($28),.+0x000000
BCnfgOff:
	[00000714] 0x48A09721 	sll	$5,0x04,$1
	[00000718] 0x44A10400 	or	$5,$1,$0
	[0000071C] 0x48009720 	sll	$0,0x04,$0
	[00000720] 0x203F0FFF 	lda	$1,0x0fff($31)
	[00000724] 0x46A10101 	andnot	$21,$1,$1
	[00000728] 0x44200400 	or	$1,$0,$0
	[0000072C] 0x6BFC8000 	ret	$31,($28),.+0x000000
BCacheOnOff:
	[00000730] 0x242E1000 	ldah	$1,0x1000($14)
	[00000734] 0x6C018000 	hw_ld/p	$0,0x0000($1)
	[00000738] 0x205F1400 	lda	$2,0x1400($31)
	[0000073C] 0x24420000 	ldah	$2,0x0000($2)
	[00000740] 0x44020100 	andnot	$0,$2,$0
	[00000744] 0xE2600001 	blbc	$19,.+0x00000004
	[00000748] 0x44020400 	or	$0,$2,$0
mcr_bc_off:
	[0000074C] 0x242E1000 	ldah	$1,0x1000($14)
	[00000750] 0x7C018000 	hw_st/p	$0,0x0000($1)
	[00000754] 0x60004000 	mb	
	[00000758] 0x6C018000 	hw_ld/p	$0,0x0000($1)
	[0000075C] 0x6C018200 	hw_ld/p	$0,0x0200($1)
	[00000760] 0x44001100 	andnot	$0,0x00,$0
	[00000764] 0xE2600001 	blbc	$19,.+0x00000004
	[00000768] 0x44001400 	or	$0,0x00,$0
gtr_bc_off:
	[0000076C] 0x7C018200 	hw_st/p	$0,0x0200($1)
	[00000770] 0x60004000 	mb	
	[00000774] 0x6C018200 	hw_ld/p	$0,0x0200($1)
	[00000778] 0x60004000 	mb	
	[0000077C] 0x7E6D9128 	hw_st/pq	$19,0x0128($13)
	[00000780] 0x60004000 	mb	
	[00000784] 0x7E4D91C8 	hw_st/pq	$18,0x01c8($13)
	[00000788] 0x60004000 	mb	
	[0000078C] 0x6BFC8000 	ret	$31,($28),.+0x000000
ClearCPUErrors:
	[00000790] 0x77FF010C 	hw_mtpr	$31,0x0c
	[00000794] 0x67FF0206 	hw_mfpr	$31,0x06
	[00000798] 0x205F3800 	lda	$2,0x3800($31)
	[0000079C] 0x7442011A 	hw_mtpr	$2,0x0a
	[000007A0] 0x205F0003 	lda	$2,0x0003($31)
	[000007A4] 0x74420212 	hw_mtpr	$2,0x02
	[000007A8] 0x245F3800 	ldah	$2,0x3800($31)
	[000007AC] 0x74420115 	hw_mtpr	$2,0x05
	[000007B0] 0x6FED90E8 	hw_ld/pq	$31,0x00e8($13)
	[000007B4] 0x6C0D9168 	hw_ld/pq	$0,0x0168($13)
	[000007B8] 0x6BFC8000 	ret	$31,($28),.+0x000000
ClearMemContErrors:
	[000007BC] 0x60004000 	mb	
	[000007C0] 0x21DF0874 	lda	$14,0x0874($31)
	[000007C4] 0x49C3972E 	sll	$14,0x1c,$14
	[000007C8] 0x204E4000 	lda	$2,0x4000($14)
	[000007CC] 0x20424200 	lda	$2,0x4200($2)
	[000007D0] 0x6C228000 	hw_ld/p	$1,0x0000($2)
	[000007D4] 0x7C228000 	hw_st/p	$1,0x0000($2)
	[000007D8] 0x60004000 	mb	
	[000007DC] 0x6C228000 	hw_ld/p	$1,0x0000($2)
	[000007E0] 0x6BFC8000 	ret	$31,($28),.+0x000000
InitSIO:
	[000007E4] 0x221F0008 	lda	$16,0x0008($31)
	[000007E8] 0xD3A00017 	bsr	$29,.+0x0000005c
	[000007EC] 0x221F03E8 	lda	$16,0x03e8($31)
	[000007F0] 0xD360000B 	bsr	$27,.+0x0000002c
	[000007F4] 0x221F0040 	lda	$16,0x0040($31)
	[000007F8] 0xD3A00013 	bsr	$29,.+0x0000004c
	[000007FC] 0x221F00C0 	lda	$16,0x00c0($31)
	[00000800] 0xD3A00017 	bsr	$29,.+0x0000005c
	[00000804] 0x221F00FF 	lda	$16,0x00ff($31)
	[00000808] 0xD3A00017 	bsr	$29,.+0x0000005c
	[0000080C] 0x221F000C 	lda	$16,0x000c($31)
	[00000810] 0xD3A0000F 	bsr	$29,.+0x0000003c
	[00000814] 0x221F00F0 	lda	$16,0x00f0($31)
	[00000818] 0xD3A0000F 	bsr	$29,.+0x0000003c
	[0000081C] 0x6BFA8000 	ret	$31,($26),.+0x000000
wait_n_cycles:
	[00000820] 0x203F0001 	lda	$1,0x0001($31)
	[00000824] 0x48241721 	sll	$1,0x20,$1
	[00000828] 0x6060C000 	rpcc	$3
time_loop:
	[0000082C] 0x6000C000 	rpcc	$0
	[00000830] 0x40030120 	subl	$0,$3,$0
	[00000834] 0xF8000001 	bge	$0,.+0x00000004
	[00000838] 0x40200400 	addq	$1,$0,$0
nowrap:
	[0000083C] 0x401003A2 	cmpult	$0,$16,$2
	[00000840] 0xF45FFFFA 	bne	$2,.+0x007fffe8
	[00000844] 0x6BFB8000 	ret	$31,($27),.+0x000000
WriteSIO_ICD:
	[00000848] 0x203F004D 	lda	$1,0x004d($31)
	[0000084C] 0xC3E00007 	br	$31,.+0x0000001c
WriteSIO_PAC:
	[00000850] 0x203F0041 	lda	$1,0x0041($31)
	[00000854] 0xC3E00005 	br	$31,.+0x00000014
WriteSIO_PAPC:
	[00000858] 0x203F0042 	lda	$1,0x0042($31)
	[0000085C] 0xC3E00003 	br	$31,.+0x0000000c
WriteSIO_UBCSA:
	[00000860] 0x203F004E 	lda	$1,0x004e($31)
	[00000864] 0xC3E00001 	br	$31,.+0x00000004
WriteSIO_UBCSB:
	[00000868] 0x203F004F 	lda	$1,0x004f($31)
WriteConf:
	[0000086C] 0x44207003 	and	$1,0x03,$3
	[00000870] 0x4A030162 	insbl	$16,$3,$2
	[00000874] 0x4820B721 	sll	$1,0x05,$1
	[00000878] 0x207F0870 	lda	$3,0x0870($31)
	[0000087C] 0x48639723 	sll	$3,0x1c,$3
	[00000880] 0x261F0008 	ldah	$16,0x0008($31)
	[00000884] 0x44700403 	or	$3,$16,$3
	[00000888] 0xC3E00021 	br	$31,.+0x00000084
WriteLEDS:
	[0000088C] 0x404415A1 	cmpeq	$2,0x20,$1
	[00000890] 0xF4200008 	bne	$1,.+0x00000020
	[00000894] 0x47BD0401 	or	$29,$29,$1
	[00000898] 0x23BF0003 	lda	$29,0x0003($31)
	[0000089C] 0x239F002E 	lda	$28,0x002e($31)
	[000008A0] 0xD0000163 	bsr	$0,.+0x0000058c
	[000008A4] 0x23BF0007 	lda	$29,0x0007($31)
	[000008A8] 0x47E2041C 	or	$31,$2,$28
	[000008AC] 0xD0000160 	bsr	$0,.+0x00000580
	[000008B0] 0x4421041D 	or	$1,$1,$29
skipSromPort:
	[000008B4] 0x203F0080 	lda	$1,0x0080($31)
	[000008B8] 0xC3E00010 	br	$31,.+0x00000040
WriteFBank:
	[000008BC] 0x203F0800 	lda	$1,0x0800($31)
	[000008C0] 0xC3E0000E 	br	$31,.+0x00000038
WriteSMC_Config1:
WriteSMC_Index1:
	[000008C4] 0x203F0370 	lda	$1,0x0370($31)
	[000008C8] 0xC3E0000B 	br	$31,.+0x0000002c
WriteSMC_Data1:
	[000008CC] 0x203F0371 	lda	$1,0x0371($31)
	[000008D0] 0xC3E00009 	br	$31,.+0x00000024
WriteRTCAddr:
	[000008D4] 0x203F0070 	lda	$1,0x0070($31)
	[000008D8] 0xC3E00007 	br	$31,.+0x0000001c
WriteRTCData:
	[000008DC] 0x203F0071 	lda	$1,0x0071($31)
	[000008E0] 0xC3E00005 	br	$31,.+0x00000014
WriteSIO_NMISC:
	[000008E4] 0x203F0061 	lda	$1,0x0061($31)
	[000008E8] 0xC3E00003 	br	$31,.+0x0000000c
WriteSIO_TMR2:
	[000008EC] 0x203F0042 	lda	$1,0x0042($31)
	[000008F0] 0xC3E00001 	br	$31,.+0x00000004
WriteSIO_TCW:
	[000008F4] 0x203F0043 	lda	$1,0x0043($31)
WriteCont_std:
	[000008F8] 0x46100402 	or	$16,$16,$2
WriteCont:
	[000008FC] 0x44207003 	and	$1,0x03,$3
	[00000900] 0x48430162 	insbl	$2,$3,$2
	[00000904] 0x4820B721 	sll	$1,0x05,$1
	[00000908] 0x207F0858 	lda	$3,0x0858($31)
	[0000090C] 0x48639723 	sll	$3,0x1c,$3
WriteData:
	[00000910] 0x44230401 	or	$1,$3,$1
	[00000914] 0x7C418000 	hw_st/p	$2,0x0000($1)
	[00000918] 0x60004000 	mb	
	[0000091C] 0x6BFD8000 	ret	$31,($29),.+0x000000
ReadRTCData:
	[00000920] 0x203F0071 	lda	$1,0x0071($31)
	[00000924] 0xC3E00003 	br	$31,.+0x0000000c
ReadConf2:
	[00000928] 0x203F0802 	lda	$1,0x0802($31)
	[0000092C] 0xC3E00001 	br	$31,.+0x00000004
ReadConf1:
	[00000930] 0x203F0801 	lda	$1,0x0801($31)
ReadCont:
	[00000934] 0x4820B722 	sll	$1,0x05,$2
	[00000938] 0x207F0858 	lda	$3,0x0858($31)
	[0000093C] 0x48639723 	sll	$3,0x1c,$3
ReadData:
	[00000940] 0x44430402 	or	$2,$3,$2
	[00000944] 0x6C028000 	hw_ld/p	$0,0x0000($2)
	[00000948] 0x44207001 	and	$1,0x03,$1
	[0000094C] 0x480100C0 	extbl	$0,$1,$0
	[00000950] 0x6BFD8000 	ret	$31,($29),.+0x000000
intdivide:
	[00000954] 0x47FF0400 	or	$31,$31,$0
	[00000958] 0x423009A1 	cmplt	$17,$16,$1
	[0000095C] 0xF420000A 	bne	$1,.+0x00000028
divide:
	[00000960] 0x203F0001 	lda	$1,0x0001($31)
divide1:
	[00000964] 0x40010404 	addq	$0,$1,$4
	[00000968] 0x4C900402 	mulq	$4,$16,$2
	[0000096C] 0x48203721 	sll	$1,0x01,$1
	[00000970] 0x405109A3 	cmplt	$2,$17,$3
	[00000974] 0xF47FFFFB 	bne	$3,.+0x007fffec
	[00000978] 0x48205681 	srl	$1,0x02,$1
	[0000097C] 0x40010400 	addq	$0,$1,$0
	[00000980] 0x402059A3 	cmplt	$1,0x02,$3
	[00000984] 0xE47FFFF6 	beq	$3,.+0x007fffd8
divide_done:
	[00000988] 0x6BFB8000 	ret	$31,($27),.+0x000000
updivide:
	[0000098C] 0xD37FFFF1 	bsr	$27,.+0x007fffc4
	[00000990] 0x4E000401 	mulq	$16,$0,$1
	[00000994] 0x403109A2 	cmplt	$1,$17,$2
	[00000998] 0xE0400001 	blbc	$2,.+0x00000004
	[0000099C] 0x40003400 	addq	$0,0x01,$0
updivide_done:
	[000009A0] 0x6BFA8000 	ret	$31,($26),.+0x000000
nintdivide:
	[000009A4] 0xD37FFFEB 	bsr	$27,.+0x007fffac
	[000009A8] 0x4E000401 	mulq	$16,$0,$1
	[000009AC] 0x403109A2 	cmplt	$1,$17,$2
	[000009B0] 0xE0400007 	blbc	$2,.+0x0000001c
	[000009B4] 0x40003400 	addq	$0,0x01,$0
	[000009B8] 0x4E000402 	mulq	$16,$0,$2
	[000009BC] 0x40510522 	subq	$2,$17,$2
	[000009C0] 0x42210523 	subq	$17,$1,$3
	[000009C4] 0x406209A1 	cmplt	$3,$2,$1
	[000009C8] 0xE0200001 	blbc	$1,.+0x00000004
	[000009CC] 0x40003520 	subq	$0,0x01,$0
nintdivide_done:
	[000009D0] 0x6BFA8000 	ret	$31,($26),.+0x000000
srom_wrtest:
	[000009D4] 0x4A3E1611 	zap	$17,0xf0,$17
	[000009D8] 0x7E308000 	hw_st/p	$17,0x0000($16)
	[000009DC] 0x60004000 	mb	
srom_rdtest:
	[000009E0] 0x6E508000 	hw_ld/p	$18,0x0000($16)
	[000009E4] 0x4A5E1612 	zap	$18,0xf0,$18
	[000009E8] 0x46510813 	xor	$18,$17,$19
	[000009EC] 0x6BFA8000 	ret	$31,($26),.+0x000000
FatalError:
	[000009F0] 0x47E7F402 	or	$31,0x3f,$2
	[000009F4] 0xD3BFFFA5 	bsr	$29,.+0x007ffe94
	[000009F8] 0x223F01F4 	lda	$17,0x01f4($31)
	[000009FC] 0xD3600035 	bsr	$27,.+0x000000d4
	[00000A00] 0x47E80402 	or	$31,$8,$2
	[00000A04] 0xD3BFFFA1 	bsr	$29,.+0x007ffe84
	[00000A08] 0x45080413 	or	$8,$8,$19
	[00000A0C] 0xD3800007 	bsr	$28,.+0x0000001c
	[00000A10] 0x223F03E8 	lda	$17,0x03e8($31)
	[00000A14] 0xD360002F 	bsr	$27,.+0x000000bc
	[00000A18] 0x4BC2F681 	srl	$30,0x17,$1
	[00000A1C] 0xF03FFFF4 	blbs	$1,.+0x007fffd0
	[00000A20] 0x23BF0000 	lda	$29,0x0000($31)
	[00000A24] 0xD0000102 	bsr	$0,.+0x00000408
	[00000A28] 0xC3FFFFF1 	br	$31,.+0x007fffc4
Beep:
	[00000A2C] 0x221F0003 	lda	$16,0x0003($31)
	[00000A30] 0xD3BFFFAC 	bsr	$29,.+0x007ffeb0
	[00000A34] 0x221F00B6 	lda	$16,0x00b6($31)
	[00000A38] 0xD3BFFFAE 	bsr	$29,.+0x007ffeb8
	[00000A3C] 0x221F00E2 	lda	$16,0x00e2($31)
	[00000A40] 0xD3BFFFAA 	bsr	$29,.+0x007ffea8
	[00000A44] 0x221F0003 	lda	$16,0x0003($31)
	[00000A48] 0xD3BFFFA8 	bsr	$29,.+0x007ffea0
	[00000A4C] 0x223F0064 	lda	$17,0x0064($31)
	[00000A50] 0xD3600020 	bsr	$27,.+0x00000080
	[00000A54] 0x221F00B2 	lda	$16,0x00b2($31)
	[00000A58] 0xD3BFFFA6 	bsr	$29,.+0x007ffe98
	[00000A5C] 0x221F0000 	lda	$16,0x0000($31)
	[00000A60] 0xD3BFFFA2 	bsr	$29,.+0x007ffe88
	[00000A64] 0xD3BFFFA1 	bsr	$29,.+0x007ffe84
	[00000A68] 0xD3BFFF9E 	bsr	$29,.+0x007ffe78
	[00000A6C] 0x223F0064 	lda	$17,0x0064($31)
	[00000A70] 0xD3600018 	bsr	$27,.+0x00000060
	[00000A74] 0x42603533 	subq	$19,0x01,$19
	[00000A78] 0xF67FFFEC 	bne	$19,.+0x007fffb0
	[00000A7C] 0x6BFC8000 	ret	$31,($28),.+0x000000
GetCPUSpeed:
	[00000A80] 0x221F000A 	lda	$16,0x000a($31)
	[00000A84] 0xD3BFFF93 	bsr	$29,.+0x007ffe4c
	[00000A88] 0x221F0027 	lda	$16,0x0027($31)
	[00000A8C] 0xD3BFFF93 	bsr	$29,.+0x007ffe4c
	[00000A90] 0x221F000B 	lda	$16,0x000b($31)
	[00000A94] 0xD3BFFF8F 	bsr	$29,.+0x007ffe3c
	[00000A98] 0x221F0046 	lda	$16,0x0046($31)
	[00000A9C] 0xD3BFFF8F 	bsr	$29,.+0x007ffe3c
	[00000AA0] 0x223F000A 	lda	$17,0x000a($31)
	[00000AA4] 0xD360000B 	bsr	$27,.+0x0000002c
	[00000AA8] 0x223F0040 	lda	$17,0x0040($31)
	[00000AAC] 0x6080C000 	rpcc	$4
	[00000AB0] 0xD3600008 	bsr	$27,.+0x00000020
	[00000AB4] 0x6000C000 	rpcc	$0
	[00000AB8] 0x40040120 	subl	$0,$4,$0
	[00000ABC] 0xF8000003 	bge	$0,.+0x0000000c
	[00000AC0] 0x47E03401 	or	$31,0x01,$1
	[00000AC4] 0x48241721 	sll	$1,0x20,$1
	[00000AC8] 0x40200400 	addq	$1,$0,$0
noshft:
	[00000ACC] 0x48007720 	sll	$0,0x03,$0
	[00000AD0] 0x6BFC8000 	ret	$31,($28),.+0x000000
wait_for_pif:
	[00000AD4] 0x221F000C 	lda	$16,0x000c($31)
	[00000AD8] 0xD3BFFF7E 	bsr	$29,.+0x007ffdf8
	[00000ADC] 0xD3BFFF90 	bsr	$29,.+0x007ffe40
	[00000AE0] 0x4800D680 	srl	$0,0x06,$0
	[00000AE4] 0xF01FFFFB 	blbs	$0,.+0x007fffec
wait_assert:
	[00000AE8] 0xD3BFFF7A 	bsr	$29,.+0x007ffde8
	[00000AEC] 0xD3BFFF8C 	bsr	$29,.+0x007ffe30
	[00000AF0] 0x4800D680 	srl	$0,0x06,$0
	[00000AF4] 0xE01FFFFC 	blbc	$0,.+0x007ffff0
	[00000AF8] 0x42203531 	subq	$17,0x01,$17
	[00000AFC] 0xF63FFFF5 	bne	$17,.+0x007fffd4
	[00000B00] 0x6BFB8000 	ret	$31,($27),.+0x000000
LoadSystemCode:
	[00000B04] 0x215F0104 	lda	$10,0x0104($31)
	[00000B08] 0x203F0204 	lda	$1,0x0204($31)
	[00000B0C] 0x4A031680 	srl	$16,0x18,$0
	[00000B10] 0x440102CA 	cmovlbc	$0,$1,$10
scanROM:
	[00000B14] 0x47FF040C 	or	$31,$31,$12
	[00000B18] 0x47FF0406 	or	$31,$31,$6
rescanROM:
	[00000B1C] 0x44C60411 	or	$6,$6,$17
	[00000B20] 0x47FF0407 	or	$31,$31,$7
	[00000B24] 0x4540310A 	andnot	$10,0x01,$10
	[00000B28] 0x201F0000 	lda	$0,0x0000($31)
	[00000B2C] 0x24000010 	ldah	$0,0x0010($0)
	[00000B30] 0x422003A0 	cmpult	$17,$0,$0
	[00000B34] 0xF0000007 	blbs	$0,.+0x0000001c
DoneWithROM:
	[00000B38] 0x45409000 	and	$10,0x04,$0
	[00000B3C] 0xE4000046 	beq	$0,.+0x00000118
	[00000B40] 0x45411000 	and	$10,0x08,$0
	[00000B44] 0x215F0108 	lda	$10,0x0108($31)
	[00000B48] 0xF41FFFF2 	bne	$0,.+0x007fffc8
	[00000B4C] 0x4540940A 	or	$10,0x04,$10
	[00000B50] 0xC3FFFFF0 	br	$31,.+0x007fffc0
ValidationPattern:
	[00000B54] 0xD380007B 	bsr	$28,.+0x000001ec
	[00000B58] 0x46310406 	or	$17,$17,$6
	[00000B5C] 0x203FC3C3 	lda	$1,0xc3c3($31)
	[00000B60] 0x24215A5B 	ldah	$1,0x5a5b($1)
	[00000B64] 0x400105A1 	cmpeq	$0,$1,$1
	[00000B68] 0xF4200005 	bne	$1,.+0x00000014
	[00000B6C] 0x203FC3E0 	lda	$1,0xc3e0($31)
	[00000B70] 0x24210001 	ldah	$1,0x0001($1)
	[00000B74] 0x480052C0 	extwl	$0,0x02,$0
	[00000B78] 0x400105A0 	cmpeq	$0,$1,$0
	[00000B7C] 0xE41FFFE7 	beq	$0,.+0x007fff9c
InversePattern:
	[00000B80] 0xD3800070 	bsr	$28,.+0x000001c0
	[00000B84] 0x203F3C3C 	lda	$1,0x3c3c($31)
	[00000B88] 0x2421A5A5 	ldah	$1,0xa5a5($1)
	[00000B8C] 0x483E1601 	zap	$1,0xf0,$1
	[00000B90] 0x400105A0 	cmpeq	$0,$1,$0
	[00000B94] 0xE41FFFE1 	beq	$0,.+0x007fff84
HeaderSize:
	[00000B98] 0xD380006A 	bsr	$28,.+0x000001a8
	[00000B9C] 0x400699A1 	cmplt	$0,0x34,$1
	[00000BA0] 0x4541040A 	or	$10,$1,$10
	[00000BA4] 0xF140000C 	blbs	$10,.+0x00000030
	[00000BA8] 0x40021525 	subq	$0,0x10,$5
	[00000BAC] 0x48A05685 	srl	$5,0x02,$5
HeaderCheckSum:
	[00000BB0] 0xD3800064 	bsr	$28,.+0x00000190
	[00000BB4] 0x40A03525 	subq	$5,0x01,$5
	[00000BB8] 0xF4BFFFFD 	bne	$5,.+0x007ffff4
	[00000BBC] 0x44E70405 	or	$7,$7,$5
	[00000BC0] 0xD3800060 	bsr	$28,.+0x00000180
	[00000BC4] 0x40C11411 	addq	$6,0x08,$17
	[00000BC8] 0x49405681 	srl	$10,0x02,$1
	[00000BCC] 0xE0200002 	blbc	$1,.+0x00000008
	[00000BD0] 0x400505A0 	cmpeq	$0,$5,$0
	[00000BD4] 0xE41FFFD1 	beq	$0,.+0x007fff44
HeaderIsValid:
	[00000BD8] 0x4180340C 	addq	$12,0x01,$12
	[00000BDC] 0xD3800059 	bsr	$28,.+0x00000164
	[00000BE0] 0x4400040B 	or	$0,$0,$11
	[00000BE4] 0xD3800057 	bsr	$28,.+0x0000015c
	[00000BE8] 0x44000409 	or	$0,$0,$9
	[00000BEC] 0xD3800055 	bsr	$28,.+0x00000154
	[00000BF0] 0x44000405 	or	$0,$0,$5
	[00000BF4] 0xD3800053 	bsr	$28,.+0x0000014c
	[00000BF8] 0x44000408 	or	$0,$0,$8
	[00000BFC] 0xD3800051 	bsr	$28,.+0x00000144
	[00000C00] 0x48041720 	sll	$0,0x20,$0
	[00000C04] 0x45000408 	or	$8,$0,$8
	[00000C08] 0x49403681 	srl	$10,0x01,$1
	[00000C0C] 0xE0200004 	blbc	$1,.+0x00000010
FirmwareID:
	[00000C10] 0xF15FFFC2 	blbs	$10,.+0x007fff08
	[00000C14] 0x40C39411 	addq	$6,0x1c,$17
	[00000C18] 0xD380004A 	bsr	$28,.+0x00000128
	[00000C1C] 0x480030C1 	extbl	$0,0x01,$1
PositionDependent:
	[00000C20] 0x49403682 	srl	$10,0x01,$2
	[00000C24] 0x444C02C1 	cmovlbc	$2,$12,$1
	[00000C28] 0x494030C0 	extbl	$10,0x01,$0
	[00000C2C] 0x402005A0 	cmpeq	$1,$0,$0
	[00000C30] 0xE41FFFBA 	beq	$0,.+0x007ffee8
	[00000C34] 0x40C41411 	addq	$6,0x20,$17
	[00000C38] 0xD3800042 	bsr	$28,.+0x00000108
	[00000C3C] 0x454002C9 	cmovlbc	$10,$0,$9
	[00000C40] 0x40C09411 	addq	$6,0x04,$17
	[00000C44] 0xD380003F 	bsr	$28,.+0x000000fc
	[00000C48] 0x40C09531 	subq	$6,0x04,$17
	[00000C4C] 0x40110411 	addq	$0,$17,$17
	[00000C50] 0x42290409 	addq	$17,$9,$9
	[00000C54] 0xC3E00008 	br	$31,.+0x00000020
NoHeader:
	[00000C58] 0x227F0004 	lda	$19,0x0004($31)
	[00000C5C] 0xD39FFF73 	bsr	$28,.+0x007ffdcc
	[00000C60] 0x47FF0408 	or	$31,$31,$8
	[00000C64] 0x47FF0405 	or	$31,$31,$5
	[00000C68] 0x47FF0411 	or	$31,$31,$17
	[00000C6C] 0x213F0000 	lda	$9,0x0000($31)
	[00000C70] 0x25290010 	ldah	$9,0x0010($9)
	[00000C74] 0x4540910A 	andnot	$10,0x04,$10
headerEnd:
	[00000C78] 0x45080419 	or	$8,$8,$25
	[00000C7C] 0x47FF0407 	or	$31,$31,$7
	[00000C80] 0xF0A00008 	blbs	$5,.+0x00000020
	[00000C84] 0x47E2B402 	or	$31,0x15,$2
	[00000C88] 0xD3BFFF00 	bsr	$29,.+0x007ffc00
LoadUncomp:
	[00000C8C] 0xD380002D 	bsr	$28,.+0x000000b4
	[00000C90] 0x7C088000 	hw_st/p	$0,0x0000($8)
	[00000C94] 0x41009408 	addq	$8,0x04,$8
	[00000C98] 0x422903A0 	cmpult	$17,$9,$0
	[00000C9C] 0xF41FFFFB 	bne	$0,.+0x007fffec
	[00000CA0] 0xC3E00010 	br	$31,.+0x00000040
LoadComp:
	[00000CA4] 0x47E2D402 	or	$31,0x16,$2
	[00000CA8] 0xD3BFFEF8 	bsr	$29,.+0x007ffbe0
	[00000CAC] 0x47E09412 	or	$31,0x04,$18
	[00000CB0] 0xD340004D 	bsr	$26,.+0x00000134
LoadCInit:
	[00000CB4] 0x47FF041B 	or	$31,$31,$27
	[00000CB8] 0x47FF0405 	or	$31,$31,$5
LoadCLoop:
	[00000CBC] 0xD3400040 	bsr	$26,.+0x00000100
	[00000CC0] 0x4A050160 	insbl	$16,$5,$0
	[00000CC4] 0x441B041B 	or	$0,$27,$27
	[00000CC8] 0x40A03405 	addq	$5,0x01,$5
	[00000CCC] 0x40A095A0 	cmpeq	$5,0x04,$0
	[00000CD0] 0xE41FFFFA 	beq	$0,.+0x007fffe8
	[00000CD4] 0x7F688000 	hw_st/p	$27,0x0000($8)
	[00000CD8] 0x41009408 	addq	$8,0x04,$8
	[00000CDC] 0xF67FFFF5 	bne	$19,.+0x007fffd4
DecompressionDone:
	[00000CE0] 0x20BF0001 	lda	$5,0x0001($31)
ImageCheckSums:
	[00000CE4] 0xF1400016 	blbs	$10,.+0x00000058
	[00000CE8] 0x49405680 	srl	$10,0x02,$0
	[00000CEC] 0xE0000014 	blbc	$0,.+0x00000050
	[00000CF0] 0x40EB05A1 	cmpeq	$7,$11,$1
	[00000CF4] 0xE4200010 	beq	$1,.+0x00000040
	[00000CF8] 0xF0A00011 	blbs	$5,.+0x00000044
	[00000CFC] 0x241F0100 	ldah	$0,0x0100($31)
flush:
	[00000D00] 0x6FE09000 	hw_ld/pq	$31,0x0000($0)
	[00000D04] 0x40041520 	subq	$0,0x20,$0
	[00000D08] 0xF81FFFFD 	bge	$0,.+0x007ffff4
	[00000D0C] 0x47FF0407 	or	$31,$31,$7
	[00000D10] 0x47390411 	or	$25,$25,$17
secondcheck:
	[00000D14] 0x6C118000 	hw_ld/p	$0,0x0000($17)
	[00000D18] 0xD380001C 	bsr	$28,.+0x00000070
	[00000D1C] 0x42209411 	addq	$17,0x04,$17
	[00000D20] 0x422803A1 	cmpult	$17,$8,$1
	[00000D24] 0xF43FFFFB 	bne	$1,.+0x007fffec
	[00000D28] 0x40EB05A1 	cmpeq	$7,$11,$1
	[00000D2C] 0xF4200004 	bne	$1,.+0x00000010
	[00000D30] 0x211F0006 	lda	$8,0x0006($31)
	[00000D34] 0xC3FFFF2E 	br	$31,.+0x007ffcb8
SumMismatch:
	[00000D38] 0x4180352C 	subq	$12,0x01,$12
	[00000D3C] 0xC3FFFF77 	br	$31,.+0x007ffddc
codeLoaded:
	[00000D40] 0x6BEE8000 	ret	$31,($14),.+0x000000
read_flash:
	[00000D44] 0x241F0010 	ldah	$0,0x0010($31)
	[00000D48] 0x422003A0 	cmpult	$17,$0,$0
	[00000D4C] 0x44110486 	cmoveq	$0,$17,$6
	[00000D50] 0xE41FFF72 	beq	$0,.+0x007ffdc8
	[00000D54] 0x241F0008 	ldah	$0,0x0008($31)
	[00000D58] 0x40110DA2 	cmple	$0,$17,$2
	[00000D5C] 0x48427723 	sll	$2,0x13,$3
	[00000D60] 0x42230524 	subq	$17,$3,$4
	[00000D64] 0xD3BFFED5 	bsr	$29,.+0x007ffb54
	[00000D68] 0x241FFFF8 	ldah	$0,0xfff8($31)
	[00000D6C] 0x481E1600 	zap	$0,0xf0,$0
	[00000D70] 0x40800404 	addq	$4,$0,$4
	[00000D74] 0x201F0860 	lda	$0,0x0860($31)
	[00000D78] 0x48039720 	sll	$0,0x1c,$0
	[00000D7C] 0x40040404 	addq	$0,$4,$4
	[00000D80] 0x6C048000 	hw_ld/p	$0,0x0000($4)
	[00000D84] 0x481E1600 	zap	$0,0xf0,$0
	[00000D88] 0x42209411 	addq	$17,0x04,$17
ComputeCheckSum:
	[00000D8C] 0x205F0000 	lda	$2,0x0000($31)
CheckSumLoop:
	[00000D90] 0x48E03683 	srl	$7,0x01,$3
	[00000D94] 0x209F8000 	lda	$4,0x8000($31)
	[00000D98] 0x24840001 	ldah	$4,0x0001($4)
	[00000D9C] 0x40640404 	addq	$3,$4,$4
	[00000DA0] 0x44E40283 	cmovlbs	$7,$4,$3
	[00000DA4] 0x480200C4 	extbl	$0,$2,$4
	[00000DA8] 0x40640407 	addq	$3,$4,$7
	[00000DAC] 0x48E07627 	zapnot	$7,0x03,$7
	[00000DB0] 0x40403402 	addq	$2,0x01,$2
	[00000DB4] 0x404095A4 	cmpeq	$2,0x04,$4
	[00000DB8] 0xE49FFFF5 	beq	$4,.+0x007fffd4
	[00000DBC] 0x6BFC8000 	ret	$31,($28),.+0x000000
getByte:
	[00000DC0] 0xEA600005 	blt	$19,.+0x00000014
	[00000DC4] 0xD380000E 	bsr	$28,.+0x00000038
	[00000DC8] 0x44420410 	or	$2,$2,$16
	[00000DCC] 0x2273FFFF 	lda	$19,0xffff($19)
	[00000DD0] 0xE6600005 	beq	$19,.+0x00000014
	[00000DD4] 0x6BFA8000 	ret	$31,($26),.+0x000000
repByte:
	[00000DD8] 0x44420410 	or	$2,$2,$16
	[00000DDC] 0x22730001 	lda	$19,0x0001($19)
	[00000DE0] 0xE6600001 	beq	$19,.+0x00000004
	[00000DE4] 0x6BFA8000 	ret	$31,($26),.+0x000000
getRecord:
	[00000DE8] 0xD3800005 	bsr	$28,.+0x00000014
	[00000DEC] 0x48471733 	sll	$2,0x38,$19
	[00000DF0] 0x4A671793 	sra	$19,0x38,$19
	[00000DF4] 0xFA600001 	bge	$19,.+0x00000004
	[00000DF8] 0xD3800001 	bsr	$28,.+0x00000004
norepeat:
	[00000DFC] 0x6BFA8000 	ret	$31,($26),.+0x000000
ReadFByte:
	[00000E00] 0x424095A0 	cmpeq	$18,0x04,$0
	[00000E04] 0xE4000007 	beq	$0,.+0x0000001c
	[00000E08] 0x422903A0 	cmpult	$17,$9,$0
	[00000E0C] 0xE41FFFB4 	beq	$0,.+0x007ffed0
	[00000E10] 0x47FF0412 	or	$31,$31,$18
	[00000E14] 0x479C040F 	or	$28,$28,$15
	[00000E18] 0xD39FFFCA 	bsr	$28,.+0x007fff28
	[00000E1C] 0x45EF041C 	or	$15,$15,$28
	[00000E20] 0x4400040F 	or	$0,$0,$15
skipRd:
	[00000E24] 0x49F200C2 	extbl	$15,$18,$2
	[00000E28] 0x22520001 	lda	$18,0x0001($18)
	[00000E2C] 0x6BFC8000 	ret	$31,($28),.+0x000000
Symbols
	TEXT		other = 0x00000000  desc = 0x00000000  value = 0x00000000  initIPRs
	TEXT		other = 0x00000000  desc = 0x00000000  value = 0x00000060  initGlobals
	TEXT		other = 0x00000000  desc = 0x00000000  value = 0x00000790  ClearCPUErrors
	TEXT		other = 0x00000000  desc = 0x00000000  value = 0x00000074  SetScache
	TEXT		other = 0x00000000  desc = 0x00000000  value = 0x000006CC  SCacheSets
	TEXT		other = 0x00000000  desc = 0x00000000  value = 0x00000820  wait_n_cycles
	TEXT		other = 0x00000000  desc = 0x00000000  value = 0x000000F4  InitPCI
	TEXT		other = 0x00000000  desc = 0x00000000  value = 0x00000108  wbase_loop
	TEXT		other = 0x00000000  desc = 0x00000000  value = 0x000009D4  srom_wrtest
	TEXT		other = 0x00000000  desc = 0x00000000  value = 0x000007E4  InitSIO
	TEXT		other = 0x00000000  desc = 0x00000000  value = 0x0000088C  WriteLEDS
	TEXT		other = 0x00000000  desc = 0x00000000  value = 0x00000178  InitSMC
	TEXT		other = 0x00000000  desc = 0x00000000  value = 0x000008C4  WriteSMC_Config1
	TEXT		other = 0x00000000  desc = 0x00000000  value = 0x000008C4  WriteSMC_Index1
	TEXT		other = 0x00000000  desc = 0x00000000  value = 0x000008CC  WriteSMC_Data1
	TEXT		other = 0x00000000  desc = 0x00000000  value = 0x000001BC  DetectSpeed
	TEXT		other = 0x00000000  desc = 0x00000000  value = 0x00000A80  GetCPUSpeed
	TEXT		other = 0x00000000  desc = 0x00000000  value = 0x000009A4  nintdivide
	TEXT		other = 0x00000000  desc = 0x00000000  value = 0x00000E30  minidebugger
	TEXT		other = 0x00000000  desc = 0x00000000  value = 0x00000228  ReadConfigJumpers
	TEXT		other = 0x00000000  desc = 0x00000000  value = 0x00000930  ReadConf1
	TEXT		other = 0x00000000  desc = 0x00000000  value = 0x0000031C  SkipCpuSpeeds
	TEXT		other = 0x00000000  desc = 0x00000000  value = 0x00000348  CpuSpeedOK
	TEXT		other = 0x00000000  desc = 0x00000000  value = 0x00000340  CpuSpeedError
	TEXT		other = 0x00000000  desc = 0x00000000  value = 0x000009F0  FatalError
	TEXT		other = 0x00000000  desc = 0x00000000  value = 0x00000348  set_bc_size
	TEXT		other = 0x00000000  desc = 0x00000000  value = 0x0000036C  bc_enabled
	TEXT		other = 0x00000000  desc = 0x00000000  value = 0x00000364  bc_disabled
	TEXT		other = 0x00000000  desc = 0x00000000  value = 0x00000714  BCnfgOff
	TEXT		other = 0x00000000  desc = 0x00000000  value = 0x00000420  ForceRef
	TEXT		other = 0x00000000  desc = 0x00000000  value = 0x0000042C  ForceRefWait
	TEXT		other = 0x00000000  desc = 0x00000000  value = 0x0000045C  ForceRef1
	TEXT		other = 0x00000000  desc = 0x00000000  value = 0x00000468  ForceRefWait1
	TEXT		other = 0x00000000  desc = 0x00000000  value = 0x00000730  BCacheOnOff
	TEXT		other = 0x00000000  desc = 0x00000000  value = 0x00000540  SweepMemory
	TEXT		other = 0x00000000  desc = 0x00000000  value = 0x00000544  SweepMemory1
	TEXT		other = 0x00000000  desc = 0x00000000  value = 0x000007BC  ClearMemContErrors
	TEXT		other = 0x00000000  desc = 0x00000000  value = 0x0000057C  SweepMemory2
	TEXT		other = 0x00000000  desc = 0x00000000  value = 0x00000B04  LoadSystemCode
	TEXT		other = 0x00000000  desc = 0x00000000  value = 0x00000610  loadInst
	TEXT		other = 0x00000000  desc = 0x00000000  value = 0x00000660  EV56_Detected
	TEXT		other = 0x00000000  desc = 0x00000000  value = 0x00000668  NextLevel
	TEXT		other = 0x00000000  desc = 0x00000000  value = 0x000006C8  no_minidbg
	TEXT		other = 0x00000000  desc = 0x00000000  value = 0x0000070C  AllSetsOn
	TEXT		other = 0x00000000  desc = 0x00000000  value = 0x000006FC  OneSetLoop
	TEXT		other = 0x00000000  desc = 0x00000000  value = 0x0000074C  mcr_bc_off
	TEXT		other = 0x00000000  desc = 0x00000000  value = 0x0000076C  gtr_bc_off
	TEXT		other = 0x00000000  desc = 0x00000000  value = 0x00000848  WriteSIO_ICD
	TEXT		other = 0x00000000  desc = 0x00000000  value = 0x00000860  WriteSIO_UBCSA
	TEXT		other = 0x00000000  desc = 0x00000000  value = 0x00000868  WriteSIO_UBCSB
	TEXT		other = 0x00000000  desc = 0x00000000  value = 0x00000850  WriteSIO_PAC
	TEXT		other = 0x00000000  desc = 0x00000000  value = 0x00000858  WriteSIO_PAPC
	TEXT		other = 0x00000000  desc = 0x00000000  value = 0x0000082C  time_loop
	TEXT		other = 0x00000000  desc = 0x00000000  value = 0x0000083C  nowrap
	TEXT		other = 0x00000000  desc = 0x00000000  value = 0x0000086C  WriteConf
	TEXT		other = 0x00000000  desc = 0x00000000  value = 0x00000910  WriteData
	TEXT		other = 0x00000000  desc = 0x00000000  value = 0x000008B4  skipSromPort
	TEXT		other = 0x00000000  desc = 0x00000000  value = 0x000008FC  WriteCont
	TEXT		other = 0x00000000  desc = 0x00000000  value = 0x000008BC  WriteFBank
	TEXT		other = 0x00000000  desc = 0x00000000  value = 0x000008F8  WriteCont_std
	TEXT		other = 0x00000000  desc = 0x00000000  value = 0x000008D4  WriteRTCAddr
	TEXT		other = 0x00000000  desc = 0x00000000  value = 0x000008DC  WriteRTCData
	TEXT		other = 0x00000000  desc = 0x00000000  value = 0x000008E4  WriteSIO_NMISC
	TEXT		other = 0x00000000  desc = 0x00000000  value = 0x000008EC  WriteSIO_TMR2
	TEXT		other = 0x00000000  desc = 0x00000000  value = 0x000008F4  WriteSIO_TCW
	TEXT		other = 0x00000000  desc = 0x00000000  value = 0x00000920  ReadRTCData
	TEXT		other = 0x00000000  desc = 0x00000000  value = 0x00000934  ReadCont
	TEXT		other = 0x00000000  desc = 0x00000000  value = 0x00000928  ReadConf2
	TEXT		other = 0x00000000  desc = 0x00000000  value = 0x00000940  ReadData
	TEXT		other = 0x00000000  desc = 0x00000000  value = 0x00000954  intdivide
	TEXT		other = 0x00000000  desc = 0x00000000  value = 0x00000988  divide_done
	TEXT		other = 0x00000000  desc = 0x00000000  value = 0x00000960  divide
	TEXT		other = 0x00000000  desc = 0x00000000  value = 0x00000964  divide1
	TEXT		other = 0x00000000  desc = 0x00000000  value = 0x0000098C  updivide
	TEXT		other = 0x00000000  desc = 0x00000000  value = 0x000009A0  updivide_done
	TEXT		other = 0x00000000  desc = 0x00000000  value = 0x000009D0  nintdivide_done
	TEXT		other = 0x00000000  desc = 0x00000000  value = 0x000009E0  srom_rdtest
	TEXT		other = 0x00000000  desc = 0x00000000  value = 0x00000AD4  wait_for_pif
	TEXT		other = 0x00000000  desc = 0x00000000  value = 0x00000A2C  Beep
	TEXT		other = 0x00000000  desc = 0x00000000  value = 0x00000ACC  noshft
	TEXT		other = 0x00000000  desc = 0x00000000  value = 0x00000AE8  wait_assert
	TEXT		other = 0x00000000  desc = 0x00000000  value = 0x00000B14  scanROM
	TEXT		other = 0x00000000  desc = 0x00000000  value = 0x00000B1C  rescanROM
	TEXT		other = 0x00000000  desc = 0x00000000  value = 0x00000B54  ValidationPattern
	TEXT		other = 0x00000000  desc = 0x00000000  value = 0x00000B38  DoneWithROM
	TEXT		other = 0x00000000  desc = 0x00000000  value = 0x00000C58  NoHeader
	TEXT		other = 0x00000000  desc = 0x00000000  value = 0x00000D44  read_flash
	TEXT		other = 0x00000000  desc = 0x00000000  value = 0x00000B80  InversePattern
	TEXT		other = 0x00000000  desc = 0x00000000  value = 0x00000B98  HeaderSize
	TEXT		other = 0x00000000  desc = 0x00000000  value = 0x00000BD8  HeaderIsValid
	TEXT		other = 0x00000000  desc = 0x00000000  value = 0x00000BB0  HeaderCheckSum
	TEXT		other = 0x00000000  desc = 0x00000000  value = 0x00000C20  PositionDependent
	TEXT		other = 0x00000000  desc = 0x00000000  value = 0x00000C10  FirmwareID
	TEXT		other = 0x00000000  desc = 0x00000000  value = 0x00000C78  headerEnd
	TEXT		other = 0x00000000  desc = 0x00000000  value = 0x00000CA4  LoadComp
	TEXT		other = 0x00000000  desc = 0x00000000  value = 0x00000C8C  LoadUncomp
	TEXT		other = 0x00000000  desc = 0x00000000  value = 0x00000CE4  ImageCheckSums
	TEXT		other = 0x00000000  desc = 0x00000000  value = 0x00000DE8  getRecord
	TEXT		other = 0x00000000  desc = 0x00000000  value = 0x00000CB4  LoadCInit
	TEXT		other = 0x00000000  desc = 0x00000000  value = 0x00000CBC  LoadCLoop
	TEXT		other = 0x00000000  desc = 0x00000000  value = 0x00000DC0  getByte
	TEXT		other = 0x00000000  desc = 0x00000000  value = 0x00000CE0  DecompressionDone
	TEXT		other = 0x00000000  desc = 0x00000000  value = 0x00000D40  codeLoaded
	TEXT		other = 0x00000000  desc = 0x00000000  value = 0x00000D38  SumMismatch
	TEXT		other = 0x00000000  desc = 0x00000000  value = 0x00000D00  flush
	TEXT		other = 0x00000000  desc = 0x00000000  value = 0x00000D14  secondcheck
	TEXT		other = 0x00000000  desc = 0x00000000  value = 0x00000D8C  ComputeCheckSum
	TEXT		other = 0x00000000  desc = 0x00000000  value = 0x00000D90  CheckSumLoop
	TEXT		other = 0x00000000  desc = 0x00000000  value = 0x00000DD8  repByte
	TEXT		other = 0x00000000  desc = 0x00000000  value = 0x00000E00  ReadFByte
	TEXT		other = 0x00000000  desc = 0x00000000  value = 0x00000DFC  norepeat
	TEXT		other = 0x00000000  desc = 0x00000000  value = 0x00000E24  skipRd
