a.out file dumper [V2.0]
Dump of a.out object file /sae_users/paradis/sdk-cdbuild/CDIMAGE/ebsdk/ebfw/obj/lx164/lx164_sr.out of size 11894 bytes
	text offset = 80
	data offset = 5808
	text relocation offset = 5808
	data relocation offset = 5808
	symbols offset = 5808
Executable Code
initIPRs:
	[00000000] 0x77FF0210 	hw_mtpr	$31,0x00
	[00000004] 0x77FF0216 	hw_mtpr	$31,0x06
	[00000008] 0x67FF0140 	hw_mfpr/a	$31,$0
	[0000000C] 0x67FF0140 	hw_mfpr/a	$31,$0
	[00000010] 0x67FF0140 	hw_mfpr/a	$31,$0
	[00000014] 0x67FF0140 	hw_mfpr/a	$31,$0
	[00000018] 0x67FF0140 	hw_mfpr/a	$31,$0
	[0000001C] 0x205F0E02 	lda	$2,0x0e02($31)
	[00000020] 0x24420082 	ldah	$2,0x0082($2)
	[00000024] 0x48421722 	sll	$2,0x10,$2
	[00000028] 0x74420118 	hw_mtpr	$2,0x08
	[0000002C] 0x77FF020D 	hw_mtpr	$31,0x0d
	[00000030] 0x203F0001 	lda	$1,0x0001($31)
	[00000034] 0x48241721 	sll	$1,0x20,$1
	[00000038] 0x7421020E 	hw_mtpr	$1,0x0e
	[0000003C] 0x77FF010F 	hw_mtpr	$31,0x0f
	[00000040] 0x77FF0105 	hw_mtpr	$31,0x05
	[00000044] 0x77FF020A 	hw_mtpr	$31,0x0a
	[00000048] 0x77FF0201 	hw_mtpr	$31,0x01
	[0000004C] 0x77FF0200 	hw_mtpr	$31,0x00
	[00000050] 0x77FF0103 	hw_mtpr	$31,0x03
	[00000054] 0x77FF010A 	hw_mtpr	$31,0x0a
	[00000058] 0x77FF0109 	hw_mtpr	$31,0x09
	[0000005C] 0x77FF0108 	hw_mtpr	$31,0x08
initGlobals:
	[00000060] 0x241FFFF0 	ldah	$0,0xfff0($31)
	[00000064] 0x481C160D 	zap	$0,0xe0,$13
	[00000068] 0x21DF0874 	lda	$14,0x0874($31)
	[0000006C] 0x49C3972E 	sll	$14,0x1c,$14
	[00000070] 0xD38003D1 	bsr	$28,.+0x00000f44
SetScache:
	[00000074] 0xD380028D 	bsr	$28,.+0x00000a34
	[00000078] 0x221F1002 	lda	$16,0x1002($31)
	[0000007C] 0x44300410 	or	$1,$16,$16
	[00000080] 0x60004000 	mb	
	[00000084] 0x7E0D90A8 	hw_st/pq	$16,0x00a8($13)
	[00000088] 0x60004000 	mb	
	[0000008C] 0x6C4D90E8 	hw_ld/pq	$2,0x00e8($13)
	[00000090] 0x6C4D9168 	hw_ld/pq	$2,0x0168($13)
	[00000094] 0x221F0D40 	lda	$16,0x0d40($31)
	[00000098] 0x26100003 	ldah	$16,0x0003($16)
	[0000009C] 0xD36003EA 	bsr	$27,.+0x00000fa8
	[000000A0] 0x260E4000 	ldah	$16,0x4000($14)
	[000000A4] 0x21100900 	lda	$8,0x0900($16)
	[000000A8] 0x223FDEAD 	lda	$17,0xdead($31)
	[000000AC] 0x26310001 	ldah	$17,0x0001($17)
	[000000B0] 0x7E288000 	hw_st/p	$17,0x0000($8)
	[000000B4] 0x60004000 	mb	
	[000000B8] 0x221F8480 	lda	$16,0x8480($31)
	[000000BC] 0x2610001F 	ldah	$16,0x001f($16)
	[000000C0] 0xD36003E1 	bsr	$27,.+0x00000f84
	[000000C4] 0x223F0027 	lda	$17,0x0027($31)
	[000000C8] 0x2631AE17 	ldah	$17,0xae17($17)
	[000000CC] 0x260E1000 	ldah	$16,0x1000($14)
	[000000D0] 0x22100500 	lda	$16,0x0500($16)
	[000000D4] 0x7E308000 	hw_st/p	$17,0x0000($16)
	[000000D8] 0x60004000 	mb	
	[000000DC] 0x260E1000 	ldah	$16,0x1000($14)
	[000000E0] 0x21100040 	lda	$8,0x0040($16)
	[000000E4] 0x223F10FF 	lda	$17,0x10ff($31)
	[000000E8] 0x26310000 	ldah	$17,0x0000($17)
	[000000EC] 0x7E288000 	hw_st/p	$17,0x0000($8)
	[000000F0] 0x60004000 	mb	
InitPCI:
	[000000F4] 0x47FF0411 	or	$31,$31,$17
	[000000F8] 0x221F0876 	lda	$16,0x0876($31)
	[000000FC] 0x4A039730 	sll	$16,0x1c,$16
	[00000100] 0x22100400 	lda	$16,0x0400($16)
	[00000104] 0x20FF0004 	lda	$7,0x0004($31)
wbase_loop:
	[00000108] 0xD340043C 	bsr	$26,.+0x000010f0
	[0000010C] 0x22100100 	lda	$16,0x0100($16)
	[00000110] 0x20E7FFFF 	lda	$7,0xffff($7)
	[00000114] 0xFCFFFFFC 	bgt	$7,.+0x007ffff0
	[00000118] 0x220E2000 	lda	$16,0x2000($14)
	[0000011C] 0xD3400437 	bsr	$26,.+0x000010dc
	[00000120] 0x220E0440 	lda	$16,0x0440($14)
	[00000124] 0xD3400435 	bsr	$26,.+0x000010d4
	[00000128] 0x220E00C0 	lda	$16,0x00c0($14)
	[0000012C] 0x223FFF00 	lda	$17,0xff00($31)
	[00000130] 0x26310001 	ldah	$17,0x0001($17)
	[00000134] 0xD3400431 	bsr	$26,.+0x000010c4
	[00000138] 0x220E0100 	lda	$16,0x0100($14)
	[0000013C] 0x223F00F1 	lda	$17,0x00f1($31)
	[00000140] 0x26310000 	ldah	$17,0x0000($17)
	[00000144] 0xD340042D 	bsr	$26,.+0x000010b4
	[00000148] 0x220E0140 	lda	$16,0x0140($14)
	[0000014C] 0x47E03411 	or	$31,0x01,$17
	[00000150] 0xD340042A 	bsr	$26,.+0x000010a8
	[00000154] 0x220E0200 	lda	$16,0x0200($14)
	[00000158] 0x47FF0411 	or	$31,$31,$17
	[0000015C] 0xD3400427 	bsr	$26,.+0x0000109c
	[00000160] 0x250E6000 	ldah	$8,0x6000($14)
	[00000164] 0x22080140 	lda	$16,0x0140($8)
	[00000168] 0x47E0F411 	or	$31,0x07,$17
	[0000016C] 0xD34003A7 	bsr	$26,.+0x00000e9c
	[00000170] 0x47E41402 	or	$31,0x20,$2
	[00000174] 0xD3A003CF 	bsr	$29,.+0x00000f3c
InitSMC:
	[00000178] 0x221F0055 	lda	$16,0x0055($31)
	[0000017C] 0xD3A003DB 	bsr	$29,.+0x00000f6c
	[00000180] 0xD3A003DA 	bsr	$29,.+0x00000f68
	[00000184] 0x221F0007 	lda	$16,0x0007($31)
	[00000188] 0xD3A003D8 	bsr	$29,.+0x00000f60
	[0000018C] 0x221F0006 	lda	$16,0x0006($31)
	[00000190] 0xD3A003D8 	bsr	$29,.+0x00000f60
	[00000194] 0x221F0070 	lda	$16,0x0070($31)
	[00000198] 0xD3A003D4 	bsr	$29,.+0x00000f50
	[0000019C] 0x221F0008 	lda	$16,0x0008($31)
	[000001A0] 0xD3A003D4 	bsr	$29,.+0x00000f50
	[000001A4] 0x221F0030 	lda	$16,0x0030($31)
	[000001A8] 0xD3A003D0 	bsr	$29,.+0x00000f40
	[000001AC] 0x221F0001 	lda	$16,0x0001($31)
	[000001B0] 0xD3A003D0 	bsr	$29,.+0x00000f40
	[000001B4] 0x221F00AA 	lda	$16,0x00aa($31)
	[000001B8] 0xD3A003CC 	bsr	$29,.+0x00000f30
DetectSpeed:
	[000001BC] 0xD380043A 	bsr	$28,.+0x000010e8
	[000001C0] 0x44000411 	or	$0,$0,$17
	[000001C4] 0x221F2580 	lda	$16,0x2580($31)
	[000001C8] 0xD3400400 	bsr	$26,.+0x00001000
	[000001CC] 0x23BF0005 	lda	$29,0x0005($31)
	[000001D0] 0x47E0041C 	or	$31,$0,$28
	[000001D4] 0xD0000520 	bsr	$0,.+0x00001480
	[000001D8] 0x23BF0001 	lda	$29,0x0001($31)
	[000001DC] 0x239F3631 	lda	$28,0x3631($31)
	[000001E0] 0x279C4134 	ldah	$28,0x4134($28)
	[000001E4] 0x4B84173C 	sll	$28,0x20,$28
	[000001E8] 0x239C0D0A 	lda	$28,0x0d0a($28)
	[000001EC] 0x279C3132 	ldah	$28,0x3132($28)
	[000001F0] 0xD0000519 	bsr	$0,.+0x00001464
	[000001F4] 0x47E03402 	or	$31,0x01,$2
	[000001F8] 0xD3A003AE 	bsr	$29,.+0x00000eb8
	[000001FC] 0x46310410 	or	$17,$17,$16
	[00000200] 0x207FA510 	lda	$3,0xa510($31)
	[00000204] 0x2463E8D5 	ldah	$3,0xe8d5($3)
	[00000208] 0x487E1611 	zap	$3,0xf0,$17
	[0000020C] 0x4A211731 	sll	$17,0x08,$17
	[00000210] 0xD34003EE 	bsr	$26,.+0x00000fb8
	[00000214] 0x44000418 	or	$0,$0,$24
	[00000218] 0x47E05402 	or	$31,0x02,$2
	[0000021C] 0xD3A003A5 	bsr	$29,.+0x00000e94
ReadConfigJumpers:
	[00000220] 0xD3A003CD 	bsr	$29,.+0x00000f34
	[00000224] 0x47E00501 	ornot	$31,$0,$1
	[00000228] 0x4430101E 	and	$1,0x80,$30
	[0000022C] 0x44081001 	and	$0,0x40,$1
	[00000230] 0x47C1041E 	or	$30,$1,$30
	[00000234] 0x47C4141E 	or	$30,0x20,$30
	[00000238] 0x4BC2373E 	sll	$30,0x11,$30
	[0000023C] 0x47FF0403 	or	$31,$31,$3
	[00000240] 0x4400D001 	and	$0,0x06,$1
	[00000244] 0x402095A2 	cmpeq	$1,0x04,$2
	[00000248] 0x444054C3 	cmovne	$2,0x02,$3
	[0000024C] 0x4020D5A2 	cmpeq	$1,0x06,$2
	[00000250] 0x444074C3 	cmovne	$2,0x03,$3
	[00000254] 0x402055A2 	cmpeq	$1,0x02,$2
	[00000258] 0x444094C3 	cmovne	$2,0x04,$3
	[0000025C] 0x48621723 	sll	$3,0x10,$3
	[00000260] 0x447E041E 	or	$3,$30,$30
	[00000264] 0x47E07402 	or	$31,0x03,$2
	[00000268] 0xD3A00392 	bsr	$29,.+0x00000e48
	[0000026C] 0xD3A003BA 	bsr	$29,.+0x00000ee8
	[00000270] 0x44000406 	or	$0,$0,$6
	[00000274] 0x209FC400 	lda	$4,0xc400($31)
	[00000278] 0x24840001 	ldah	$4,0x0001($4)
	[0000027C] 0x20BF0006 	lda	$5,0x0006($31)
	[00000280] 0x207F4406 	lda	$3,0x4406($31)
	[00000284] 0x24630000 	ldah	$3,0x0000($3)
	[00000288] 0x22BF4690 	lda	$21,0x4690($31)
	[0000028C] 0x26B503F2 	ldah	$21,0x03f2($21)
	[00000290] 0x44840408 	or	$4,$4,$8
	[00000294] 0x207F0007 	lda	$3,0x0007($31)
	[00000298] 0x201F088D 	lda	$0,0x088d($31)
	[0000029C] 0x203F46A0 	lda	$1,0x46a0($31)
	[000002A0] 0x242103F3 	ldah	$1,0x03f3($1)
	[000002A4] 0x430003A0 	cmpult	$24,$0,$0
	[000002A8] 0x440104D5 	cmovne	$0,$1,$21
	[000002AC] 0x440404C8 	cmovne	$0,$4,$8
	[000002B0] 0x440304C5 	cmovne	$0,$3,$5
	[000002B4] 0x209FC600 	lda	$4,0xc600($31)
	[000002B8] 0x24840001 	ldah	$4,0x0001($4)
	[000002BC] 0x207F0008 	lda	$3,0x0008($31)
	[000002C0] 0x201F077A 	lda	$0,0x077a($31)
	[000002C4] 0x203F57C0 	lda	$1,0x57c0($31)
	[000002C8] 0x242107F4 	ldah	$1,0x07f4($1)
	[000002CC] 0x430003A0 	cmpult	$24,$0,$0
	[000002D0] 0x440104D5 	cmovne	$0,$1,$21
	[000002D4] 0x440404C8 	cmovne	$0,$4,$8
	[000002D8] 0x440304C5 	cmovne	$0,$3,$5
	[000002DC] 0x207F0009 	lda	$3,0x0009($31)
	[000002E0] 0x201F06A4 	lda	$0,0x06a4($31)
	[000002E4] 0x203F57D0 	lda	$1,0x57d0($31)
	[000002E8] 0x242107F4 	ldah	$1,0x07f4($1)
	[000002EC] 0x430003A0 	cmpult	$24,$0,$0
	[000002F0] 0x440104D5 	cmovne	$0,$1,$21
	[000002F4] 0x440304C5 	cmovne	$0,$3,$5
	[000002F8] 0x207F000A 	lda	$3,0x000a($31)
	[000002FC] 0x201F05FB 	lda	$0,0x05fb($31)
	[00000300] 0x203F58F0 	lda	$1,0x58f0($31)
	[00000304] 0x24210FF4 	ldah	$1,0x0ff4($1)
	[00000308] 0x430003A0 	cmpult	$24,$0,$0
	[0000030C] 0x440104D5 	cmovne	$0,$1,$21
	[00000310] 0x440304C5 	cmovne	$0,$3,$5
SkipCpuSpeeds:
	[00000314] 0xE0C0000A 	blbc	$6,.+0x00000028
	[00000318] 0x207F4690 	lda	$3,0x4690($31)
	[0000031C] 0x246303F3 	ldah	$3,0x03f3($3)
	[00000320] 0x42A305A3 	cmpeq	$21,$3,$3
	[00000324] 0xF4600004 	bne	$3,.+0x00000010
	[00000328] 0x207F48F0 	lda	$3,0x48f0($31)
	[0000032C] 0x24630FF4 	ldah	$3,0x0ff4($3)
	[00000330] 0x42A305A3 	cmpeq	$21,$3,$3
	[00000334] 0xE4600002 	beq	$3,.+0x00000008
CpuSpeedError:
	[00000338] 0x211F0004 	lda	$8,0x0004($31)
	[0000033C] 0xC3E003B6 	br	$31,.+0x00000ed8
CpuSpeedOK:
set_bc_size:
	[00000340] 0x4BC21682 	srl	$30,0x10,$2
	[00000344] 0x4440F002 	and	$2,0x07,$2
	[00000348] 0x40403523 	subq	$2,0x01,$3
	[0000034C] 0x44401483 	cmoveq	$2,0x00,$3
	[00000350] 0x48601723 	sll	$3,0x00,$3
	[00000354] 0x46A30415 	or	$21,$3,$21
	[00000358] 0xF4400002 	bne	$2,.+0x00000008
bc_disabled:
	[0000035C] 0xD38001E5 	bsr	$28,.+0x00000794
	[00000360] 0x44000415 	or	$0,$0,$21
bc_enabled:
	[00000364] 0x4ABE1615 	zap	$21,0xf0,$21
	[00000368] 0x47E09402 	or	$31,0x04,$2
	[0000036C] 0xD3A00351 	bsr	$29,.+0x00000d44
	[00000370] 0x229F8050 	lda	$20,0x8050($31)
	[00000374] 0x26940001 	ldah	$20,0x0001($20)
	[00000378] 0x4A9E1614 	zap	$20,0xf0,$20
	[0000037C] 0x4BC21680 	srl	$30,0x10,$0
	[00000380] 0x4400F000 	and	$0,0x07,$0
	[00000384] 0x207F0001 	lda	$3,0x0001($31)
	[00000388] 0x441F0483 	cmoveq	$0,$31,$3
	[0000038C] 0x46830414 	or	$20,$3,$20
	[00000390] 0x49021728 	sll	$8,0x10,$8
	[00000394] 0x46880414 	or	$20,$8,$20
	[00000398] 0x47E0B402 	or	$31,0x05,$2
	[0000039C] 0xD3A00345 	bsr	$29,.+0x00000d14
	[000003A0] 0xD38001D4 	bsr	$28,.+0x00000750
	[000003A4] 0x44000416 	or	$0,$0,$22
	[000003A8] 0x47E0D402 	or	$31,0x06,$2
	[000003AC] 0xD3A00341 	bsr	$29,.+0x00000d04
srom_size_memory:
	[000003B0] 0x221F86A0 	lda	$16,0x86a0($31)
	[000003B4] 0x26100002 	ldah	$16,0x0002($16)
	[000003B8] 0xD36002C3 	bsr	$27,.+0x00000b0c
	[000003BC] 0x47FF040A 	or	$31,$31,$10
	[000003C0] 0x47FF040B 	or	$31,$31,$11
	[000003C4] 0x47FF040C 	or	$31,$31,$12
	[000003C8] 0x47FF0406 	or	$31,$31,$6
	[000003CC] 0x47FF0411 	or	$31,$31,$17
	[000003D0] 0x47FF0412 	or	$31,$31,$18
	[000003D4] 0x47FF0413 	or	$31,$31,$19
	[000003D8] 0x217F0001 	lda	$11,0x0001($31)
next_slot:
pd2:
	[000003DC] 0x44C60405 	or	$6,$6,$5
	[000003E0] 0x20FF0002 	lda	$7,0x0002($31)
	[000003E4] 0xD3800294 	bsr	$28,.+0x00000a50
	[000003E8] 0x40A095A0 	cmpeq	$5,0x04,$0
	[000003EC] 0xF4000005 	bne	$0,.+0x00000014
	[000003F0] 0x203F7FFF 	lda	$1,0x7fff($31)
	[000003F4] 0x40A105A0 	cmpeq	$5,$1,$0
	[000003F8] 0xE4000001 	beq	$0,.+0x00000004
	[000003FC] 0x20FF000E 	lda	$7,0x000e($31)
pd2_a:
	[00000400] 0xC3E000C0 	br	$31,.+0x00000300
pd3:
	[00000404] 0x44C60405 	or	$6,$6,$5
	[00000408] 0x20FF0003 	lda	$7,0x0003($31)
	[0000040C] 0xD380028A 	bsr	$28,.+0x00000a28
	[00000410] 0xE0A00001 	blbc	$5,.+0x00000004
	[00000414] 0x40A03005 	addl	$5,0x01,$5
pd3_a:
	[00000418] 0x40A195A0 	cmpeq	$5,0x0c,$0
	[0000041C] 0xE4000001 	beq	$0,.+0x00000004
	[00000420] 0xC3E00008 	br	$31,.+0x00000020
pd3_b:
	[00000424] 0x40A1D5A0 	cmpeq	$5,0x0e,$0
	[00000428] 0xF4000001 	bne	$0,.+0x00000004
	[0000042C] 0xC3E000B5 	br	$31,.+0x000002d4
pd3_c:
	[00000430] 0x201F0001 	lda	$0,0x0001($31)
	[00000434] 0x48C03681 	srl	$6,0x01,$1
	[00000438] 0x40221001 	addl	$1,0x10,$1
	[0000043C] 0x48010720 	sll	$0,$1,$0
	[00000440] 0x440C040C 	or	$0,$12,$12
pd3_d:
	[00000444] 0x48BE1605 	zap	$5,0xf0,$5
	[00000448] 0x4A41F612 	zap	$18,0x0f,$18
	[0000044C] 0x44B20412 	or	$5,$18,$18
pd4:
	[00000450] 0x44C60405 	or	$6,$6,$5
	[00000454] 0x20FF0004 	lda	$7,0x0004($31)
	[00000458] 0xD3800277 	bsr	$28,.+0x000009dc
	[0000045C] 0x4A5E1601 	zap	$18,0xf0,$1
	[00000460] 0x40A10000 	addl	$5,$1,$0
	[00000464] 0x40037DA1 	cmple	$0,0x1b,$1
	[00000468] 0xF4200001 	bne	$1,.+0x00000004
	[0000046C] 0xC3E000A5 	br	$31,.+0x00000294
pd4_a:
	[00000470] 0x48BE1605 	zap	$5,0xf0,$5
	[00000474] 0x4A5E1612 	zap	$18,0xf0,$18
	[00000478] 0x48A41725 	sll	$5,0x20,$5
	[0000047C] 0x44B20412 	or	$5,$18,$18
pd5:
	[00000480] 0x44C60405 	or	$6,$6,$5
	[00000484] 0x20FF0005 	lda	$7,0x0005($31)
	[00000488] 0xD380026B 	bsr	$28,.+0x000009ac
	[0000048C] 0x40A035A0 	cmpeq	$5,0x01,$0
	[00000490] 0xE4000001 	beq	$0,.+0x00000004
	[00000494] 0xC3E00013 	br	$31,.+0x0000004c
pd5_a:
	[00000498] 0x40A055A0 	cmpeq	$5,0x02,$0
	[0000049C] 0xE4000010 	beq	$0,.+0x00000040
pd5_b:
	[000004A0] 0x4A441680 	srl	$18,0x20,$0
	[000004A4] 0x481F9600 	zap	$0,0xfc,$0
	[000004A8] 0x4A5E1601 	zap	$18,0xf0,$1
	[000004AC] 0x40010001 	addl	$0,$1,$1
	[000004B0] 0x40235DA0 	cmple	$1,0x1a,$0
	[000004B4] 0xE4000008 	beq	$0,.+0x00000020
	[000004B8] 0x48C03681 	srl	$6,0x01,$1
	[000004BC] 0x201F0001 	lda	$0,0x0001($31)
	[000004C0] 0x48010720 	sll	$0,$1,$0
	[000004C4] 0x440C040C 	or	$0,$12,$12
	[000004C8] 0x201F0001 	lda	$0,0x0001($31)
	[000004CC] 0x48061720 	sll	$0,0x30,$0
	[000004D0] 0x44120412 	or	$0,$18,$18
	[000004D4] 0xC3E00003 	br	$31,.+0x0000000c
pd5_c:
	[000004D8] 0x20FF0004 	lda	$7,0x0004($31)
	[000004DC] 0xC3E00089 	br	$31,.+0x00000224
pd5_d:
	[000004E0] 0xC3E00088 	br	$31,.+0x00000220
pd6:
	[000004E4] 0x44C60405 	or	$6,$6,$5
	[000004E8] 0x20FF0006 	lda	$7,0x0006($31)
	[000004EC] 0xD3800252 	bsr	$28,.+0x00000948
	[000004F0] 0x40A815A0 	cmpeq	$5,0x40,$0
	[000004F4] 0xE4000002 	beq	$0,.+0x00000008
	[000004F8] 0x4560310B 	andnot	$11,0x01,$11
	[000004FC] 0xC3E00081 	br	$31,.+0x00000204
pd6_a:
	[00000500] 0x40A915A0 	cmpeq	$5,0x48,$0
	[00000504] 0xF4000001 	bne	$0,.+0x00000004
	[00000508] 0xC3E0007E 	br	$31,.+0x000001f8
pd7:
	[0000050C] 0x44C60405 	or	$6,$6,$5
	[00000510] 0x20FF0007 	lda	$7,0x0007($31)
	[00000514] 0xD3800248 	bsr	$28,.+0x00000920
	[00000518] 0xE4A00001 	beq	$5,.+0x00000004
	[0000051C] 0xC3E00079 	br	$31,.+0x000001e4
pd8:
	[00000520] 0x44C60405 	or	$6,$6,$5
	[00000524] 0x20FF0008 	lda	$7,0x0008($31)
	[00000528] 0xD3800243 	bsr	$28,.+0x0000090c
	[0000052C] 0x40A035A0 	cmpeq	$5,0x01,$0
	[00000530] 0xF4000001 	bne	$0,.+0x00000004
	[00000534] 0xC3E00073 	br	$31,.+0x000001cc
pd9:
	[00000538] 0x44C60405 	or	$6,$6,$5
	[0000053C] 0x20FF0009 	lda	$7,0x0009($31)
	[00000540] 0xD380023D 	bsr	$28,.+0x000008f4
	[00000544] 0x40B81DA0 	cmple	$5,0xc0,$0
	[00000548] 0xF4000001 	bne	$0,.+0x00000004
	[0000054C] 0xC3E0006D 	br	$31,.+0x000001b4
pd9_a:
	[00000550] 0x49641681 	srl	$11,0x20,$1
	[00000554] 0x40A10DA0 	cmple	$5,$1,$0
	[00000558] 0xF4000003 	bne	$0,.+0x0000000c
	[0000055C] 0x48A41725 	sll	$5,0x20,$5
	[00000560] 0x497E160B 	zap	$11,0xf0,$11
	[00000564] 0x44AB040B 	or	$5,$11,$11
pd10:
	[00000568] 0x44C60405 	or	$6,$6,$5
	[0000056C] 0x20FF000A 	lda	$7,0x000a($31)
	[00000570] 0xD3800231 	bsr	$28,.+0x000008c4
	[00000574] 0x40B21DA0 	cmple	$5,0x90,$0
	[00000578] 0xF4000001 	bne	$0,.+0x00000004
	[0000057C] 0xC3E00061 	br	$31,.+0x00000184
pd12:
	[00000580] 0x44C60405 	or	$6,$6,$5
	[00000584] 0x20FF000C 	lda	$7,0x000c($31)
	[00000588] 0xD380022B 	bsr	$28,.+0x000008ac
	[0000058C] 0x44AFF005 	and	$5,0x7f,$5
	[00000590] 0xE4A00003 	beq	$5,.+0x0000000c
	[00000594] 0x40A075A0 	cmpeq	$5,0x03,$0
	[00000598] 0xF4000001 	bne	$0,.+0x00000004
	[0000059C] 0xC3E00059 	br	$31,.+0x00000164
pd15:
	[000005A0] 0x44C60405 	or	$6,$6,$5
	[000005A4] 0x20FF000F 	lda	$7,0x000f($31)
	[000005A8] 0xD3800223 	bsr	$28,.+0x0000088c
	[000005AC] 0x40A035A0 	cmpeq	$5,0x01,$0
	[000005B0] 0xF4000001 	bne	$0,.+0x00000004
	[000005B4] 0xC3E00053 	br	$31,.+0x0000014c
pd16:
	[000005B8] 0x44C60405 	or	$6,$6,$5
	[000005BC] 0x20FF0010 	lda	$7,0x0010($31)
	[000005C0] 0xD380021D 	bsr	$28,.+0x00000874
	[000005C4] 0x44A09005 	and	$5,0x04,$5
	[000005C8] 0xF4A00001 	bne	$5,.+0x00000004
	[000005CC] 0xC3E0004D 	br	$31,.+0x00000134
pd17:
	[000005D0] 0x44C60405 	or	$6,$6,$5
	[000005D4] 0x20FF0011 	lda	$7,0x0011($31)
	[000005D8] 0xD3800217 	bsr	$28,.+0x0000085c
	[000005DC] 0x40A055A0 	cmpeq	$5,0x02,$0
	[000005E0] 0xF4000013 	bne	$0,.+0x0000004c
	[000005E4] 0x40A095A0 	cmpeq	$5,0x04,$0
	[000005E8] 0xE400000E 	beq	$0,.+0x00000038
	[000005EC] 0x201F0001 	lda	$0,0x0001($31)
	[000005F0] 0x48C03681 	srl	$6,0x01,$1
	[000005F4] 0x40211001 	addl	$1,0x08,$1
	[000005F8] 0x48010720 	sll	$0,$1,$0
	[000005FC] 0x440C040C 	or	$0,$12,$12
	[00000600] 0x201F0002 	lda	$0,0x0002($31)
	[00000604] 0x48071720 	sll	$0,0x38,$0
	[00000608] 0x44120412 	or	$0,$18,$18
	[0000060C] 0x201F0001 	lda	$0,0x0001($31)
	[00000610] 0x48C03681 	srl	$6,0x01,$1
	[00000614] 0x40221001 	addl	$1,0x10,$1
	[00000618] 0x48010720 	sll	$0,$1,$0
	[0000061C] 0x440C040C 	or	$0,$12,$12
	[00000620] 0xC3E00003 	br	$31,.+0x0000000c
pd17_a:
	[00000624] 0xC3E00037 	br	$31,.+0x000000dc
	[00000628] 0x20FF0004 	lda	$7,0x0004($31)
	[0000062C] 0xC3E00035 	br	$31,.+0x000000d4
pd18:
	[00000630] 0x44C60405 	or	$6,$6,$5
	[00000634] 0x20FF0012 	lda	$7,0x0012($31)
	[00000638] 0xD38001FF 	bsr	$28,.+0x000007fc
	[0000063C] 0x44A09000 	and	$5,0x04,$0
	[00000640] 0xF4000001 	bne	$0,.+0x00000004
	[00000644] 0xC3E0002F 	br	$31,.+0x000000bc
pd19:
	[00000648] 0x44C60405 	or	$6,$6,$5
	[0000064C] 0x20FF0013 	lda	$7,0x0013($31)
	[00000650] 0xD38001F9 	bsr	$28,.+0x000007e4
	[00000654] 0x40A035A0 	cmpeq	$5,0x01,$0
	[00000658] 0xF4000001 	bne	$0,.+0x00000004
	[0000065C] 0xC3E00029 	br	$31,.+0x000000a4
pd20:
	[00000660] 0x44C60405 	or	$6,$6,$5
	[00000664] 0x20FF0014 	lda	$7,0x0014($31)
	[00000668] 0xD38001F3 	bsr	$28,.+0x000007cc
	[0000066C] 0x40A035A0 	cmpeq	$5,0x01,$0
	[00000670] 0xF400000E 	bne	$0,.+0x00000038
	[00000674] 0xC3E00023 	br	$31,.+0x0000008c
pd21:
	[00000678] 0x44C60405 	or	$6,$6,$5
	[0000067C] 0x20FF0015 	lda	$7,0x0015($31)
	[00000680] 0xD38001ED 	bsr	$28,.+0x000007b4
	[00000684] 0x44AE1000 	and	$5,0x70,$0
	[00000688] 0xE4000001 	beq	$0,.+0x00000004
	[0000068C] 0xC3E0001D 	br	$31,.+0x00000074
pd22:
	[00000690] 0x44C60405 	or	$6,$6,$5
	[00000694] 0x20FF0016 	lda	$7,0x0016($31)
	[00000698] 0xD38001E7 	bsr	$28,.+0x0000079c
	[0000069C] 0x44A0D005 	and	$5,0x06,$5
	[000006A0] 0x40A0D5A0 	cmpeq	$5,0x06,$0
	[000006A4] 0xF4000001 	bne	$0,.+0x00000004
	[000006A8] 0xC3E00016 	br	$31,.+0x00000058
pd_end:
	[000006AC] 0xE0C0001D 	blbc	$6,.+0x00000074
	[000006B0] 0x425305A0 	cmpeq	$18,$19,$0
	[000006B4] 0xE4000013 	beq	$0,.+0x0000004c
match_good:
	[000006B8] 0x4A441680 	srl	$18,0x20,$0
	[000006BC] 0x481F9600 	zap	$0,0xfc,$0
	[000006C0] 0x4A461682 	srl	$18,0x30,$2
	[000006C4] 0x485FD602 	zap	$2,0xfe,$2
	[000006C8] 0x4A471693 	srl	$18,0x38,$19
	[000006CC] 0x4A7FD613 	zap	$19,0xfe,$19
	[000006D0] 0x4A5E1601 	zap	$18,0xf0,$1
	[000006D4] 0x207F001B 	lda	$3,0x001b($31)
	[000006D8] 0x40600123 	subl	$3,$0,$3
	[000006DC] 0x40610123 	subl	$3,$1,$3
	[000006E0] 0x40620123 	subl	$3,$2,$3
	[000006E4] 0x40730123 	subl	$3,$19,$3
	[000006E8] 0x48607723 	sll	$3,0x03,$3
	[000006EC] 0x48C03680 	srl	$6,0x01,$0
	[000006F0] 0x40030003 	addl	$0,$3,$3
	[000006F4] 0x201F0001 	lda	$0,0x0001($31)
	[000006F8] 0x48030720 	sll	$0,$3,$0
	[000006FC] 0x440A040A 	or	$0,$10,$10
	[00000700] 0xC3E00009 	br	$31,.+0x00000024
dimm_error:
	[00000704] 0x48C03680 	srl	$6,0x01,$0
	[00000708] 0x40003006 	addl	$0,0x01,$6
	[0000070C] 0x48C03726 	sll	$6,0x01,$6
	[00000710] 0x40071000 	addl	$0,0x38,$0
	[00000714] 0x203F0001 	lda	$1,0x0001($31)
	[00000718] 0x48200721 	sll	$1,$0,$1
	[0000071C] 0x442C040C 	or	$1,$12,$12
	[00000720] 0xC3E00002 	br	$31,.+0x00000008
match_save:
	[00000724] 0x46520413 	or	$18,$18,$19
match_end:
	[00000728] 0x40C03006 	addl	$6,0x01,$6
match_end1:
	[0000072C] 0x40C099A0 	cmplt	$6,0x04,$0
	[00000730] 0xE4000001 	beq	$0,.+0x00000004
	[00000734] 0xC3FFFF29 	br	$31,.+0x007ffca4
end_sizing:
	[00000738] 0xF5400002 	bne	$10,.+0x00000008
	[0000073C] 0x211F0005 	lda	$8,0x0005($31)
	[00000740] 0xC3E002B5 	br	$31,.+0x00000ad4
FoundDIMMS:
srom_configure_memory:
	[00000744] 0x21DF0874 	lda	$14,0x0874($31)
	[00000748] 0x49C3972E 	sll	$14,0x1c,$14
	[0000074C] 0x250E4000 	ldah	$8,0x4000($14)
	[00000750] 0x22080000 	lda	$16,0x0000($8)
	[00000754] 0x223F0631 	lda	$17,0x0631($31)
	[00000758] 0x26312904 	ldah	$17,0x2904($17)
	[0000075C] 0xD34002A7 	bsr	$26,.+0x00000a9c
	[00000760] 0x221F4E20 	lda	$16,0x4e20($31)
	[00000764] 0xD3600238 	bsr	$27,.+0x000008e0
	[00000768] 0x223F0332 	lda	$17,0x0332($31)
	[0000076C] 0x26310000 	ldah	$17,0x0000($17)
	[00000770] 0x250E1000 	ldah	$8,0x1000($14)
	[00000774] 0x22080200 	lda	$16,0x0200($8)
	[00000778] 0xD34002A0 	bsr	$26,.+0x00000a80
	[0000077C] 0x223F0750 	lda	$17,0x0750($31)
	[00000780] 0x26310000 	ldah	$17,0x0000($17)
	[00000784] 0x22080300 	lda	$16,0x0300($8)
	[00000788] 0xD340029C 	bsr	$26,.+0x00000a70
	[0000078C] 0x47E03404 	or	$31,0x01,$4
	[00000790] 0x4881F724 	sll	$4,0x0f,$4
	[00000794] 0x46240411 	or	$17,$4,$17
	[00000798] 0x20BF0008 	lda	$5,0x0008($31)
ForceRef:
	[0000079C] 0x22080300 	lda	$16,0x0300($8)
	[000007A0] 0xD3400296 	bsr	$26,.+0x00000a58
	[000007A4] 0x209F0064 	lda	$4,0x0064($31)
ForceRefWait:
	[000007A8] 0x67FF0140 	hw_mfpr/a	$31,$0
	[000007AC] 0x40803524 	subq	$4,0x01,$4
	[000007B0] 0xF49FFFFD 	bne	$4,.+0x007ffff4
	[000007B4] 0x40A03525 	subq	$5,0x01,$5
	[000007B8] 0xF4BFFFF8 	bne	$5,.+0x007fffe0
	[000007BC] 0x463F0405 	or	$17,$31,$5
	[000007C0] 0x260E1000 	ldah	$16,0x1000($14)
	[000007C4] 0x223F1401 	lda	$17,0x1401($31)
	[000007C8] 0x2631003A 	ldah	$17,0x003a($17)
	[000007CC] 0xD340028B 	bsr	$26,.+0x00000a2c
	[000007D0] 0x44BF0411 	or	$5,$31,$17
	[000007D4] 0x20BF0008 	lda	$5,0x0008($31)
ForceRef1:
	[000007D8] 0x22080300 	lda	$16,0x0300($8)
	[000007DC] 0xD3400287 	bsr	$26,.+0x00000a1c
	[000007E0] 0x209F0064 	lda	$4,0x0064($31)
ForceRefWait1:
	[000007E4] 0x67FF0140 	hw_mfpr/a	$31,$0
	[000007E8] 0x40803524 	subq	$4,0x01,$4
	[000007EC] 0xF49FFFFD 	bne	$4,.+0x007ffff4
	[000007F0] 0x40A03525 	subq	$5,0x01,$5
	[000007F4] 0xF4BFFFF8 	bne	$5,.+0x007fffe0
	[000007F8] 0x47FF0402 	or	$31,$31,$2
	[000007FC] 0x47FF0403 	or	$31,$31,$3
	[00000800] 0x47FF0404 	or	$31,$31,$4
	[00000804] 0x47FF0405 	or	$31,$31,$5
	[00000808] 0x47FF0406 	or	$31,$31,$6
	[0000080C] 0x20E80600 	lda	$7,0x0600($8)
check_dimm_type:
	[00000810] 0x201F0001 	lda	$0,0x0001($31)
	[00000814] 0x48607721 	sll	$3,0x03,$1
	[00000818] 0x40220401 	addq	$1,$2,$1
	[0000081C] 0x48010720 	sll	$0,$1,$0
	[00000820] 0x440A0000 	and	$0,$10,$0
	[00000824] 0xE4000023 	beq	$0,.+0x0000008c
	[00000828] 0x201F0008 	lda	$0,0x0008($31)
	[0000082C] 0x40030521 	subq	$0,$3,$1
	[00000830] 0x48010721 	sll	$0,$1,$1
	[00000834] 0x40C10406 	addq	$6,$1,$6
	[00000838] 0x44840411 	or	$4,$4,$17
	[0000083C] 0x22070000 	lda	$16,0x0000($7)
	[00000840] 0xD340026E 	bsr	$26,.+0x000009b8
	[00000844] 0x48205721 	sll	$1,0x02,$1
	[00000848] 0x40810404 	addq	$4,$1,$4
	[0000084C] 0x223F0022 	lda	$17,0x0022($31)
	[00000850] 0x22070400 	lda	$16,0x0400($7)
	[00000854] 0xD3400269 	bsr	$26,.+0x000009a4
	[00000858] 0x40603521 	subq	$3,0x01,$1
	[0000085C] 0x201F1000 	lda	$0,0x1000($31)
	[00000860] 0x44600481 	cmoveq	$3,$0,$1
	[00000864] 0x48203721 	sll	$1,0x01,$1
	[00000868] 0x49820680 	srl	$12,$2,$0
	[0000086C] 0x44003000 	and	$0,0x01,$0
	[00000870] 0x4800B720 	sll	$0,0x05,$0
	[00000874] 0x44010401 	or	$0,$1,$1
	[00000878] 0x40421400 	addq	$2,0x10,$0
	[0000087C] 0x49800680 	srl	$12,$0,$0
	[00000880] 0x44003000 	and	$0,0x01,$0
	[00000884] 0x4800D720 	sll	$0,0x06,$0
	[00000888] 0x44010401 	or	$0,$1,$1
	[0000088C] 0x40411400 	addq	$2,0x08,$0
	[00000890] 0x49800680 	srl	$12,$0,$0
	[00000894] 0x44003000 	and	$0,0x01,$0
	[00000898] 0x4800F720 	sll	$0,0x07,$0
	[0000089C] 0x44010411 	or	$0,$1,$17
	[000008A0] 0x22070200 	lda	$16,0x0200($7)
	[000008A4] 0xD3400255 	bsr	$26,.+0x00000954
	[000008A8] 0x46203411 	or	$17,0x01,$17
	[000008AC] 0x22070200 	lda	$16,0x0200($7)
	[000008B0] 0xD3400252 	bsr	$26,.+0x00000948
continue_sniff:
	[000008B4] 0x40403402 	addq	$2,0x01,$2
	[000008B8] 0x404059A0 	cmplt	$2,0x02,$0
	[000008BC] 0xE4000002 	beq	$0,.+0x00000008
	[000008C0] 0x20E70040 	lda	$7,0x0040($7)
	[000008C4] 0xC3FFFFD2 	br	$31,.+0x007fff48
banks_done:
	[000008C8] 0x47FF0402 	or	$31,$31,$2
	[000008CC] 0x20E80600 	lda	$7,0x0600($8)
	[000008D0] 0x40603403 	addq	$3,0x01,$3
	[000008D4] 0x4060FDA0 	cmple	$3,0x07,$0
	[000008D8] 0xF41FFFCD 	bne	$0,.+0x007fff34
	[000008DC] 0x48C29737 	sll	$6,0x14,$23
	[000008E0] 0x47E19402 	or	$31,0x0c,$2
	[000008E4] 0xD3A001F3 	bsr	$29,.+0x000007cc
	[000008E8] 0x205F0001 	lda	$2,0x0001($31)
	[000008EC] 0x74420216 	hw_mtpr	$2,0x06
	[000008F0] 0x67FF0140 	hw_mfpr/a	$31,$0
	[000008F4] 0x67FF0140 	hw_mfpr/a	$31,$0
	[000008F8] 0x67FF0140 	hw_mfpr/a	$31,$0
	[000008FC] 0x67FF0140 	hw_mfpr/a	$31,$0
	[00000900] 0x67FF0140 	hw_mfpr/a	$31,$0
	[00000904] 0x46B50412 	or	$21,$21,$18
	[00000908] 0x46940413 	or	$20,$20,$19
	[0000090C] 0x205F85C0 	lda	$2,0x85c0($31)
	[00000910] 0x24420001 	ldah	$2,0x0001($2)
	[00000914] 0x46620413 	or	$19,$2,$19
	[00000918] 0xD380007D 	bsr	$28,.+0x000001f4
	[0000091C] 0x47E1F402 	or	$31,0x0f,$2
	[00000920] 0xD3A001E4 	bsr	$29,.+0x00000790
	[00000924] 0x47E05405 	or	$31,0x02,$5
SweepMemory:
	[00000928] 0x46F70407 	or	$23,$23,$7
SweepMemory1:
	[0000092C] 0x40E11527 	subq	$7,0x08,$7
	[00000930] 0x6C479000 	hw_ld/pq	$2,0x0000($7)
	[00000934] 0x7C479000 	hw_st/pq	$2,0x0000($7)
	[00000938] 0xFCFFFFFC 	bgt	$7,.+0x007ffff0
	[0000093C] 0x40A03525 	subq	$5,0x01,$5
	[00000940] 0xF4BFFFF9 	bne	$5,.+0x007fffe4
	[00000944] 0x46B50412 	or	$21,$21,$18
	[00000948] 0x46940413 	or	$20,$20,$19
	[0000094C] 0xD3800070 	bsr	$28,.+0x000001c0
	[00000950] 0x47E27402 	or	$31,0x13,$2
	[00000954] 0xD3A001D7 	bsr	$29,.+0x0000075c
	[00000958] 0xD38001A2 	bsr	$28,.+0x00000688
	[0000095C] 0xD3800196 	bsr	$28,.+0x00000658
	[00000960] 0x46F70407 	or	$23,$23,$7
SweepMemory2:
	[00000964] 0x40E11527 	subq	$7,0x08,$7
	[00000968] 0x6C479000 	hw_ld/pq	$2,0x0000($7)
	[0000096C] 0x7C479000 	hw_st/pq	$2,0x0000($7)
	[00000970] 0xFCFFFFFC 	bgt	$7,.+0x007ffff0
	[00000974] 0x47E29402 	or	$31,0x14,$2
	[00000978] 0xD3A001CE 	bsr	$29,.+0x00000738
	[0000097C] 0x47DE0410 	or	$30,$30,$16
	[00000980] 0xD1C0026A 	bsr	$14,.+0x000009a8
	[00000984] 0x47E2F402 	or	$31,0x17,$2
	[00000988] 0xD3A001CA 	bsr	$29,.+0x00000728
	[0000098C] 0xD3800047 	bsr	$28,.+0x0000011c
	[00000990] 0x205F1000 	lda	$2,0x1000($31)
	[00000994] 0x44020402 	or	$0,$2,$2
	[00000998] 0x60004000 	mb	
	[0000099C] 0x7C4D90A8 	hw_st/pq	$2,0x00a8($13)
	[000009A0] 0x60004000 	mb	
	[000009A4] 0x205F4000 	lda	$2,0x4000($31)
	[000009A8] 0x410203A0 	cmpult	$8,$2,$0
	[000009AC] 0x440204C8 	cmovne	$0,$2,$8
	[000009B0] 0x45003400 	or	$8,0x01,$0
	[000009B4] 0x7400010B 	hw_mtpr	$0,0x0b
	[000009B8] 0x205F0119 	lda	$2,0x0119($31)
	[000009BC] 0x244277FF 	ldah	$2,0x77ff($2)
	[000009C0] 0x7C488000 	hw_st/p	$2,0x0000($8)
	[000009C4] 0x205F0001 	lda	$2,0x0001($31)
	[000009C8] 0x2442C000 	ldah	$2,0xc000($2)
	[000009CC] 0x7C488004 	hw_st/p	$2,0x0004($8)
	[000009D0] 0x7F288008 	hw_st/p	$25,0x0008($8)
	[000009D4] 0x205F8000 	lda	$2,0x8000($31)
	[000009D8] 0x24426C01 	ldah	$2,0x6c01($2)
	[000009DC] 0x7C48800C 	hw_st/p	$2,0x000c($8)
	[000009E0] 0x205F041F 	lda	$2,0x041f($31)
	[000009E4] 0x244247FF 	ldah	$2,0x47ff($2)
	[000009E8] 0x20BF002C 	lda	$5,0x002c($31)
	[000009EC] 0x21080010 	lda	$8,0x0010($8)
loadInst:
	[000009F0] 0x7C488000 	hw_st/p	$2,0x0000($8)
	[000009F4] 0x40A03525 	subq	$5,0x01,$5
	[000009F8] 0x21080004 	lda	$8,0x0004($8)
	[000009FC] 0xF4BFFFFC 	bne	$5,.+0x007ffff0
	[00000A00] 0x205F0000 	lda	$2,0x0000($31)
	[00000A04] 0x24426BE0 	ldah	$2,0x6be0($2)
	[00000A08] 0x7C488000 	hw_st/p	$2,0x0000($8)
	[00000A0C] 0x60004000 	mb	
	[00000A10] 0x47E31402 	or	$31,0x18,$2
	[00000A14] 0xD3A001A7 	bsr	$29,.+0x0000069c
	[00000A18] 0xD3800172 	bsr	$28,.+0x000005c8
	[00000A1C] 0xD3800166 	bsr	$28,.+0x00000598
	[00000A20] 0x48031682 	srl	$0,0x18,$2
	[00000A24] 0x4441F002 	and	$2,0x0f,$2
	[00000A28] 0x203F0000 	lda	$1,0x0000($31)
	[00000A2C] 0x24210000 	ldah	$1,0x0000($1)
	[00000A30] 0x48241721 	sll	$1,0x20,$1
	[00000A34] 0x20210100 	lda	$1,0x0100($1)
	[00000A38] 0x24210000 	ldah	$1,0x0000($1)
	[00000A3C] 0x482200C1 	extbl	$1,$2,$1
EV56_Detected:
	[00000A40] 0x48241721 	sll	$1,0x20,$1
	[00000A44] 0x4420F419 	or	$1,0x07,$25
NextLevel:
	[00000A48] 0x205F0019 	lda	$2,0x0019($31)
	[00000A4C] 0x4BC2F687 	srl	$30,0x17,$7
	[00000A50] 0x44E752C2 	cmovlbc	$7,0x3a,$2
	[00000A54] 0x47E20402 	or	$31,$2,$2
	[00000A58] 0xD3A00196 	bsr	$29,.+0x00000658
	[00000A5C] 0x46940401 	or	$20,$20,$1
	[00000A60] 0x46B50402 	or	$21,$21,$2
	[00000A64] 0x46D60403 	or	$22,$22,$3
	[00000A68] 0x21FF0000 	lda	$15,0x0000($31)
	[00000A6C] 0x25EF5600 	ldah	$15,0x5600($15)
	[00000A70] 0x49E4172F 	sll	$15,0x20,$15
	[00000A74] 0x21EF0101 	lda	$15,0x0101($15)
	[00000A78] 0x25EF0101 	ldah	$15,0x0101($15)
	[00000A7C] 0x47390410 	or	$25,$25,$16
	[00000A80] 0x46F70411 	or	$23,$23,$17
	[00000A84] 0x47180412 	or	$24,$24,$18
	[00000A88] 0x227F0001 	lda	$19,0x0001($31)
	[00000A8C] 0x2673DECB 	ldah	$19,0xdecb($19)
	[00000A90] 0x4A7E1613 	zap	$19,0xf0,$19
	[00000A94] 0x229F0001 	lda	$20,0x0001($31)
	[00000A98] 0x22BF0000 	lda	$21,0x0000($31)
	[00000A9C] 0xF0E00002 	blbs	$7,.+0x00000008
	[00000AA0] 0x23BF0000 	lda	$29,0x0000($31)
	[00000AA4] 0xD00002EC 	bsr	$0,.+0x00000bb0
no_minidbg:
	[00000AA8] 0x7BFF8000 	hw_rei	
SCacheSets:
	[00000AAC] 0x203FF000 	lda	$1,0xf000($31)
	[00000AB0] 0x24210001 	ldah	$1,0x0001($1)
	[00000AB4] 0x60004000 	mb	
	[00000AB8] 0x7C2D90A8 	hw_st/pq	$1,0x00a8($13)
	[00000ABC] 0x60004000 	mb	
	[00000AC0] 0x6C4D90A8 	hw_ld/pq	$2,0x00a8($13)
	[00000AC4] 0x4841B682 	srl	$2,0x0d,$2
	[00000AC8] 0x4440F000 	and	$2,0x07,$0
	[00000ACC] 0x203F2000 	lda	$1,0x2000($31)
	[00000AD0] 0x24210000 	ldah	$1,0x0000($1)
	[00000AD4] 0x4000F9A2 	cmplt	$0,0x07,$2
	[00000AD8] 0xE4400004 	beq	$2,.+0x00000010
OneSetLoop:
	[00000ADC] 0x44020001 	and	$0,$2,$1
	[00000AE0] 0x48403722 	sll	$2,0x01,$2
	[00000AE4] 0xE43FFFFD 	beq	$1,.+0x007ffff4
	[00000AE8] 0x4821B721 	sll	$1,0x0d,$1
AllSetsOn:
	[00000AEC] 0x4801B720 	sll	$0,0x0d,$0
	[00000AF0] 0x6BFC8000 	ret	$31,($28),.+0x000000
BCnfgOff:
	[00000AF4] 0x48A09721 	sll	$5,0x04,$1
	[00000AF8] 0x44A10400 	or	$5,$1,$0
	[00000AFC] 0x48009720 	sll	$0,0x04,$0
	[00000B00] 0x203F0FFF 	lda	$1,0x0fff($31)
	[00000B04] 0x46A10101 	andnot	$21,$1,$1
	[00000B08] 0x44200400 	or	$1,$0,$0
	[00000B0C] 0x6BFC8000 	ret	$31,($28),.+0x000000
BCacheOnOff:
	[00000B10] 0x242E1000 	ldah	$1,0x1000($14)
	[00000B14] 0x6C018000 	hw_ld/p	$0,0x0000($1)
	[00000B18] 0x205F1400 	lda	$2,0x1400($31)
	[00000B1C] 0x24420000 	ldah	$2,0x0000($2)
	[00000B20] 0x44020100 	andnot	$0,$2,$0
	[00000B24] 0xE2600001 	blbc	$19,.+0x00000004
	[00000B28] 0x44020400 	or	$0,$2,$0
mcr_bc_off:
	[00000B2C] 0x242E1000 	ldah	$1,0x1000($14)
	[00000B30] 0x7C018000 	hw_st/p	$0,0x0000($1)
	[00000B34] 0x60004000 	mb	
	[00000B38] 0x6C018000 	hw_ld/p	$0,0x0000($1)
	[00000B3C] 0x6C018200 	hw_ld/p	$0,0x0200($1)
	[00000B40] 0x44001100 	andnot	$0,0x00,$0
	[00000B44] 0xE2600001 	blbc	$19,.+0x00000004
	[00000B48] 0x44001400 	or	$0,0x00,$0
gtr_bc_off:
	[00000B4C] 0x7C018200 	hw_st/p	$0,0x0200($1)
	[00000B50] 0x60004000 	mb	
	[00000B54] 0x6C018200 	hw_ld/p	$0,0x0200($1)
	[00000B58] 0x60004000 	mb	
	[00000B5C] 0x7E6D9128 	hw_st/pq	$19,0x0128($13)
	[00000B60] 0x60004000 	mb	
	[00000B64] 0x7E4D91C8 	hw_st/pq	$18,0x01c8($13)
	[00000B68] 0x60004000 	mb	
	[00000B6C] 0x6BFC8000 	ret	$31,($28),.+0x000000
srom_iic_read_byte:
	[00000B70] 0x22FF0874 	lda	$23,0x0874($31)
	[00000B74] 0x4AE39737 	sll	$23,0x1c,$23
	[00000B78] 0x26F76000 	ldah	$23,0x6000($23)
	[00000B7C] 0x22F702C0 	lda	$23,0x02c0($23)
	[00000B80] 0x6C178000 	hw_ld/p	$0,0x0000($23)
	[00000B84] 0x44003000 	and	$0,0x01,$0
	[00000B88] 0x48007720 	sll	$0,0x03,$0
	[00000B8C] 0x44029400 	or	$0,0x14,$0
	[00000B90] 0x7C178000 	hw_st/p	$0,0x0000($23)
	[00000B94] 0x60004000 	mb	
	[00000B98] 0x205F0008 	lda	$2,0x0008($31)
	[00000B9C] 0x47FF0403 	or	$31,$31,$3
read_more_bits:
	[00000BA0] 0x48603723 	sll	$3,0x01,$3
	[00000BA4] 0x209F0010 	lda	$4,0x0010($31)
	[00000BA8] 0x7C978000 	hw_st/p	$4,0x0000($23)
	[00000BAC] 0x60004000 	mb	
	[00000BB0] 0x221F0064 	lda	$16,0x0064($31)
	[00000BB4] 0x26100000 	ldah	$16,0x0000($16)
	[00000BB8] 0xD36000C3 	bsr	$27,.+0x0000030c
	[00000BBC] 0x209F0030 	lda	$4,0x0030($31)
	[00000BC0] 0x7C978000 	hw_st/p	$4,0x0000($23)
	[00000BC4] 0x60004000 	mb	
	[00000BC8] 0x221F0064 	lda	$16,0x0064($31)
	[00000BCC] 0x26100000 	ldah	$16,0x0000($16)
	[00000BD0] 0xD36000BD 	bsr	$27,.+0x000002f4
	[00000BD4] 0x6C978000 	hw_ld/p	$4,0x0000($23)
	[00000BD8] 0x44803004 	and	$4,0x01,$4
	[00000BDC] 0x44830403 	or	$4,$3,$3
	[00000BE0] 0x40403122 	subl	$2,0x01,$2
	[00000BE4] 0xF45FFFEE 	bne	$2,.+0x007fffb8
	[00000BE8] 0x209F0010 	lda	$4,0x0010($31)
	[00000BEC] 0x7C978000 	hw_st/p	$4,0x0000($23)
	[00000BF0] 0x60004000 	mb	
	[00000BF4] 0x221F0064 	lda	$16,0x0064($31)
	[00000BF8] 0x26100000 	ldah	$16,0x0000($16)
	[00000BFC] 0xD36000B2 	bsr	$27,.+0x000002c8
	[00000C00] 0x447FF003 	and	$3,0xff,$3
	[00000C04] 0x6BFD8000 	ret	$31,($29),.+0x000000
srom_iic_write_byte:
	[00000C08] 0x22FF0874 	lda	$23,0x0874($31)
	[00000C0C] 0x4AE39737 	sll	$23,0x1c,$23
	[00000C10] 0x26F76000 	ldah	$23,0x6000($23)
	[00000C14] 0x22F702C0 	lda	$23,0x02c0($23)
	[00000C18] 0x205F0008 	lda	$2,0x0008($31)
	[00000C1C] 0x48607723 	sll	$3,0x03,$3
write_more_bits:
	[00000C20] 0x6C178000 	hw_ld/p	$0,0x0000($23)
	[00000C24] 0x44003000 	and	$0,0x01,$0
	[00000C28] 0x48007720 	sll	$0,0x03,$0
	[00000C2C] 0x44029400 	or	$0,0x14,$0
	[00000C30] 0x7C178000 	hw_st/p	$0,0x0000($23)
	[00000C34] 0x60004000 	mb	
	[00000C38] 0x221F0032 	lda	$16,0x0032($31)
	[00000C3C] 0x26100000 	ldah	$16,0x0000($16)
	[00000C40] 0xD36000A1 	bsr	$27,.+0x00000284
	[00000C44] 0x4860F680 	srl	$3,0x07,$0
	[00000C48] 0x44011000 	and	$0,0x08,$0
	[00000C4C] 0x44029404 	or	$0,0x14,$4
	[00000C50] 0x7C978000 	hw_st/p	$4,0x0000($23)
	[00000C54] 0x60004000 	mb	
	[00000C58] 0x221F0064 	lda	$16,0x0064($31)
	[00000C5C] 0x26100000 	ldah	$16,0x0000($16)
	[00000C60] 0xD3600099 	bsr	$27,.+0x00000264
	[00000C64] 0x44861404 	or	$4,0x30,$4
	[00000C68] 0x7C978000 	hw_st/p	$4,0x0000($23)
	[00000C6C] 0x60004000 	mb	
	[00000C70] 0x221F0064 	lda	$16,0x0064($31)
	[00000C74] 0x26100000 	ldah	$16,0x0000($16)
	[00000C78] 0xD3600093 	bsr	$27,.+0x0000024c
	[00000C7C] 0x48603723 	sll	$3,0x01,$3
	[00000C80] 0x40403122 	subl	$2,0x01,$2
	[00000C84] 0xF45FFFE6 	bne	$2,.+0x007fff98
	[00000C88] 0x44841104 	andnot	$4,0x20,$4
	[00000C8C] 0x7C978000 	hw_st/p	$4,0x0000($23)
	[00000C90] 0x60004000 	mb	
	[00000C94] 0x221F0032 	lda	$16,0x0032($31)
	[00000C98] 0x26100000 	ldah	$16,0x0000($16)
	[00000C9C] 0xD360008A 	bsr	$27,.+0x00000228
	[00000CA0] 0x209F0010 	lda	$4,0x0010($31)
	[00000CA4] 0x7C978000 	hw_st/p	$4,0x0000($23)
	[00000CA8] 0x60004000 	mb	
	[00000CAC] 0x221F0064 	lda	$16,0x0064($31)
	[00000CB0] 0x26100000 	ldah	$16,0x0000($16)
	[00000CB4] 0xD3600084 	bsr	$27,.+0x00000210
	[00000CB8] 0x209F0030 	lda	$4,0x0030($31)
	[00000CBC] 0x7C978000 	hw_st/p	$4,0x0000($23)
	[00000CC0] 0x60004000 	mb	
	[00000CC4] 0x221F0064 	lda	$16,0x0064($31)
	[00000CC8] 0x26100000 	ldah	$16,0x0000($16)
	[00000CCC] 0xD360007E 	bsr	$27,.+0x000001f8
	[00000CD0] 0x6C778000 	hw_ld/p	$3,0x0000($23)
	[00000CD4] 0x44603003 	and	$3,0x01,$3
	[00000CD8] 0x209F0010 	lda	$4,0x0010($31)
	[00000CDC] 0x7C978000 	hw_st/p	$4,0x0000($23)
	[00000CE0] 0x60004000 	mb	
	[00000CE4] 0x221F0064 	lda	$16,0x0064($31)
	[00000CE8] 0x26100000 	ldah	$16,0x0000($16)
	[00000CEC] 0xD3600076 	bsr	$27,.+0x000001d8
	[00000CF0] 0x6BFD8000 	ret	$31,($29),.+0x000000
srom_iic_start:
	[00000CF4] 0x22FF0874 	lda	$23,0x0874($31)
	[00000CF8] 0x4AE39737 	sll	$23,0x1c,$23
	[00000CFC] 0x26F76000 	ldah	$23,0x6000($23)
	[00000D00] 0x22F702C0 	lda	$23,0x02c0($23)
	[00000D04] 0x221F0032 	lda	$16,0x0032($31)
	[00000D08] 0x26100000 	ldah	$16,0x0000($16)
	[00000D0C] 0xD360006E 	bsr	$27,.+0x000001b8
	[00000D10] 0x209F003C 	lda	$4,0x003c($31)
	[00000D14] 0x7C978000 	hw_st/p	$4,0x0000($23)
	[00000D18] 0x60004000 	mb	
	[00000D1C] 0x221F0032 	lda	$16,0x0032($31)
	[00000D20] 0x26100000 	ldah	$16,0x0000($16)
	[00000D24] 0xD3600068 	bsr	$27,.+0x000001a0
	[00000D28] 0x209F0034 	lda	$4,0x0034($31)
	[00000D2C] 0x7C978000 	hw_st/p	$4,0x0000($23)
	[00000D30] 0x60004000 	mb	
	[00000D34] 0x221F0032 	lda	$16,0x0032($31)
	[00000D38] 0x26100000 	ldah	$16,0x0000($16)
	[00000D3C] 0xD3600062 	bsr	$27,.+0x00000188
	[00000D40] 0x6BFD8000 	ret	$31,($29),.+0x000000
srom_iic_stop:
	[00000D44] 0x22FF0874 	lda	$23,0x0874($31)
	[00000D48] 0x4AE39737 	sll	$23,0x1c,$23
	[00000D4C] 0x26F76000 	ldah	$23,0x6000($23)
	[00000D50] 0x22F702C0 	lda	$23,0x02c0($23)
	[00000D54] 0x221F0032 	lda	$16,0x0032($31)
	[00000D58] 0x26100000 	ldah	$16,0x0000($16)
	[00000D5C] 0xD360005A 	bsr	$27,.+0x00000168
	[00000D60] 0x6C178000 	hw_ld/p	$0,0x0000($23)
	[00000D64] 0x44003000 	and	$0,0x01,$0
	[00000D68] 0x48007720 	sll	$0,0x03,$0
	[00000D6C] 0x44029400 	or	$0,0x14,$0
	[00000D70] 0x7C178000 	hw_st/p	$0,0x0000($23)
	[00000D74] 0x60004000 	mb	
	[00000D78] 0x221F0032 	lda	$16,0x0032($31)
	[00000D7C] 0x26100000 	ldah	$16,0x0000($16)
	[00000D80] 0xD3600051 	bsr	$27,.+0x00000144
	[00000D84] 0x209F0014 	lda	$4,0x0014($31)
	[00000D88] 0x7C978000 	hw_st/p	$4,0x0000($23)
	[00000D8C] 0x60004000 	mb	
	[00000D90] 0x221F0064 	lda	$16,0x0064($31)
	[00000D94] 0x26100000 	ldah	$16,0x0000($16)
	[00000D98] 0xD360004B 	bsr	$27,.+0x0000012c
	[00000D9C] 0x209F0034 	lda	$4,0x0034($31)
	[00000DA0] 0x7C978000 	hw_st/p	$4,0x0000($23)
	[00000DA4] 0x60004000 	mb	
	[00000DA8] 0x221F0032 	lda	$16,0x0032($31)
	[00000DAC] 0x26100000 	ldah	$16,0x0000($16)
	[00000DB0] 0xD3600045 	bsr	$27,.+0x00000114
	[00000DB4] 0x209F003C 	lda	$4,0x003c($31)
	[00000DB8] 0x7C978000 	hw_st/p	$4,0x0000($23)
	[00000DBC] 0x60004000 	mb	
	[00000DC0] 0x221F0032 	lda	$16,0x0032($31)
	[00000DC4] 0x26100000 	ldah	$16,0x0000($16)
	[00000DC8] 0xD360003F 	bsr	$27,.+0x000000fc
	[00000DCC] 0x6BFD8000 	ret	$31,($29),.+0x000000
srom_iic_master_ack:
	[00000DD0] 0x22FF0874 	lda	$23,0x0874($31)
	[00000DD4] 0x4AE39737 	sll	$23,0x1c,$23
	[00000DD8] 0x26F76000 	ldah	$23,0x6000($23)
	[00000DDC] 0x22F702C0 	lda	$23,0x02c0($23)
	[00000DE0] 0x6C178000 	hw_ld/p	$0,0x0000($23)
	[00000DE4] 0x44003000 	and	$0,0x01,$0
	[00000DE8] 0x48007720 	sll	$0,0x03,$0
	[00000DEC] 0x44029400 	or	$0,0x14,$0
	[00000DF0] 0x7C178000 	hw_st/p	$0,0x0000($23)
	[00000DF4] 0x60004000 	mb	
	[00000DF8] 0x221F0032 	lda	$16,0x0032($31)
	[00000DFC] 0x26100000 	ldah	$16,0x0000($16)
	[00000E00] 0xD3600031 	bsr	$27,.+0x000000c4
	[00000E04] 0x209F0014 	lda	$4,0x0014($31)
	[00000E08] 0x7C978000 	hw_st/p	$4,0x0000($23)
	[00000E0C] 0x60004000 	mb	
	[00000E10] 0x221F0064 	lda	$16,0x0064($31)
	[00000E14] 0x26100000 	ldah	$16,0x0000($16)
	[00000E18] 0xD360002B 	bsr	$27,.+0x000000ac
	[00000E1C] 0x209F0034 	lda	$4,0x0034($31)
	[00000E20] 0x7C978000 	hw_st/p	$4,0x0000($23)
	[00000E24] 0x60004000 	mb	
	[00000E28] 0x221F0064 	lda	$16,0x0064($31)
	[00000E2C] 0x26100000 	ldah	$16,0x0000($16)
	[00000E30] 0xD3600025 	bsr	$27,.+0x00000094
	[00000E34] 0x6BFD8000 	ret	$31,($29),.+0x000000
srom_iic_read_rom:
	[00000E38] 0xD3BFFFAE 	bsr	$29,.+0x007ffeb8
	[00000E3C] 0x44BF1003 	and	$5,0xf8,$3
	[00000E40] 0x48A03723 	sll	$5,0x01,$3
	[00000E44] 0x44741403 	or	$3,0xa0,$3
	[00000E48] 0xD3BFFF6F 	bsr	$29,.+0x007ffdbc
	[00000E4C] 0xF460000C 	bne	$3,.+0x00000030
	[00000E50] 0x48FFD603 	zap	$7,0xfe,$3
	[00000E54] 0xD3BFFF6C 	bsr	$29,.+0x007ffdb0
	[00000E58] 0xF4600009 	bne	$3,.+0x00000024
	[00000E5C] 0xD3BFFFA5 	bsr	$29,.+0x007ffe94
	[00000E60] 0x48A03723 	sll	$5,0x01,$3
	[00000E64] 0x44743403 	or	$3,0xa1,$3
	[00000E68] 0xD3BFFF67 	bsr	$29,.+0x007ffd9c
	[00000E6C] 0xF4600004 	bne	$3,.+0x00000010
	[00000E70] 0xD3BFFF3F 	bsr	$29,.+0x007ffcfc
	[00000E74] 0x44630405 	or	$3,$3,$5
	[00000E78] 0xD3BFFFB2 	bsr	$29,.+0x007ffec8
	[00000E7C] 0x6BFC8000 	ret	$31,($28),.+0x000000
srom_iic_read_rom_err:
	[00000E80] 0xD3BFFFB0 	bsr	$29,.+0x007ffec0
	[00000E84] 0x20BF7FFF 	lda	$5,0x7fff($31)
	[00000E88] 0x6BFC8000 	ret	$31,($28),.+0x000000
srom_usdelay:
	[00000E8C] 0x46100414 	or	$16,$16,$20
	[00000E90] 0x201F029B 	lda	$0,0x029b($31)
	[00000E94] 0x4C100400 	mulq	$0,$16,$0
usdelay_init:
	[00000E98] 0x229F0001 	lda	$20,0x0001($31)
	[00000E9C] 0x4A841734 	sll	$20,0x20,$20
	[00000EA0] 0x7694020E 	hw_mtpr	$20,0x0e
	[00000EA4] 0x67FF0140 	hw_mfpr/a	$31,$0
	[00000EA8] 0x67FF0140 	hw_mfpr/a	$31,$0
	[00000EAC] 0x67FF0140 	hw_mfpr/a	$31,$0
	[00000EB0] 0x67FF0140 	hw_mfpr/a	$31,$0
usdelay_loop:
	[00000EB4] 0x6280C000 	rpcc	$20
	[00000EB8] 0x4A81F634 	zapnot	$20,0x0f,$20
	[00000EBC] 0x401409B4 	cmplt	$0,$20,$20
	[00000EC0] 0xE69FFFFC 	beq	$20,.+0x007ffff0
	[00000EC4] 0x6BFE8000 	ret	$31,($30),.+0x000000
usdelay:
	[00000EC8] 0xD0000002 	bsr	$0,.+0x00000008
	[00000ECC] 0xD3DFFFEF 	bsr	$30,.+0x007fffbc
	[00000ED0] 0xC3E00015 	br	$31,.+0x00000054
saveRegisters:
	[00000ED4] 0x77DE0141 	hw_mtpr/a	$30,$1
	[00000ED8] 0x74420142 	hw_mtpr/a	$2,$2
	[00000EDC] 0x74630143 	hw_mtpr/a	$3,$3
	[00000EE0] 0x74840144 	hw_mtpr/a	$4,$4
	[00000EE4] 0x74A50145 	hw_mtpr/a	$5,$5
	[00000EE8] 0x74C60146 	hw_mtpr/a	$6,$6
	[00000EEC] 0x74E70147 	hw_mtpr/a	$7,$7
	[00000EF0] 0x75080148 	hw_mtpr/a	$8,$8
	[00000EF4] 0x75290149 	hw_mtpr/a	$9,$9
	[00000EF8] 0x7610014A 	hw_mtpr/a	$16,$10
	[00000EFC] 0x7631014B 	hw_mtpr/a	$17,$11
	[00000F00] 0x7652014C 	hw_mtpr/a	$18,$12
	[00000F04] 0x76730155 	hw_mtpr/a	$19,$21
	[00000F08] 0x7694014E 	hw_mtpr/a	$20,$14
	[00000F0C] 0x76B5014F 	hw_mtpr/a	$21,$15
	[00000F10] 0x76D60150 	hw_mtpr/a	$22,$16
	[00000F14] 0x775A0151 	hw_mtpr/a	$26,$17
	[00000F18] 0x777B0152 	hw_mtpr/a	$27,$18
	[00000F1C] 0x779C0153 	hw_mtpr/a	$28,$19
	[00000F20] 0x77BD0154 	hw_mtpr/a	$29,$20
	[00000F24] 0x6BE08000 	ret	$31,($0),.+0x000000
restoreRegisters:
	[00000F28] 0x67DE0141 	hw_mfpr/a	$30,$1
	[00000F2C] 0x64420142 	hw_mfpr/a	$2,$2
	[00000F30] 0x64630143 	hw_mfpr/a	$3,$3
	[00000F34] 0x64840144 	hw_mfpr/a	$4,$4
	[00000F38] 0x64A50145 	hw_mfpr/a	$5,$5
	[00000F3C] 0x64C60146 	hw_mfpr/a	$6,$6
	[00000F40] 0x64E70147 	hw_mfpr/a	$7,$7
	[00000F44] 0x65080148 	hw_mfpr/a	$8,$8
	[00000F48] 0x65290149 	hw_mfpr/a	$9,$9
	[00000F4C] 0x6610014A 	hw_mfpr/a	$16,$10
	[00000F50] 0x6631014B 	hw_mfpr/a	$17,$11
	[00000F54] 0x6652014C 	hw_mfpr/a	$18,$12
	[00000F58] 0x66730155 	hw_mfpr/a	$19,$21
	[00000F5C] 0x6694014E 	hw_mfpr/a	$20,$14
	[00000F60] 0x66B5014F 	hw_mfpr/a	$21,$15
	[00000F64] 0x66D60150 	hw_mfpr/a	$22,$16
	[00000F68] 0x675A0151 	hw_mfpr/a	$26,$17
	[00000F6C] 0x677B0152 	hw_mfpr/a	$27,$18
	[00000F70] 0x679C0153 	hw_mfpr/a	$28,$19
	[00000F74] 0x67BD0154 	hw_mfpr/a	$29,$20
	[00000F78] 0x47FF041F 	or	$31,$31,$31
	[00000F7C] 0x6BFB8000 	ret	$31,($27),.+0x000000
get_bcr_bits:
	[00000F80] 0x47FF0400 	or	$31,$31,$0
	[00000F84] 0x49820690 	srl	$12,$2,$16
	[00000F88] 0x44041411 	or	$0,0x20,$17
	[00000F8C] 0x46110280 	cmovlbs	$16,$17,$0
	[00000F90] 0x49811690 	srl	$12,0x08,$16
	[00000F94] 0x4A020690 	srl	$16,$2,$16
	[00000F98] 0x44101411 	or	$0,0x80,$17
	[00000F9C] 0x46110280 	cmovlbs	$16,$17,$0
	[00000FA0] 0x49821690 	srl	$12,0x10,$16
	[00000FA4] 0x4A020690 	srl	$16,$2,$16
	[00000FA8] 0x44081411 	or	$0,0x40,$17
	[00000FAC] 0x46110280 	cmovlbs	$16,$17,$0
	[00000FB0] 0x6BFA8000 	ret	$31,($26),.+0x000000
get_btr_bits:
	[00000FB4] 0x6BFA8000 	ret	$31,($26),.+0x000000
ClearCPUErrors:
	[00000FB8] 0x77FF010C 	hw_mtpr	$31,0x0c
	[00000FBC] 0x67FF0206 	hw_mfpr	$31,0x06
	[00000FC0] 0x205F3800 	lda	$2,0x3800($31)
	[00000FC4] 0x7442011A 	hw_mtpr	$2,0x0a
	[00000FC8] 0x205F0003 	lda	$2,0x0003($31)
	[00000FCC] 0x74420212 	hw_mtpr	$2,0x02
	[00000FD0] 0x245F3800 	ldah	$2,0x3800($31)
	[00000FD4] 0x74420115 	hw_mtpr	$2,0x05
	[00000FD8] 0x6FED90E8 	hw_ld/pq	$31,0x00e8($13)
	[00000FDC] 0x6C0D9168 	hw_ld/pq	$0,0x0168($13)
	[00000FE0] 0x6BFC8000 	ret	$31,($28),.+0x000000
ClearMemContErrors:
	[00000FE4] 0x60004000 	mb	
	[00000FE8] 0x21DF0874 	lda	$14,0x0874($31)
	[00000FEC] 0x49C3972E 	sll	$14,0x1c,$14
	[00000FF0] 0x204E4000 	lda	$2,0x4000($14)
	[00000FF4] 0x20424200 	lda	$2,0x4200($2)
	[00000FF8] 0x6C228000 	hw_ld/p	$1,0x0000($2)
	[00000FFC] 0x7C228000 	hw_st/p	$1,0x0000($2)
	[00001000] 0x60004000 	mb	
	[00001004] 0x6C228000 	hw_ld/p	$1,0x0000($2)
	[00001008] 0x6BFC8000 	ret	$31,($28),.+0x000000
InitSIO:
	[0000100C] 0x221F0008 	lda	$16,0x0008($31)
	[00001010] 0xD3A00017 	bsr	$29,.+0x0000005c
	[00001014] 0x221F03E8 	lda	$16,0x03e8($31)
	[00001018] 0xD360000B 	bsr	$27,.+0x0000002c
	[0000101C] 0x221F0040 	lda	$16,0x0040($31)
	[00001020] 0xD3A00013 	bsr	$29,.+0x0000004c
	[00001024] 0x221F00C0 	lda	$16,0x00c0($31)
	[00001028] 0xD3A00017 	bsr	$29,.+0x0000005c
	[0000102C] 0x221F00FF 	lda	$16,0x00ff($31)
	[00001030] 0xD3A00017 	bsr	$29,.+0x0000005c
	[00001034] 0x221F000C 	lda	$16,0x000c($31)
	[00001038] 0xD3A0000F 	bsr	$29,.+0x0000003c
	[0000103C] 0x221F00F0 	lda	$16,0x00f0($31)
	[00001040] 0xD3A0000F 	bsr	$29,.+0x0000003c
	[00001044] 0x6BFA8000 	ret	$31,($26),.+0x000000
wait_n_cycles:
	[00001048] 0x203F0001 	lda	$1,0x0001($31)
	[0000104C] 0x48241721 	sll	$1,0x20,$1
	[00001050] 0x6060C000 	rpcc	$3
time_loop:
	[00001054] 0x6000C000 	rpcc	$0
	[00001058] 0x40030120 	subl	$0,$3,$0
	[0000105C] 0xF8000001 	bge	$0,.+0x00000004
	[00001060] 0x40200400 	addq	$1,$0,$0
nowrap:
	[00001064] 0x401003A2 	cmpult	$0,$16,$2
	[00001068] 0xF45FFFFA 	bne	$2,.+0x007fffe8
	[0000106C] 0x6BFB8000 	ret	$31,($27),.+0x000000
WriteSIO_ICD:
	[00001070] 0x203F004D 	lda	$1,0x004d($31)
	[00001074] 0xC3E00007 	br	$31,.+0x0000001c
WriteSIO_PAC:
	[00001078] 0x203F0041 	lda	$1,0x0041($31)
	[0000107C] 0xC3E00005 	br	$31,.+0x00000014
WriteSIO_PAPC:
	[00001080] 0x203F0042 	lda	$1,0x0042($31)
	[00001084] 0xC3E00003 	br	$31,.+0x0000000c
WriteSIO_UBCSA:
	[00001088] 0x203F004E 	lda	$1,0x004e($31)
	[0000108C] 0xC3E00001 	br	$31,.+0x00000004
WriteSIO_UBCSB:
	[00001090] 0x203F004F 	lda	$1,0x004f($31)
WriteConf:
	[00001094] 0x44207003 	and	$1,0x03,$3
	[00001098] 0x4A030162 	insbl	$16,$3,$2
	[0000109C] 0x4820B721 	sll	$1,0x05,$1
	[000010A0] 0x207F0870 	lda	$3,0x0870($31)
	[000010A4] 0x48639723 	sll	$3,0x1c,$3
	[000010A8] 0x261F0008 	ldah	$16,0x0008($31)
	[000010AC] 0x44700403 	or	$3,$16,$3
	[000010B0] 0xC3E00021 	br	$31,.+0x00000084
WriteLEDS:
	[000010B4] 0x404415A1 	cmpeq	$2,0x20,$1
	[000010B8] 0xF4200008 	bne	$1,.+0x00000020
	[000010BC] 0x47BD0401 	or	$29,$29,$1
	[000010C0] 0x23BF0003 	lda	$29,0x0003($31)
	[000010C4] 0x239F002E 	lda	$28,0x002e($31)
	[000010C8] 0xD0000163 	bsr	$0,.+0x0000058c
	[000010CC] 0x23BF0007 	lda	$29,0x0007($31)
	[000010D0] 0x47E2041C 	or	$31,$2,$28
	[000010D4] 0xD0000160 	bsr	$0,.+0x00000580
	[000010D8] 0x4421041D 	or	$1,$1,$29
skipSromPort:
	[000010DC] 0x203F0080 	lda	$1,0x0080($31)
	[000010E0] 0xC3E00010 	br	$31,.+0x00000040
WriteFBank:
	[000010E4] 0x203F0800 	lda	$1,0x0800($31)
	[000010E8] 0xC3E0000E 	br	$31,.+0x00000038
WriteSMC_Config1:
WriteSMC_Index1:
	[000010EC] 0x203F0370 	lda	$1,0x0370($31)
	[000010F0] 0xC3E0000B 	br	$31,.+0x0000002c
WriteSMC_Data1:
	[000010F4] 0x203F0371 	lda	$1,0x0371($31)
	[000010F8] 0xC3E00009 	br	$31,.+0x00000024
WriteRTCAddr:
	[000010FC] 0x203F0070 	lda	$1,0x0070($31)
	[00001100] 0xC3E00007 	br	$31,.+0x0000001c
WriteRTCData:
	[00001104] 0x203F0071 	lda	$1,0x0071($31)
	[00001108] 0xC3E00005 	br	$31,.+0x00000014
WriteSIO_NMISC:
	[0000110C] 0x203F0061 	lda	$1,0x0061($31)
	[00001110] 0xC3E00003 	br	$31,.+0x0000000c
WriteSIO_TMR2:
	[00001114] 0x203F0042 	lda	$1,0x0042($31)
	[00001118] 0xC3E00001 	br	$31,.+0x00000004
WriteSIO_TCW:
	[0000111C] 0x203F0043 	lda	$1,0x0043($31)
WriteCont_std:
	[00001120] 0x46100402 	or	$16,$16,$2
WriteCont:
	[00001124] 0x44207003 	and	$1,0x03,$3
	[00001128] 0x48430162 	insbl	$2,$3,$2
	[0000112C] 0x4820B721 	sll	$1,0x05,$1
	[00001130] 0x207F0858 	lda	$3,0x0858($31)
	[00001134] 0x48639723 	sll	$3,0x1c,$3
WriteData:
	[00001138] 0x44230401 	or	$1,$3,$1
	[0000113C] 0x7C418000 	hw_st/p	$2,0x0000($1)
	[00001140] 0x60004000 	mb	
	[00001144] 0x6BFD8000 	ret	$31,($29),.+0x000000
ReadRTCData:
	[00001148] 0x203F0071 	lda	$1,0x0071($31)
	[0000114C] 0xC3E00003 	br	$31,.+0x0000000c
ReadConf2:
	[00001150] 0x203F0802 	lda	$1,0x0802($31)
	[00001154] 0xC3E00001 	br	$31,.+0x00000004
ReadConf1:
	[00001158] 0x203F0801 	lda	$1,0x0801($31)
ReadCont:
	[0000115C] 0x4820B722 	sll	$1,0x05,$2
	[00001160] 0x207F0858 	lda	$3,0x0858($31)
	[00001164] 0x48639723 	sll	$3,0x1c,$3
ReadData:
	[00001168] 0x44430402 	or	$2,$3,$2
	[0000116C] 0x6C028000 	hw_ld/p	$0,0x0000($2)
	[00001170] 0x44207001 	and	$1,0x03,$1
	[00001174] 0x480100C0 	extbl	$0,$1,$0
	[00001178] 0x6BFD8000 	ret	$31,($29),.+0x000000
intdivide:
	[0000117C] 0x47FF0400 	or	$31,$31,$0
	[00001180] 0x423009A1 	cmplt	$17,$16,$1
	[00001184] 0xF420000A 	bne	$1,.+0x00000028
divide:
	[00001188] 0x203F0001 	lda	$1,0x0001($31)
divide1:
	[0000118C] 0x40010404 	addq	$0,$1,$4
	[00001190] 0x4C900402 	mulq	$4,$16,$2
	[00001194] 0x48203721 	sll	$1,0x01,$1
	[00001198] 0x405109A3 	cmplt	$2,$17,$3
	[0000119C] 0xF47FFFFB 	bne	$3,.+0x007fffec
	[000011A0] 0x48205681 	srl	$1,0x02,$1
	[000011A4] 0x40010400 	addq	$0,$1,$0
	[000011A8] 0x402059A3 	cmplt	$1,0x02,$3
	[000011AC] 0xE47FFFF6 	beq	$3,.+0x007fffd8
divide_done:
	[000011B0] 0x6BFB8000 	ret	$31,($27),.+0x000000
updivide:
	[000011B4] 0xD37FFFF1 	bsr	$27,.+0x007fffc4
	[000011B8] 0x4E000401 	mulq	$16,$0,$1
	[000011BC] 0x403109A2 	cmplt	$1,$17,$2
	[000011C0] 0xE0400001 	blbc	$2,.+0x00000004
	[000011C4] 0x40003400 	addq	$0,0x01,$0
updivide_done:
	[000011C8] 0x6BFA8000 	ret	$31,($26),.+0x000000
nintdivide:
	[000011CC] 0xD37FFFEB 	bsr	$27,.+0x007fffac
	[000011D0] 0x4E000401 	mulq	$16,$0,$1
	[000011D4] 0x403109A2 	cmplt	$1,$17,$2
	[000011D8] 0xE0400007 	blbc	$2,.+0x0000001c
	[000011DC] 0x40003400 	addq	$0,0x01,$0
	[000011E0] 0x4E000402 	mulq	$16,$0,$2
	[000011E4] 0x40510522 	subq	$2,$17,$2
	[000011E8] 0x42210523 	subq	$17,$1,$3
	[000011EC] 0x406209A1 	cmplt	$3,$2,$1
	[000011F0] 0xE0200001 	blbc	$1,.+0x00000004
	[000011F4] 0x40003520 	subq	$0,0x01,$0
nintdivide_done:
	[000011F8] 0x6BFA8000 	ret	$31,($26),.+0x000000
srom_wrtest:
	[000011FC] 0x4A3E1611 	zap	$17,0xf0,$17
	[00001200] 0x7E308000 	hw_st/p	$17,0x0000($16)
	[00001204] 0x60004000 	mb	
srom_rdtest:
	[00001208] 0x6E508000 	hw_ld/p	$18,0x0000($16)
	[0000120C] 0x4A5E1612 	zap	$18,0xf0,$18
	[00001210] 0x46510813 	xor	$18,$17,$19
	[00001214] 0x6BFA8000 	ret	$31,($26),.+0x000000
FatalError:
	[00001218] 0x47E7F402 	or	$31,0x3f,$2
	[0000121C] 0xD3BFFFA5 	bsr	$29,.+0x007ffe94
	[00001220] 0x223F01F4 	lda	$17,0x01f4($31)
	[00001224] 0xD3600035 	bsr	$27,.+0x000000d4
	[00001228] 0x47E80402 	or	$31,$8,$2
	[0000122C] 0xD3BFFFA1 	bsr	$29,.+0x007ffe84
	[00001230] 0x45080413 	or	$8,$8,$19
	[00001234] 0xD3800007 	bsr	$28,.+0x0000001c
	[00001238] 0x223F03E8 	lda	$17,0x03e8($31)
	[0000123C] 0xD360002F 	bsr	$27,.+0x000000bc
	[00001240] 0x4BC2F681 	srl	$30,0x17,$1
	[00001244] 0xF03FFFF4 	blbs	$1,.+0x007fffd0
	[00001248] 0x23BF0000 	lda	$29,0x0000($31)
	[0000124C] 0xD0000102 	bsr	$0,.+0x00000408
	[00001250] 0xC3FFFFF1 	br	$31,.+0x007fffc4
Beep:
	[00001254] 0x221F0003 	lda	$16,0x0003($31)
	[00001258] 0xD3BFFFAC 	bsr	$29,.+0x007ffeb0
	[0000125C] 0x221F00B6 	lda	$16,0x00b6($31)
	[00001260] 0xD3BFFFAE 	bsr	$29,.+0x007ffeb8
	[00001264] 0x221F00E2 	lda	$16,0x00e2($31)
	[00001268] 0xD3BFFFAA 	bsr	$29,.+0x007ffea8
	[0000126C] 0x221F0003 	lda	$16,0x0003($31)
	[00001270] 0xD3BFFFA8 	bsr	$29,.+0x007ffea0
	[00001274] 0x223F0064 	lda	$17,0x0064($31)
	[00001278] 0xD3600020 	bsr	$27,.+0x00000080
	[0000127C] 0x221F00B2 	lda	$16,0x00b2($31)
	[00001280] 0xD3BFFFA6 	bsr	$29,.+0x007ffe98
	[00001284] 0x221F0000 	lda	$16,0x0000($31)
	[00001288] 0xD3BFFFA2 	bsr	$29,.+0x007ffe88
	[0000128C] 0xD3BFFFA1 	bsr	$29,.+0x007ffe84
	[00001290] 0xD3BFFF9E 	bsr	$29,.+0x007ffe78
	[00001294] 0x223F0064 	lda	$17,0x0064($31)
	[00001298] 0xD3600018 	bsr	$27,.+0x00000060
	[0000129C] 0x42603533 	subq	$19,0x01,$19
	[000012A0] 0xF67FFFEC 	bne	$19,.+0x007fffb0
	[000012A4] 0x6BFC8000 	ret	$31,($28),.+0x000000
GetCPUSpeed:
	[000012A8] 0x221F000A 	lda	$16,0x000a($31)
	[000012AC] 0xD3BFFF93 	bsr	$29,.+0x007ffe4c
	[000012B0] 0x221F0027 	lda	$16,0x0027($31)
	[000012B4] 0xD3BFFF93 	bsr	$29,.+0x007ffe4c
	[000012B8] 0x221F000B 	lda	$16,0x000b($31)
	[000012BC] 0xD3BFFF8F 	bsr	$29,.+0x007ffe3c
	[000012C0] 0x221F0046 	lda	$16,0x0046($31)
	[000012C4] 0xD3BFFF8F 	bsr	$29,.+0x007ffe3c
	[000012C8] 0x223F000A 	lda	$17,0x000a($31)
	[000012CC] 0xD360000B 	bsr	$27,.+0x0000002c
	[000012D0] 0x223F0040 	lda	$17,0x0040($31)
	[000012D4] 0x6080C000 	rpcc	$4
	[000012D8] 0xD3600008 	bsr	$27,.+0x00000020
	[000012DC] 0x6000C000 	rpcc	$0
	[000012E0] 0x40040120 	subl	$0,$4,$0
	[000012E4] 0xF8000003 	bge	$0,.+0x0000000c
	[000012E8] 0x47E03401 	or	$31,0x01,$1
	[000012EC] 0x48241721 	sll	$1,0x20,$1
	[000012F0] 0x40200400 	addq	$1,$0,$0
noshft:
	[000012F4] 0x48007720 	sll	$0,0x03,$0
	[000012F8] 0x6BFC8000 	ret	$31,($28),.+0x000000
wait_for_pif:
	[000012FC] 0x221F000C 	lda	$16,0x000c($31)
	[00001300] 0xD3BFFF7E 	bsr	$29,.+0x007ffdf8
	[00001304] 0xD3BFFF90 	bsr	$29,.+0x007ffe40
	[00001308] 0x4800D680 	srl	$0,0x06,$0
	[0000130C] 0xF01FFFFB 	blbs	$0,.+0x007fffec
wait_assert:
	[00001310] 0xD3BFFF7A 	bsr	$29,.+0x007ffde8
	[00001314] 0xD3BFFF8C 	bsr	$29,.+0x007ffe30
	[00001318] 0x4800D680 	srl	$0,0x06,$0
	[0000131C] 0xE01FFFFC 	blbc	$0,.+0x007ffff0
	[00001320] 0x42203531 	subq	$17,0x01,$17
	[00001324] 0xF63FFFF5 	bne	$17,.+0x007fffd4
	[00001328] 0x6BFB8000 	ret	$31,($27),.+0x000000
LoadSystemCode:
	[0000132C] 0x215F0104 	lda	$10,0x0104($31)
	[00001330] 0x203F0204 	lda	$1,0x0204($31)
	[00001334] 0x4A031680 	srl	$16,0x18,$0
	[00001338] 0x440102CA 	cmovlbc	$0,$1,$10
scanROM:
	[0000133C] 0x47FF040C 	or	$31,$31,$12
	[00001340] 0x47FF0406 	or	$31,$31,$6
rescanROM:
	[00001344] 0x44C60411 	or	$6,$6,$17
	[00001348] 0x47FF0407 	or	$31,$31,$7
	[0000134C] 0x4540310A 	andnot	$10,0x01,$10
	[00001350] 0x201F0000 	lda	$0,0x0000($31)
	[00001354] 0x24000010 	ldah	$0,0x0010($0)
	[00001358] 0x422003A0 	cmpult	$17,$0,$0
	[0000135C] 0xF0000007 	blbs	$0,.+0x0000001c
DoneWithROM:
	[00001360] 0x45409000 	and	$10,0x04,$0
	[00001364] 0xE4000046 	beq	$0,.+0x00000118
	[00001368] 0x45411000 	and	$10,0x08,$0
	[0000136C] 0x215F0108 	lda	$10,0x0108($31)
	[00001370] 0xF41FFFF2 	bne	$0,.+0x007fffc8
	[00001374] 0x4540940A 	or	$10,0x04,$10
	[00001378] 0xC3FFFFF0 	br	$31,.+0x007fffc0
ValidationPattern:
	[0000137C] 0xD380007B 	bsr	$28,.+0x000001ec
	[00001380] 0x46310406 	or	$17,$17,$6
	[00001384] 0x203FC3C3 	lda	$1,0xc3c3($31)
	[00001388] 0x24215A5B 	ldah	$1,0x5a5b($1)
	[0000138C] 0x400105A1 	cmpeq	$0,$1,$1
	[00001390] 0xF4200005 	bne	$1,.+0x00000014
	[00001394] 0x203FC3E0 	lda	$1,0xc3e0($31)
	[00001398] 0x24210001 	ldah	$1,0x0001($1)
	[0000139C] 0x480052C0 	extwl	$0,0x02,$0
	[000013A0] 0x400105A0 	cmpeq	$0,$1,$0
	[000013A4] 0xE41FFFE7 	beq	$0,.+0x007fff9c
InversePattern:
	[000013A8] 0xD3800070 	bsr	$28,.+0x000001c0
	[000013AC] 0x203F3C3C 	lda	$1,0x3c3c($31)
	[000013B0] 0x2421A5A5 	ldah	$1,0xa5a5($1)
	[000013B4] 0x483E1601 	zap	$1,0xf0,$1
	[000013B8] 0x400105A0 	cmpeq	$0,$1,$0
	[000013BC] 0xE41FFFE1 	beq	$0,.+0x007fff84
HeaderSize:
	[000013C0] 0xD380006A 	bsr	$28,.+0x000001a8
	[000013C4] 0x400699A1 	cmplt	$0,0x34,$1
	[000013C8] 0x4541040A 	or	$10,$1,$10
	[000013CC] 0xF140000C 	blbs	$10,.+0x00000030
	[000013D0] 0x40021525 	subq	$0,0x10,$5
	[000013D4] 0x48A05685 	srl	$5,0x02,$5
HeaderCheckSum:
	[000013D8] 0xD3800064 	bsr	$28,.+0x00000190
	[000013DC] 0x40A03525 	subq	$5,0x01,$5
	[000013E0] 0xF4BFFFFD 	bne	$5,.+0x007ffff4
	[000013E4] 0x44E70405 	or	$7,$7,$5
	[000013E8] 0xD3800060 	bsr	$28,.+0x00000180
	[000013EC] 0x40C11411 	addq	$6,0x08,$17
	[000013F0] 0x49405681 	srl	$10,0x02,$1
	[000013F4] 0xE0200002 	blbc	$1,.+0x00000008
	[000013F8] 0x400505A0 	cmpeq	$0,$5,$0
	[000013FC] 0xE41FFFD1 	beq	$0,.+0x007fff44
HeaderIsValid:
	[00001400] 0x4180340C 	addq	$12,0x01,$12
	[00001404] 0xD3800059 	bsr	$28,.+0x00000164
	[00001408] 0x4400040B 	or	$0,$0,$11
	[0000140C] 0xD3800057 	bsr	$28,.+0x0000015c
	[00001410] 0x44000409 	or	$0,$0,$9
	[00001414] 0xD3800055 	bsr	$28,.+0x00000154
	[00001418] 0x44000405 	or	$0,$0,$5
	[0000141C] 0xD3800053 	bsr	$28,.+0x0000014c
	[00001420] 0x44000408 	or	$0,$0,$8
	[00001424] 0xD3800051 	bsr	$28,.+0x00000144
	[00001428] 0x48041720 	sll	$0,0x20,$0
	[0000142C] 0x45000408 	or	$8,$0,$8
	[00001430] 0x49403681 	srl	$10,0x01,$1
	[00001434] 0xE0200004 	blbc	$1,.+0x00000010
FirmwareID:
	[00001438] 0xF15FFFC2 	blbs	$10,.+0x007fff08
	[0000143C] 0x40C39411 	addq	$6,0x1c,$17
	[00001440] 0xD380004A 	bsr	$28,.+0x00000128
	[00001444] 0x480030C1 	extbl	$0,0x01,$1
PositionDependent:
	[00001448] 0x49403682 	srl	$10,0x01,$2
	[0000144C] 0x444C02C1 	cmovlbc	$2,$12,$1
	[00001450] 0x494030C0 	extbl	$10,0x01,$0
	[00001454] 0x402005A0 	cmpeq	$1,$0,$0
	[00001458] 0xE41FFFBA 	beq	$0,.+0x007ffee8
	[0000145C] 0x40C41411 	addq	$6,0x20,$17
	[00001460] 0xD3800042 	bsr	$28,.+0x00000108
	[00001464] 0x454002C9 	cmovlbc	$10,$0,$9
	[00001468] 0x40C09411 	addq	$6,0x04,$17
	[0000146C] 0xD380003F 	bsr	$28,.+0x000000fc
	[00001470] 0x40C09531 	subq	$6,0x04,$17
	[00001474] 0x40110411 	addq	$0,$17,$17
	[00001478] 0x42290409 	addq	$17,$9,$9
	[0000147C] 0xC3E00008 	br	$31,.+0x00000020
NoHeader:
	[00001480] 0x227F0004 	lda	$19,0x0004($31)
	[00001484] 0xD39FFF73 	bsr	$28,.+0x007ffdcc
	[00001488] 0x47FF0408 	or	$31,$31,$8
	[0000148C] 0x47FF0405 	or	$31,$31,$5
	[00001490] 0x47FF0411 	or	$31,$31,$17
	[00001494] 0x213F0000 	lda	$9,0x0000($31)
	[00001498] 0x25290010 	ldah	$9,0x0010($9)
	[0000149C] 0x4540910A 	andnot	$10,0x04,$10
headerEnd:
	[000014A0] 0x45080419 	or	$8,$8,$25
	[000014A4] 0x47FF0407 	or	$31,$31,$7
	[000014A8] 0xF0A00008 	blbs	$5,.+0x00000020
	[000014AC] 0x47E2B402 	or	$31,0x15,$2
	[000014B0] 0xD3BFFF00 	bsr	$29,.+0x007ffc00
LoadUncomp:
	[000014B4] 0xD380002D 	bsr	$28,.+0x000000b4
	[000014B8] 0x7C088000 	hw_st/p	$0,0x0000($8)
	[000014BC] 0x41009408 	addq	$8,0x04,$8
	[000014C0] 0x422903A0 	cmpult	$17,$9,$0
	[000014C4] 0xF41FFFFB 	bne	$0,.+0x007fffec
	[000014C8] 0xC3E00010 	br	$31,.+0x00000040
LoadComp:
	[000014CC] 0x47E2D402 	or	$31,0x16,$2
	[000014D0] 0xD3BFFEF8 	bsr	$29,.+0x007ffbe0
	[000014D4] 0x47E09412 	or	$31,0x04,$18
	[000014D8] 0xD340004D 	bsr	$26,.+0x00000134
LoadCInit:
	[000014DC] 0x47FF041B 	or	$31,$31,$27
	[000014E0] 0x47FF0405 	or	$31,$31,$5
LoadCLoop:
	[000014E4] 0xD3400040 	bsr	$26,.+0x00000100
	[000014E8] 0x4A050160 	insbl	$16,$5,$0
	[000014EC] 0x441B041B 	or	$0,$27,$27
	[000014F0] 0x40A03405 	addq	$5,0x01,$5
	[000014F4] 0x40A095A0 	cmpeq	$5,0x04,$0
	[000014F8] 0xE41FFFFA 	beq	$0,.+0x007fffe8
	[000014FC] 0x7F688000 	hw_st/p	$27,0x0000($8)
	[00001500] 0x41009408 	addq	$8,0x04,$8
	[00001504] 0xF67FFFF5 	bne	$19,.+0x007fffd4
DecompressionDone:
	[00001508] 0x20BF0001 	lda	$5,0x0001($31)
ImageCheckSums:
	[0000150C] 0xF1400016 	blbs	$10,.+0x00000058
	[00001510] 0x49405680 	srl	$10,0x02,$0
	[00001514] 0xE0000014 	blbc	$0,.+0x00000050
	[00001518] 0x40EB05A1 	cmpeq	$7,$11,$1
	[0000151C] 0xE4200010 	beq	$1,.+0x00000040
	[00001520] 0xF0A00011 	blbs	$5,.+0x00000044
	[00001524] 0x241F0100 	ldah	$0,0x0100($31)
flush:
	[00001528] 0x6FE09000 	hw_ld/pq	$31,0x0000($0)
	[0000152C] 0x40041520 	subq	$0,0x20,$0
	[00001530] 0xF81FFFFD 	bge	$0,.+0x007ffff4
	[00001534] 0x47FF0407 	or	$31,$31,$7
	[00001538] 0x47390411 	or	$25,$25,$17
secondcheck:
	[0000153C] 0x6C118000 	hw_ld/p	$0,0x0000($17)
	[00001540] 0xD380001C 	bsr	$28,.+0x00000070
	[00001544] 0x42209411 	addq	$17,0x04,$17
	[00001548] 0x422803A1 	cmpult	$17,$8,$1
	[0000154C] 0xF43FFFFB 	bne	$1,.+0x007fffec
	[00001550] 0x40EB05A1 	cmpeq	$7,$11,$1
	[00001554] 0xF4200004 	bne	$1,.+0x00000010
	[00001558] 0x211F0006 	lda	$8,0x0006($31)
	[0000155C] 0xC3FFFF2E 	br	$31,.+0x007ffcb8
SumMismatch:
	[00001560] 0x4180352C 	subq	$12,0x01,$12
	[00001564] 0xC3FFFF77 	br	$31,.+0x007ffddc
codeLoaded:
	[00001568] 0x6BEE8000 	ret	$31,($14),.+0x000000
read_flash:
	[0000156C] 0x241F0010 	ldah	$0,0x0010($31)
	[00001570] 0x422003A0 	cmpult	$17,$0,$0
	[00001574] 0x44110486 	cmoveq	$0,$17,$6
	[00001578] 0xE41FFF72 	beq	$0,.+0x007ffdc8
	[0000157C] 0x241F0008 	ldah	$0,0x0008($31)
	[00001580] 0x40110DA2 	cmple	$0,$17,$2
	[00001584] 0x48427723 	sll	$2,0x13,$3
	[00001588] 0x42230524 	subq	$17,$3,$4
	[0000158C] 0xD3BFFED5 	bsr	$29,.+0x007ffb54
	[00001590] 0x241FFFF8 	ldah	$0,0xfff8($31)
	[00001594] 0x481E1600 	zap	$0,0xf0,$0
	[00001598] 0x40800404 	addq	$4,$0,$4
	[0000159C] 0x201F0860 	lda	$0,0x0860($31)
	[000015A0] 0x48039720 	sll	$0,0x1c,$0
	[000015A4] 0x40040404 	addq	$0,$4,$4
	[000015A8] 0x6C048000 	hw_ld/p	$0,0x0000($4)
	[000015AC] 0x481E1600 	zap	$0,0xf0,$0
	[000015B0] 0x42209411 	addq	$17,0x04,$17
ComputeCheckSum:
	[000015B4] 0x205F0000 	lda	$2,0x0000($31)
CheckSumLoop:
	[000015B8] 0x48E03683 	srl	$7,0x01,$3
	[000015BC] 0x209F8000 	lda	$4,0x8000($31)
	[000015C0] 0x24840001 	ldah	$4,0x0001($4)
	[000015C4] 0x40640404 	addq	$3,$4,$4
	[000015C8] 0x44E40283 	cmovlbs	$7,$4,$3
	[000015CC] 0x480200C4 	extbl	$0,$2,$4
	[000015D0] 0x40640407 	addq	$3,$4,$7
	[000015D4] 0x48E07627 	zapnot	$7,0x03,$7
	[000015D8] 0x40403402 	addq	$2,0x01,$2
	[000015DC] 0x404095A4 	cmpeq	$2,0x04,$4
	[000015E0] 0xE49FFFF5 	beq	$4,.+0x007fffd4
	[000015E4] 0x6BFC8000 	ret	$31,($28),.+0x000000
getByte:
	[000015E8] 0xEA600005 	blt	$19,.+0x00000014
	[000015EC] 0xD380000E 	bsr	$28,.+0x00000038
	[000015F0] 0x44420410 	or	$2,$2,$16
	[000015F4] 0x2273FFFF 	lda	$19,0xffff($19)
	[000015F8] 0xE6600005 	beq	$19,.+0x00000014
	[000015FC] 0x6BFA8000 	ret	$31,($26),.+0x000000
repByte:
	[00001600] 0x44420410 	or	$2,$2,$16
	[00001604] 0x22730001 	lda	$19,0x0001($19)
	[00001608] 0xE6600001 	beq	$19,.+0x00000004
	[0000160C] 0x6BFA8000 	ret	$31,($26),.+0x000000
getRecord:
	[00001610] 0xD3800005 	bsr	$28,.+0x00000014
	[00001614] 0x48471733 	sll	$2,0x38,$19
	[00001618] 0x4A671793 	sra	$19,0x38,$19
	[0000161C] 0xFA600001 	bge	$19,.+0x00000004
	[00001620] 0xD3800001 	bsr	$28,.+0x00000004
norepeat:
	[00001624] 0x6BFA8000 	ret	$31,($26),.+0x000000
ReadFByte:
	[00001628] 0x424095A0 	cmpeq	$18,0x04,$0
	[0000162C] 0xE4000007 	beq	$0,.+0x0000001c
	[00001630] 0x422903A0 	cmpult	$17,$9,$0
	[00001634] 0xE41FFFB4 	beq	$0,.+0x007ffed0
	[00001638] 0x47FF0412 	or	$31,$31,$18
	[0000163C] 0x479C040F 	or	$28,$28,$15
	[00001640] 0xD39FFFCA 	bsr	$28,.+0x007fff28
	[00001644] 0x45EF041C 	or	$15,$15,$28
	[00001648] 0x4400040F 	or	$0,$0,$15
skipRd:
	[0000164C] 0x49F200C2 	extbl	$15,$18,$2
	[00001650] 0x22520001 	lda	$18,0x0001($18)
	[00001654] 0x6BFC8000 	ret	$31,($28),.+0x000000
minidebugger:
	[00001658] 0x6BE08000 	ret	$31,($0),.+0x000000
		:
	zero locations skipped
		:
Symbols
	TEXT		other = 0x00000000  desc = 0x00000000  value = 0x00000000  initIPRs
	TEXT		other = 0x00000000  desc = 0x00000000  value = 0x00000060  initGlobals
	TEXT		other = 0x00000000  desc = 0x00000000  value = 0x00000FB8  ClearCPUErrors
	TEXT		other = 0x00000000  desc = 0x00000000  value = 0x00000074  SetScache
	TEXT		other = 0x00000000  desc = 0x00000000  value = 0x00000AAC  SCacheSets
	TEXT		other = 0x00000000  desc = 0x00000000  value = 0x00001048  wait_n_cycles
	TEXT		other = 0x00000000  desc = 0x00000000  value = 0x000000F4  InitPCI
	TEXT		other = 0x00000000  desc = 0x00000000  value = 0x00000108  wbase_loop
	TEXT		other = 0x00000000  desc = 0x00000000  value = 0x000011FC  srom_wrtest
	TEXT		other = 0x00000000  desc = 0x00000000  value = 0x0000100C  InitSIO
	TEXT		other = 0x00000000  desc = 0x00000000  value = 0x000010B4  WriteLEDS
	TEXT		other = 0x00000000  desc = 0x00000000  value = 0x00000178  InitSMC
	TEXT		other = 0x00000000  desc = 0x00000000  value = 0x000010EC  WriteSMC_Config1
	TEXT		other = 0x00000000  desc = 0x00000000  value = 0x000010EC  WriteSMC_Index1
	TEXT		other = 0x00000000  desc = 0x00000000  value = 0x000010F4  WriteSMC_Data1
	TEXT		other = 0x00000000  desc = 0x00000000  value = 0x000001BC  DetectSpeed
	TEXT		other = 0x00000000  desc = 0x00000000  value = 0x000012A8  GetCPUSpeed
	TEXT		other = 0x00000000  desc = 0x00000000  value = 0x000011CC  nintdivide
	TEXT		other = 0x00000000  desc = 0x00000000  value = 0x00001658  minidebugger
	TEXT		other = 0x00000000  desc = 0x00000000  value = 0x00000220  ReadConfigJumpers
	TEXT		other = 0x00000000  desc = 0x00000000  value = 0x00001158  ReadConf1
	TEXT		other = 0x00000000  desc = 0x00000000  value = 0x00000314  SkipCpuSpeeds
	TEXT		other = 0x00000000  desc = 0x00000000  value = 0x00000340  CpuSpeedOK
	TEXT		other = 0x00000000  desc = 0x00000000  value = 0x00000338  CpuSpeedError
	TEXT		other = 0x00000000  desc = 0x00000000  value = 0x00001218  FatalError
	TEXT		other = 0x00000000  desc = 0x00000000  value = 0x00000340  set_bc_size
	TEXT		other = 0x00000000  desc = 0x00000000  value = 0x00000364  bc_enabled
	TEXT		other = 0x00000000  desc = 0x00000000  value = 0x0000035C  bc_disabled
	TEXT		other = 0x00000000  desc = 0x00000000  value = 0x00000AF4  BCnfgOff
	TEXT		other = 0x00000000  desc = 0x00000000  value = 0x000003B0  srom_size_memory
	TEXT		other = 0x00000000  desc = 0x00000000  value = 0x00000EC8  usdelay
	TEXT		other = 0x00000000  desc = 0x00000000  value = 0x000003DC  next_slot
	TEXT		other = 0x00000000  desc = 0x00000000  value = 0x000003DC  pd2
	TEXT		other = 0x00000000  desc = 0x00000000  value = 0x00000E38  srom_iic_read_rom
	TEXT		other = 0x00000000  desc = 0x00000000  value = 0x00000404  pd3
	TEXT		other = 0x00000000  desc = 0x00000000  value = 0x00000400  pd2_a
	TEXT		other = 0x00000000  desc = 0x00000000  value = 0x00000704  dimm_error
	TEXT		other = 0x00000000  desc = 0x00000000  value = 0x00000418  pd3_a
	TEXT		other = 0x00000000  desc = 0x00000000  value = 0x00000424  pd3_b
	TEXT		other = 0x00000000  desc = 0x00000000  value = 0x00000444  pd3_d
	TEXT		other = 0x00000000  desc = 0x00000000  value = 0x00000430  pd3_c
	TEXT		other = 0x00000000  desc = 0x00000000  value = 0x00000450  pd4
	TEXT		other = 0x00000000  desc = 0x00000000  value = 0x00000470  pd4_a
	TEXT		other = 0x00000000  desc = 0x00000000  value = 0x00000480  pd5
	TEXT		other = 0x00000000  desc = 0x00000000  value = 0x00000498  pd5_a
	TEXT		other = 0x00000000  desc = 0x00000000  value = 0x000004E4  pd6
	TEXT		other = 0x00000000  desc = 0x00000000  value = 0x000004E0  pd5_d
	TEXT		other = 0x00000000  desc = 0x00000000  value = 0x000004A0  pd5_b
	TEXT		other = 0x00000000  desc = 0x00000000  value = 0x000004D8  pd5_c
	TEXT		other = 0x00000000  desc = 0x00000000  value = 0x00000500  pd6_a
	TEXT		other = 0x00000000  desc = 0x00000000  value = 0x0000050C  pd7
	TEXT		other = 0x00000000  desc = 0x00000000  value = 0x00000520  pd8
	TEXT		other = 0x00000000  desc = 0x00000000  value = 0x00000538  pd9
	TEXT		other = 0x00000000  desc = 0x00000000  value = 0x00000550  pd9_a
	TEXT		other = 0x00000000  desc = 0x00000000  value = 0x00000568  pd10
	TEXT		other = 0x00000000  desc = 0x00000000  value = 0x00000580  pd12
	TEXT		other = 0x00000000  desc = 0x00000000  value = 0x000005A0  pd15
	TEXT		other = 0x00000000  desc = 0x00000000  value = 0x000005B8  pd16
	TEXT		other = 0x00000000  desc = 0x00000000  value = 0x000005D0  pd17
	TEXT		other = 0x00000000  desc = 0x00000000  value = 0x00000630  pd18
	TEXT		other = 0x00000000  desc = 0x00000000  value = 0x00000624  pd17_a
	TEXT		other = 0x00000000  desc = 0x00000000  value = 0x00000648  pd19
	TEXT		other = 0x00000000  desc = 0x00000000  value = 0x00000660  pd20
	TEXT		other = 0x00000000  desc = 0x00000000  value = 0x000006AC  pd_end
	TEXT		other = 0x00000000  desc = 0x00000000  value = 0x00000678  pd21
	TEXT		other = 0x00000000  desc = 0x00000000  value = 0x00000690  pd22
	TEXT		other = 0x00000000  desc = 0x00000000  value = 0x00000724  match_save
	TEXT		other = 0x00000000  desc = 0x00000000  value = 0x000006B8  match_good
	TEXT		other = 0x00000000  desc = 0x00000000  value = 0x00000728  match_end
	TEXT		other = 0x00000000  desc = 0x00000000  value = 0x0000072C  match_end1
	TEXT		other = 0x00000000  desc = 0x00000000  value = 0x00000738  end_sizing
	TEXT		other = 0x00000000  desc = 0x00000000  value = 0x00000744  FoundDIMMS
	TEXT		other = 0x00000000  desc = 0x00000000  value = 0x00000744  srom_configure_memory
	TEXT		other = 0x00000000  desc = 0x00000000  value = 0x0000079C  ForceRef
	TEXT		other = 0x00000000  desc = 0x00000000  value = 0x000007A8  ForceRefWait
	TEXT		other = 0x00000000  desc = 0x00000000  value = 0x000007D8  ForceRef1
	TEXT		other = 0x00000000  desc = 0x00000000  value = 0x000007E4  ForceRefWait1
	TEXT		other = 0x00000000  desc = 0x00000000  value = 0x00000810  check_dimm_type
	TEXT		other = 0x00000000  desc = 0x00000000  value = 0x000008B4  continue_sniff
	TEXT		other = 0x00000000  desc = 0x00000000  value = 0x000008C8  banks_done
	TEXT		other = 0x00000000  desc = 0x00000000  value = 0x00000B10  BCacheOnOff
	TEXT		other = 0x00000000  desc = 0x00000000  value = 0x00000928  SweepMemory
	TEXT		other = 0x00000000  desc = 0x00000000  value = 0x0000092C  SweepMemory1
	TEXT		other = 0x00000000  desc = 0x00000000  value = 0x00000FE4  ClearMemContErrors
	TEXT		other = 0x00000000  desc = 0x00000000  value = 0x00000964  SweepMemory2
	TEXT		other = 0x00000000  desc = 0x00000000  value = 0x0000132C  LoadSystemCode
	TEXT		other = 0x00000000  desc = 0x00000000  value = 0x000009F0  loadInst
	TEXT		other = 0x00000000  desc = 0x00000000  value = 0x00000A40  EV56_Detected
	TEXT		other = 0x00000000  desc = 0x00000000  value = 0x00000A48  NextLevel
	TEXT		other = 0x00000000  desc = 0x00000000  value = 0x00000AA8  no_minidbg
	TEXT		other = 0x00000000  desc = 0x00000000  value = 0x00000AEC  AllSetsOn
	TEXT		other = 0x00000000  desc = 0x00000000  value = 0x00000ADC  OneSetLoop
	TEXT		other = 0x00000000  desc = 0x00000000  value = 0x00000B2C  mcr_bc_off
	TEXT		other = 0x00000000  desc = 0x00000000  value = 0x00000B4C  gtr_bc_off
	TEXT		other = 0x00000000  desc = 0x00000000  value = 0x00000B70  srom_iic_read_byte
	TEXT		other = 0x00000000  desc = 0x00000000  value = 0x00000BA0  read_more_bits
	TEXT		other = 0x00000000  desc = 0x00000000  value = 0x00000C08  srom_iic_write_byte
	TEXT		other = 0x00000000  desc = 0x00000000  value = 0x00000C20  write_more_bits
	TEXT		other = 0x00000000  desc = 0x00000000  value = 0x00000CF4  srom_iic_start
	TEXT		other = 0x00000000  desc = 0x00000000  value = 0x00000D44  srom_iic_stop
	TEXT		other = 0x00000000  desc = 0x00000000  value = 0x00000DD0  srom_iic_master_ack
	TEXT		other = 0x00000000  desc = 0x00000000  value = 0x00000E80  srom_iic_read_rom_err
	TEXT		other = 0x00000000  desc = 0x00000000  value = 0x00000E8C  srom_usdelay
	TEXT		other = 0x00000000  desc = 0x00000000  value = 0x00000E98  usdelay_init
	TEXT		other = 0x00000000  desc = 0x00000000  value = 0x00000EB4  usdelay_loop
	TEXT		other = 0x00000000  desc = 0x00000000  value = 0x00000ED4  saveRegisters
	TEXT		other = 0x00000000  desc = 0x00000000  value = 0x00000F28  restoreRegisters
	TEXT		other = 0x00000000  desc = 0x00000000  value = 0x00000F80  get_bcr_bits
	TEXT		other = 0x00000000  desc = 0x00000000  value = 0x00000FB4  get_btr_bits
	TEXT		other = 0x00000000  desc = 0x00000000  value = 0x00001070  WriteSIO_ICD
	TEXT		other = 0x00000000  desc = 0x00000000  value = 0x00001088  WriteSIO_UBCSA
	TEXT		other = 0x00000000  desc = 0x00000000  value = 0x00001090  WriteSIO_UBCSB
	TEXT		other = 0x00000000  desc = 0x00000000  value = 0x00001078  WriteSIO_PAC
	TEXT		other = 0x00000000  desc = 0x00000000  value = 0x00001080  WriteSIO_PAPC
	TEXT		other = 0x00000000  desc = 0x00000000  value = 0x00001054  time_loop
	TEXT		other = 0x00000000  desc = 0x00000000  value = 0x00001064  nowrap
	TEXT		other = 0x00000000  desc = 0x00000000  value = 0x00001094  WriteConf
	TEXT		other = 0x00000000  desc = 0x00000000  value = 0x00001138  WriteData
	TEXT		other = 0x00000000  desc = 0x00000000  value = 0x000010DC  skipSromPort
	TEXT		other = 0x00000000  desc = 0x00000000  value = 0x00001124  WriteCont
	TEXT		other = 0x00000000  desc = 0x00000000  value = 0x000010E4  WriteFBank
	TEXT		other = 0x00000000  desc = 0x00000000  value = 0x00001120  WriteCont_std
	TEXT		other = 0x00000000  desc = 0x00000000  value = 0x000010FC  WriteRTCAddr
	TEXT		other = 0x00000000  desc = 0x00000000  value = 0x00001104  WriteRTCData
	TEXT		other = 0x00000000  desc = 0x00000000  value = 0x0000110C  WriteSIO_NMISC
	TEXT		other = 0x00000000  desc = 0x00000000  value = 0x00001114  WriteSIO_TMR2
	TEXT		other = 0x00000000  desc = 0x00000000  value = 0x0000111C  WriteSIO_TCW
	TEXT		other = 0x00000000  desc = 0x00000000  value = 0x00001148  ReadRTCData
	TEXT		other = 0x00000000  desc = 0x00000000  value = 0x0000115C  ReadCont
	TEXT		other = 0x00000000  desc = 0x00000000  value = 0x00001150  ReadConf2
	TEXT		other = 0x00000000  desc = 0x00000000  value = 0x00001168  ReadData
	TEXT		other = 0x00000000  desc = 0x00000000  value = 0x0000117C  intdivide
	TEXT		other = 0x00000000  desc = 0x00000000  value = 0x000011B0  divide_done
	TEXT		other = 0x00000000  desc = 0x00000000  value = 0x00001188  divide
	TEXT		other = 0x00000000  desc = 0x00000000  value = 0x0000118C  divide1
	TEXT		other = 0x00000000  desc = 0x00000000  value = 0x000011B4  updivide
	TEXT		other = 0x00000000  desc = 0x00000000  value = 0x000011C8  updivide_done
	TEXT		other = 0x00000000  desc = 0x00000000  value = 0x000011F8  nintdivide_done
	TEXT		other = 0x00000000  desc = 0x00000000  value = 0x00001208  srom_rdtest
	TEXT		other = 0x00000000  desc = 0x00000000  value = 0x000012FC  wait_for_pif
	TEXT		other = 0x00000000  desc = 0x00000000  value = 0x00001254  Beep
	TEXT		other = 0x00000000  desc = 0x00000000  value = 0x000012F4  noshft
	TEXT		other = 0x00000000  desc = 0x00000000  value = 0x00001310  wait_assert
	TEXT		other = 0x00000000  desc = 0x00000000  value = 0x0000133C  scanROM
	TEXT		other = 0x00000000  desc = 0x00000000  value = 0x00001344  rescanROM
	TEXT		other = 0x00000000  desc = 0x00000000  value = 0x0000137C  ValidationPattern
	TEXT		other = 0x00000000  desc = 0x00000000  value = 0x00001360  DoneWithROM
	TEXT		other = 0x00000000  desc = 0x00000000  value = 0x00001480  NoHeader
	TEXT		other = 0x00000000  desc = 0x00000000  value = 0x0000156C  read_flash
	TEXT		other = 0x00000000  desc = 0x00000000  value = 0x000013A8  InversePattern
	TEXT		other = 0x00000000  desc = 0x00000000  value = 0x000013C0  HeaderSize
	TEXT		other = 0x00000000  desc = 0x00000000  value = 0x00001400  HeaderIsValid
	TEXT		other = 0x00000000  desc = 0x00000000  value = 0x000013D8  HeaderCheckSum
	TEXT		other = 0x00000000  desc = 0x00000000  value = 0x00001448  PositionDependent
	TEXT		other = 0x00000000  desc = 0x00000000  value = 0x00001438  FirmwareID
	TEXT		other = 0x00000000  desc = 0x00000000  value = 0x000014A0  headerEnd
	TEXT		other = 0x00000000  desc = 0x00000000  value = 0x000014CC  LoadComp
	TEXT		other = 0x00000000  desc = 0x00000000  value = 0x000014B4  LoadUncomp
	TEXT		other = 0x00000000  desc = 0x00000000  value = 0x0000150C  ImageCheckSums
	TEXT		other = 0x00000000  desc = 0x00000000  value = 0x00001610  getRecord
	TEXT		other = 0x00000000  desc = 0x00000000  value = 0x000014DC  LoadCInit
	TEXT		other = 0x00000000  desc = 0x00000000  value = 0x000014E4  LoadCLoop
	TEXT		other = 0x00000000  desc = 0x00000000  value = 0x000015E8  getByte
	TEXT		other = 0x00000000  desc = 0x00000000  value = 0x00001508  DecompressionDone
	TEXT		other = 0x00000000  desc = 0x00000000  value = 0x00001568  codeLoaded
	TEXT		other = 0x00000000  desc = 0x00000000  value = 0x00001560  SumMismatch
	TEXT		other = 0x00000000  desc = 0x00000000  value = 0x00001528  flush
	TEXT		other = 0x00000000  desc = 0x00000000  value = 0x0000153C  secondcheck
	TEXT		other = 0x00000000  desc = 0x00000000  value = 0x000015B4  ComputeCheckSum
	TEXT		other = 0x00000000  desc = 0x00000000  value = 0x000015B8  CheckSumLoop
	TEXT		other = 0x00000000  desc = 0x00000000  value = 0x00001600  repByte
	TEXT		other = 0x00000000  desc = 0x00000000  value = 0x00001628  ReadFByte
	TEXT		other = 0x00000000  desc = 0x00000000  value = 0x00001624  norepeat
	TEXT		other = 0x00000000  desc = 0x00000000  value = 0x0000164C  skipRd
