a.out file dumper [V2.0]
Dump of a.out object file /sae_users/paradis/sdk-cdbuild/CDIMAGE/ebsdk/ebfw/obj/sx164/sx164sr3.out of size 8335 bytes
	text offset = 80
	data offset = 4152
	text relocation offset = 4152
	data relocation offset = 4152
	symbols offset = 4152
Executable Code
initIPRs:
	[00000000] 0x77FF0210 	hw_mtpr	$31,0x00
	[00000004] 0x205F0E0A 	lda	$2,0x0e0a($31)
	[00000008] 0x24420082 	ldah	$2,0x0082($2)
	[0000000C] 0x48421722 	sll	$2,0x10,$2
	[00000010] 0x74420118 	hw_mtpr	$2,0x08
	[00000014] 0x77FF020D 	hw_mtpr	$31,0x0d
	[00000018] 0x203F0001 	lda	$1,0x0001($31)
	[0000001C] 0x48241721 	sll	$1,0x20,$1
	[00000020] 0x7421020E 	hw_mtpr	$1,0x0e
	[00000024] 0x77FF010F 	hw_mtpr	$31,0x0f
	[00000028] 0x77FF0105 	hw_mtpr	$31,0x05
	[0000002C] 0x77FF020A 	hw_mtpr	$31,0x0a
	[00000030] 0x77FF0201 	hw_mtpr	$31,0x01
	[00000034] 0x77FF0200 	hw_mtpr	$31,0x00
	[00000038] 0x77FF0103 	hw_mtpr	$31,0x03
	[0000003C] 0x77FF010A 	hw_mtpr	$31,0x0a
	[00000040] 0x77FF0109 	hw_mtpr	$31,0x09
	[00000044] 0x77FF0108 	hw_mtpr	$31,0x08
	[00000048] 0x203F0004 	lda	$1,0x0004($31)
	[0000004C] 0x7421020F 	hw_mtpr	$1,0x0f
initGlobals:
	[00000050] 0x241FFFF0 	ldah	$0,0xfff0($31)
	[00000054] 0x481C160D 	zap	$0,0xe0,$13
	[00000058] 0x21DF0874 	lda	$14,0x0874($31)
	[0000005C] 0x49C3972E 	sll	$14,0x1c,$14
	[00000060] 0xD3800217 	bsr	$28,.+0x0000085c
	[00000064] 0x6C4D9108 	hw_ld/pq	$2,0x0108($13)
InitPCI:
	[00000068] 0x47FF0411 	or	$31,$31,$17
	[0000006C] 0x221F0876 	lda	$16,0x0876($31)
	[00000070] 0x4A039730 	sll	$16,0x1c,$16
	[00000074] 0x22100400 	lda	$16,0x0400($16)
	[00000078] 0x20FF0004 	lda	$7,0x0004($31)
wbase_loop:
	[0000007C] 0xD34002BA 	bsr	$26,.+0x00000ae8
	[00000080] 0x22100100 	lda	$16,0x0100($16)
	[00000084] 0x20E7FFFF 	lda	$7,0xffff($7)
	[00000088] 0xFCFFFFFC 	bgt	$7,.+0x007ffff0
	[0000008C] 0x223F0027 	lda	$17,0x0027($31)
	[00000090] 0x2631AE17 	ldah	$17,0xae17($17)
	[00000094] 0x260E1000 	ldah	$16,0x1000($14)
	[00000098] 0x22100500 	lda	$16,0x0500($16)
	[0000009C] 0x7E308000 	hw_st/p	$17,0x0000($16)
	[000000A0] 0x60004000 	mb	
	[000000A4] 0x47FF0411 	or	$31,$31,$17
	[000000A8] 0x220E2000 	lda	$16,0x2000($14)
	[000000AC] 0xD34002AE 	bsr	$26,.+0x00000ab8
	[000000B0] 0x220E0440 	lda	$16,0x0440($14)
	[000000B4] 0xD34002AC 	bsr	$26,.+0x00000ab0
	[000000B8] 0x220E00C0 	lda	$16,0x00c0($14)
	[000000BC] 0x223FFF00 	lda	$17,0xff00($31)
	[000000C0] 0x26310001 	ldah	$17,0x0001($17)
	[000000C4] 0xD34002A8 	bsr	$26,.+0x00000aa0
	[000000C8] 0x220E0100 	lda	$16,0x0100($14)
	[000000CC] 0x223F00F0 	lda	$17,0x00f0($31)
	[000000D0] 0x26310000 	ldah	$17,0x0000($17)
	[000000D4] 0xD34002A4 	bsr	$26,.+0x00000a90
	[000000D8] 0x221F0D40 	lda	$16,0x0d40($31)
	[000000DC] 0x26100003 	ldah	$16,0x0003($16)
	[000000E0] 0xD3600224 	bsr	$27,.+0x00000890
	[000000E4] 0x220E0100 	lda	$16,0x0100($14)
	[000000E8] 0x46203411 	or	$17,0x01,$17
	[000000EC] 0xD340029E 	bsr	$26,.+0x00000a78
	[000000F0] 0x221F8480 	lda	$16,0x8480($31)
	[000000F4] 0x2610001F 	ldah	$16,0x001f($16)
	[000000F8] 0xD360021E 	bsr	$27,.+0x00000878
	[000000FC] 0x220E0140 	lda	$16,0x0140($14)
	[00000100] 0x47E03411 	or	$31,0x01,$17
	[00000104] 0xD3400298 	bsr	$26,.+0x00000a60
	[00000108] 0x220E0200 	lda	$16,0x0200($14)
	[0000010C] 0x223F0F7F 	lda	$17,0x0f7f($31)
	[00000110] 0x26310000 	ldah	$17,0x0000($17)
	[00000114] 0xD3400294 	bsr	$26,.+0x00000a50
	[00000118] 0x250E6000 	ldah	$8,0x6000($14)
	[0000011C] 0x220801C0 	lda	$16,0x01c0($8)
	[00000120] 0x223F0033 	lda	$17,0x0033($31)
	[00000124] 0x26310000 	ldah	$17,0x0000($17)
	[00000128] 0x6C108000 	hw_ld/p	$0,0x0000($16)
	[0000012C] 0x440FF100 	andnot	$0,0x7f,$0
	[00000130] 0x46200411 	or	$17,$0,$17
	[00000134] 0xD340028C 	bsr	$26,.+0x00000a30
	[00000138] 0x22080040 	lda	$16,0x0040($8)
	[0000013C] 0x47FF0411 	or	$31,$31,$17
	[00000140] 0x7E309000 	hw_st/pq	$17,0x0000($16)
	[00000144] 0x60004000 	mb	
	[00000148] 0x6E309000 	hw_ld/pq	$17,0x0000($16)
	[0000014C] 0x22080000 	lda	$16,0x0000($8)
	[00000150] 0x223FFFFF 	lda	$17,0xffff($31)
	[00000154] 0x4A203691 	srl	$17,0x01,$17
	[00000158] 0x7E309000 	hw_st/pq	$17,0x0000($16)
	[0000015C] 0x60004000 	mb	
	[00000160] 0x6E309000 	hw_ld/pq	$17,0x0000($16)
	[00000164] 0x220800C0 	lda	$16,0x00c0($8)
	[00000168] 0x47F8D411 	or	$31,0xc6,$17
	[0000016C] 0xD340027E 	bsr	$26,.+0x000009f8
	[00000170] 0x250E6000 	ldah	$8,0x6000($14)
	[00000174] 0x22080140 	lda	$16,0x0140($8)
	[00000178] 0x47E8D411 	or	$31,0x46,$17
	[0000017C] 0xD340027A 	bsr	$26,.+0x000009e8
	[00000180] 0x221F86A0 	lda	$16,0x86a0($31)
	[00000184] 0x26100002 	ldah	$16,0x0002($16)
	[00000188] 0xD360019F 	bsr	$27,.+0x0000067c
	[0000018C] 0x21DF0874 	lda	$14,0x0874($31)
	[00000190] 0x49C3972E 	sll	$14,0x1c,$14
	[00000194] 0x250E4000 	ldah	$8,0x4000($14)
	[00000198] 0x22080000 	lda	$16,0x0000($8)
	[0000019C] 0x223F1631 	lda	$17,0x1631($31)
	[000001A0] 0x26312904 	ldah	$17,0x2904($17)
	[000001A4] 0xD3400270 	bsr	$26,.+0x000009c0
	[000001A8] 0x221F4E20 	lda	$16,0x4e20($31)
	[000001AC] 0xD36001F1 	bsr	$27,.+0x000007c4
	[000001B0] 0xD3A00246 	bsr	$29,.+0x00000918
	[000001B4] 0x48003680 	srl	$0,0x01,$0
	[000001B8] 0x4400F001 	and	$0,0x07,$1
	[000001BC] 0x47E0D403 	or	$31,0x06,$3
	[000001C0] 0x47F31404 	or	$31,0x98,$4
	[000001C4] 0x4020F5A2 	cmpeq	$1,0x07,$2
	[000001C8] 0x4440D4C3 	cmovne	$2,0x06,$3
	[000001CC] 0x445314C4 	cmovne	$2,0x98,$4
	[000001D0] 0x4020B5A2 	cmpeq	$1,0x05,$2
	[000001D4] 0x444114C3 	cmovne	$2,0x08,$3
	[000001D8] 0x445414C4 	cmovne	$2,0xa0,$4
	[000001DC] 0x20840100 	lda	$4,0x0100($4)
	[000001E0] 0x250E6000 	ldah	$8,0x6000($14)
	[000001E4] 0x6C0881C0 	hw_ld/p	$0,0x01c0($8)
	[000001E8] 0x245F0001 	ldah	$2,0x0001($31)
	[000001EC] 0x44020002 	and	$0,$2,$2
	[000001F0] 0xF440000C 	bne	$2,.+0x00000030
	[000001F4] 0x44641403 	or	$3,0x20,$3
	[000001F8] 0x48617731 	sll	$3,0x0b,$17
	[000001FC] 0x220801C0 	lda	$16,0x01c0($8)
	[00000200] 0xD3400259 	bsr	$26,.+0x00000964
	[00000204] 0x260E5000 	ldah	$16,0x5000($14)
	[00000208] 0x22100140 	lda	$16,0x0140($16)
	[0000020C] 0x223F0001 	lda	$17,0x0001($31)
	[00000210] 0xD3400255 	bsr	$26,.+0x00000954
	[00000214] 0x221F0064 	lda	$16,0x0064($31)
	[00000218] 0x26100000 	ldah	$16,0x0000($16)
	[0000021C] 0xD360017A 	bsr	$27,.+0x000005e8
	[00000220] 0xC3400007 	br	$26,.+0x0000001c
NotPass0:
	[00000224] 0x260E5000 	ldah	$16,0x5000($14)
	[00000228] 0x22100140 	lda	$16,0x0140($16)
	[0000022C] 0x6E308000 	hw_ld/p	$17,0x0000($16)
	[00000230] 0xE220000E 	blbc	$17,.+0x00000038
	[00000234] 0x46203811 	xor	$17,0x01,$17
	[00000238] 0xD340024B 	bsr	$26,.+0x0000092c
	[0000023C] 0xD380012E 	bsr	$28,.+0x000004b8
SoftReset:
	[00000240] 0x260E4000 	ldah	$16,0x4000($14)
	[00000244] 0x22100900 	lda	$16,0x0900($16)
	[00000248] 0x223FDEAD 	lda	$17,0xdead($31)
	[0000024C] 0x26310001 	ldah	$17,0x0001($17)
	[00000250] 0x7E308000 	hw_st/p	$17,0x0000($16)
	[00000254] 0x60004000 	mb	
	[00000258] 0x6E308000 	hw_ld/p	$17,0x0000($16)
StallLoop:
	[0000025C] 0x67FF0140 	hw_mfpr/a	$31,$0
	[00000260] 0x67FF0140 	hw_mfpr/a	$31,$0
	[00000264] 0x67FF0140 	hw_mfpr/a	$31,$0
	[00000268] 0xC3FFFFFC 	br	$31,.+0x007ffff0
NoReset:
	[0000026C] 0xD34001A8 	bsr	$26,.+0x000006a0
	[00000270] 0x223F0027 	lda	$17,0x0027($31)
	[00000274] 0x2631AE17 	ldah	$17,0xae17($17)
	[00000278] 0x260E1000 	ldah	$16,0x1000($14)
	[0000027C] 0x22100500 	lda	$16,0x0500($16)
	[00000280] 0x7E308000 	hw_st/p	$17,0x0000($16)
	[00000284] 0x60004000 	mb	
	[00000288] 0x260E1000 	ldah	$16,0x1000($14)
	[0000028C] 0x21100040 	lda	$8,0x0040($16)
	[00000290] 0x223F10FF 	lda	$17,0x10ff($31)
	[00000294] 0x26310000 	ldah	$17,0x0000($17)
	[00000298] 0x7E288000 	hw_st/p	$17,0x0000($8)
	[0000029C] 0x60004000 	mb	
	[000002A0] 0x47E41402 	or	$31,0x20,$2
	[000002A4] 0xD3A001DD 	bsr	$29,.+0x00000774
DetectSpeed:
	[000002A8] 0xD380025A 	bsr	$28,.+0x00000968
	[000002AC] 0x44000411 	or	$0,$0,$17
	[000002B0] 0x221F2580 	lda	$16,0x2580($31)
	[000002B4] 0xD3400220 	bsr	$26,.+0x00000880
	[000002B8] 0x23BF0005 	lda	$29,0x0005($31)
	[000002BC] 0x47E0041C 	or	$31,$0,$28
	[000002C0] 0xD0000349 	bsr	$0,.+0x00000d24
	[000002C4] 0x23BF0001 	lda	$29,0x0001($31)
	[000002C8] 0x239F3631 	lda	$28,0x3631($31)
	[000002CC] 0x279C5034 	ldah	$28,0x5034($28)
	[000002D0] 0x4B84173C 	sll	$28,0x20,$28
	[000002D4] 0x239C0D0A 	lda	$28,0x0d0a($28)
	[000002D8] 0x279C3132 	ldah	$28,0x3132($28)
	[000002DC] 0xD0000342 	bsr	$0,.+0x00000d08
	[000002E0] 0x47E03402 	or	$31,0x01,$2
	[000002E4] 0xD3A001CD 	bsr	$29,.+0x00000734
	[000002E8] 0x46310410 	or	$17,$17,$16
	[000002EC] 0x207FA510 	lda	$3,0xa510($31)
	[000002F0] 0x2463E8D5 	ldah	$3,0xe8d5($3)
	[000002F4] 0x487E1611 	zap	$3,0xf0,$17
	[000002F8] 0x4A211731 	sll	$17,0x08,$17
	[000002FC] 0xD340020E 	bsr	$26,.+0x00000838
	[00000300] 0x44000418 	or	$0,$0,$24
	[00000304] 0x47E05402 	or	$31,0x02,$2
	[00000308] 0xD3A001C4 	bsr	$29,.+0x00000710
	[0000030C] 0x23BF0006 	lda	$29,0x0006($31)
	[00000310] 0xD0000335 	bsr	$0,.+0x00000cd4
ReadConfigJumpers:
	[00000314] 0xD3A001ED 	bsr	$29,.+0x000007b4
	[00000318] 0x47E00501 	ornot	$31,$0,$1
	[0000031C] 0x4420301E 	and	$1,0x01,$30
	[00000320] 0x4BC0F73E 	sll	$30,0x07,$30
	[00000324] 0x48205721 	sll	$1,0x02,$1
	[00000328] 0x44281001 	and	$1,0x40,$1
	[0000032C] 0x47C1041E 	or	$30,$1,$30
	[00000330] 0x47C4141E 	or	$30,0x20,$30
	[00000334] 0x4BC2373E 	sll	$30,0x11,$30
	[00000338] 0x47E03403 	or	$31,0x01,$3
	[0000033C] 0x44181001 	and	$0,0xc0,$1
	[00000340] 0x403015A2 	cmpeq	$1,0x80,$2
	[00000344] 0x444054C3 	cmovne	$2,0x02,$3
	[00000348] 0x402815A2 	cmpeq	$1,0x40,$2
	[0000034C] 0x444074C3 	cmovne	$2,0x03,$3
	[00000350] 0x403815A2 	cmpeq	$1,0xc0,$2
	[00000354] 0x444094C3 	cmovne	$2,0x04,$3
	[00000358] 0x48621723 	sll	$3,0x10,$3
	[0000035C] 0x447E041E 	or	$3,$30,$30
	[00000360] 0x47E07402 	or	$31,0x03,$2
	[00000364] 0xD3A001AD 	bsr	$29,.+0x000006b4
	[00000368] 0x211F4010 	lda	$8,0x4010($31)
	[0000036C] 0x25080000 	ldah	$8,0x0000($8)
	[00000370] 0x22BF8430 	lda	$21,0x8430($31)
	[00000374] 0x26B50024 	ldah	$21,0x0024($21)
	[00000378] 0x201F09F7 	lda	$0,0x09f7($31)
	[0000037C] 0x203F8430 	lda	$1,0x8430($31)
	[00000380] 0x24210024 	ldah	$1,0x0024($1)
	[00000384] 0x430003A0 	cmpult	$24,$0,$0
	[00000388] 0x440104D5 	cmovne	$0,$1,$21
	[0000038C] 0x201F088D 	lda	$0,0x088d($31)
	[00000390] 0x203F8740 	lda	$1,0x8740($31)
	[00000394] 0x24210026 	ldah	$1,0x0026($1)
	[00000398] 0x430003A0 	cmpult	$24,$0,$0
	[0000039C] 0x440104D5 	cmovne	$0,$1,$21
	[000003A0] 0x201F077A 	lda	$0,0x077a($31)
	[000003A4] 0x203F8640 	lda	$1,0x8640($31)
	[000003A8] 0x24210035 	ldah	$1,0x0035($1)
	[000003AC] 0x430003A0 	cmpult	$24,$0,$0
	[000003B0] 0x440104D5 	cmovne	$0,$1,$21
	[000003B4] 0x201F06A4 	lda	$0,0x06a4($31)
	[000003B8] 0x203FCA50 	lda	$1,0xca50($31)
	[000003BC] 0x24210028 	ldah	$1,0x0028($1)
	[000003C0] 0x430003A0 	cmpult	$24,$0,$0
	[000003C4] 0x440104D5 	cmovne	$0,$1,$21
	[000003C8] 0x201F05FB 	lda	$0,0x05fb($31)
	[000003CC] 0x203FCB50 	lda	$1,0xcb50($31)
	[000003D0] 0x24210028 	ldah	$1,0x0028($1)
	[000003D4] 0x430003A0 	cmpult	$24,$0,$0
	[000003D8] 0x440104D5 	cmovne	$0,$1,$21
set_bc_size:
	[000003DC] 0x4BC21682 	srl	$30,0x10,$2
	[000003E0] 0x4441F002 	and	$2,0x0f,$2
	[000003E4] 0x40403523 	subq	$2,0x01,$3
	[000003E8] 0x48619723 	sll	$3,0x0c,$3
	[000003EC] 0x46A30415 	or	$21,$3,$21
	[000003F0] 0x207F0000 	lda	$3,0x0000($31)
	[000003F4] 0x24630180 	ldah	$3,0x0180($3)
	[000003F8] 0x46A30115 	andnot	$21,$3,$21
	[000003FC] 0x207F0000 	lda	$3,0x0000($31)
	[00000400] 0x24638000 	ldah	$3,0x8000($3)
	[00000404] 0x46A30415 	or	$21,$3,$21
	[00000408] 0x4ABE1615 	zap	$21,0xf0,$21
	[0000040C] 0x46A30113 	andnot	$21,$3,$19
	[00000410] 0x7E6D9008 	hw_st/pq	$19,0x0008($13)
	[00000414] 0x60004000 	mb	
	[00000418] 0x6C0D8108 	hw_ld/p	$0,0x0108($13)
	[0000041C] 0x60004000 	mb	
	[00000420] 0x47E09402 	or	$31,0x04,$2
	[00000424] 0xD3A0017D 	bsr	$29,.+0x000005f4
	[00000428] 0x45080414 	or	$8,$8,$20
	[0000042C] 0x47E0B402 	or	$31,0x05,$2
	[00000430] 0xD3A0017A 	bsr	$29,.+0x000005e8
	[00000434] 0x23BF0006 	lda	$29,0x0006($31)
	[00000438] 0xD00002EB 	bsr	$0,.+0x00000bac
	[0000043C] 0x21DF0874 	lda	$14,0x0874($31)
	[00000440] 0x49C3972E 	sll	$14,0x1c,$14
	[00000444] 0x250E4000 	ldah	$8,0x4000($14)
	[00000448] 0x22080000 	lda	$16,0x0000($8)
	[0000044C] 0x223F1631 	lda	$17,0x1631($31)
	[00000450] 0x26312904 	ldah	$17,0x2904($17)
	[00000454] 0xD34001C4 	bsr	$26,.+0x00000710
	[00000458] 0x221F4E20 	lda	$16,0x4e20($31)
	[0000045C] 0xD3600145 	bsr	$27,.+0x00000514
	[00000460] 0x223F0132 	lda	$17,0x0132($31)
	[00000464] 0x26310000 	ldah	$17,0x0000($17)
	[00000468] 0x250E1000 	ldah	$8,0x1000($14)
	[0000046C] 0x22080200 	lda	$16,0x0200($8)
	[00000470] 0xD34001BD 	bsr	$26,.+0x000006f4
	[00000474] 0x223F0750 	lda	$17,0x0750($31)
	[00000478] 0x26310000 	ldah	$17,0x0000($17)
	[0000047C] 0x22080300 	lda	$16,0x0300($8)
	[00000480] 0xD34001B9 	bsr	$26,.+0x000006e4
	[00000484] 0x47E03404 	or	$31,0x01,$4
	[00000488] 0x4881F724 	sll	$4,0x0f,$4
	[0000048C] 0x46240411 	or	$17,$4,$17
	[00000490] 0x20BF0008 	lda	$5,0x0008($31)
ForceRef:
	[00000494] 0x22080300 	lda	$16,0x0300($8)
	[00000498] 0xD34001B3 	bsr	$26,.+0x000006cc
	[0000049C] 0x209F0064 	lda	$4,0x0064($31)
ForceRefWait:
	[000004A0] 0x67FF0140 	hw_mfpr/a	$31,$0
	[000004A4] 0x40803524 	subq	$4,0x01,$4
	[000004A8] 0xF49FFFFD 	bne	$4,.+0x007ffff4
	[000004AC] 0x40A03525 	subq	$5,0x01,$5
	[000004B0] 0xF4BFFFF8 	bne	$5,.+0x007fffe0
	[000004B4] 0x463F0405 	or	$17,$31,$5
	[000004B8] 0x260E1000 	ldah	$16,0x1000($14)
	[000004BC] 0x223F1C01 	lda	$17,0x1c01($31)
	[000004C0] 0x2631003A 	ldah	$17,0x003a($17)
	[000004C4] 0xD34001A8 	bsr	$26,.+0x000006a0
	[000004C8] 0x44BF0411 	or	$5,$31,$17
	[000004CC] 0x20BF0008 	lda	$5,0x0008($31)
ForceRef1:
	[000004D0] 0x22080300 	lda	$16,0x0300($8)
	[000004D4] 0xD34001A4 	bsr	$26,.+0x00000690
	[000004D8] 0x209F0064 	lda	$4,0x0064($31)
ForceRefWait1:
	[000004DC] 0x67FF0140 	hw_mfpr/a	$31,$0
	[000004E0] 0x40803524 	subq	$4,0x01,$4
	[000004E4] 0xF49FFFFD 	bne	$4,.+0x007ffff4
	[000004E8] 0x40A03525 	subq	$5,0x01,$5
	[000004EC] 0xF4BFFFF8 	bne	$5,.+0x007fffe0
	[000004F0] 0x47FF0411 	or	$31,$31,$17
	[000004F4] 0x22080600 	lda	$16,0x0600($8)
	[000004F8] 0xD340019B 	bsr	$26,.+0x0000066c
	[000004FC] 0x223F0100 	lda	$17,0x0100($31)
	[00000500] 0x22080640 	lda	$16,0x0640($8)
	[00000504] 0xD3400198 	bsr	$26,.+0x00000660
	[00000508] 0x223F0022 	lda	$17,0x0022($31)
	[0000050C] 0x22080A00 	lda	$16,0x0a00($8)
	[00000510] 0xD3400195 	bsr	$26,.+0x00000654
	[00000514] 0x22080A40 	lda	$16,0x0a40($8)
	[00000518] 0xD3400193 	bsr	$26,.+0x0000064c
	[0000051C] 0x223F0028 	lda	$17,0x0028($31)
	[00000520] 0x22080800 	lda	$16,0x0800($8)
	[00000524] 0xD3400190 	bsr	$26,.+0x00000640
	[00000528] 0x22080840 	lda	$16,0x0840($8)
	[0000052C] 0xD340018E 	bsr	$26,.+0x00000638
	[00000530] 0x46203411 	or	$17,0x01,$17
	[00000534] 0x22080800 	lda	$16,0x0800($8)
	[00000538] 0xD340018B 	bsr	$26,.+0x0000062c
	[0000053C] 0x22080840 	lda	$16,0x0840($8)
	[00000540] 0xD3400189 	bsr	$26,.+0x00000624
	[00000544] 0x22FF0000 	lda	$23,0x0000($31)
	[00000548] 0x26F70800 	ldah	$23,0x0800($23)
	[0000054C] 0x47E0F402 	or	$31,0x07,$2
	[00000550] 0xD3A00132 	bsr	$29,.+0x000004c8
	[00000554] 0x23BF0006 	lda	$29,0x0006($31)
	[00000558] 0xD00002A3 	bsr	$0,.+0x00000a8c
	[0000055C] 0x47E19402 	or	$31,0x0c,$2
	[00000560] 0xD3A0012E 	bsr	$29,.+0x000004b8
	[00000564] 0x205F0001 	lda	$2,0x0001($31)
	[00000568] 0x74420216 	hw_mtpr	$2,0x06
	[0000056C] 0x67FF0140 	hw_mfpr/a	$31,$0
	[00000570] 0x67FF0140 	hw_mfpr/a	$31,$0
	[00000574] 0x67FF0140 	hw_mfpr/a	$31,$0
	[00000578] 0x67FF0140 	hw_mfpr/a	$31,$0
	[0000057C] 0x67FF0140 	hw_mfpr/a	$31,$0
	[00000580] 0x47E1B402 	or	$31,0x0d,$2
	[00000584] 0xD3A00125 	bsr	$29,.+0x00000494
	[00000588] 0x60004000 	mb	
	[0000058C] 0x7E8D9188 	hw_st/pq	$20,0x0188($13)
	[00000590] 0x60004000 	mb	
	[00000594] 0x7EAD9008 	hw_st/pq	$21,0x0008($13)
	[00000598] 0x60004000 	mb	
	[0000059C] 0x6C0D8108 	hw_ld/p	$0,0x0108($13)
	[000005A0] 0x60004000 	mb	
	[000005A4] 0x47E27402 	or	$31,0x13,$2
	[000005A8] 0xD3A0011C 	bsr	$29,.+0x00000470
	[000005AC] 0x23BF0006 	lda	$29,0x0006($31)
	[000005B0] 0xD000028D 	bsr	$0,.+0x00000a34
	[000005B4] 0xD38000CC 	bsr	$28,.+0x00000330
	[000005B8] 0xD38000C1 	bsr	$28,.+0x00000304
	[000005BC] 0x46F70407 	or	$23,$23,$7
SweepMemory2:
	[000005C0] 0x40E11527 	subq	$7,0x08,$7
	[000005C4] 0x6C479000 	hw_ld/pq	$2,0x0000($7)
	[000005C8] 0x7C479000 	hw_st/pq	$2,0x0000($7)
	[000005CC] 0xFCFFFFFC 	bgt	$7,.+0x007ffff0
	[000005D0] 0x47E29402 	or	$31,0x14,$2
	[000005D4] 0xD3A00111 	bsr	$29,.+0x00000444
	[000005D8] 0x23BF0006 	lda	$29,0x0006($31)
	[000005DC] 0xD0000282 	bsr	$0,.+0x00000a08
	[000005E0] 0x47DE0410 	or	$30,$30,$16
	[000005E4] 0xD1C001AD 	bsr	$14,.+0x000006b4
	[000005E8] 0x47E2F402 	or	$31,0x17,$2
	[000005EC] 0xD3A0010B 	bsr	$29,.+0x0000042c
	[000005F0] 0x205F4000 	lda	$2,0x4000($31)
	[000005F4] 0x410203A0 	cmpult	$8,$2,$0
	[000005F8] 0x440204C8 	cmovne	$0,$2,$8
	[000005FC] 0x45003400 	or	$8,0x01,$0
	[00000600] 0x7400010B 	hw_mtpr	$0,0x0b
	[00000604] 0x205F0119 	lda	$2,0x0119($31)
	[00000608] 0x244277FF 	ldah	$2,0x77ff($2)
	[0000060C] 0x7C488000 	hw_st/p	$2,0x0000($8)
	[00000610] 0x205F0001 	lda	$2,0x0001($31)
	[00000614] 0x2442C000 	ldah	$2,0xc000($2)
	[00000618] 0x7C488004 	hw_st/p	$2,0x0004($8)
	[0000061C] 0x7F288008 	hw_st/p	$25,0x0008($8)
	[00000620] 0x205F8000 	lda	$2,0x8000($31)
	[00000624] 0x24426C01 	ldah	$2,0x6c01($2)
	[00000628] 0x7C48800C 	hw_st/p	$2,0x000c($8)
	[0000062C] 0x205F041F 	lda	$2,0x041f($31)
	[00000630] 0x244247FF 	ldah	$2,0x47ff($2)
	[00000634] 0x20BF002C 	lda	$5,0x002c($31)
	[00000638] 0x21080010 	lda	$8,0x0010($8)
loadInst:
	[0000063C] 0x7C488000 	hw_st/p	$2,0x0000($8)
	[00000640] 0x40A03525 	subq	$5,0x01,$5
	[00000644] 0x21080004 	lda	$8,0x0004($8)
	[00000648] 0xF4BFFFFC 	bne	$5,.+0x007ffff0
	[0000064C] 0x205F0000 	lda	$2,0x0000($31)
	[00000650] 0x24426BE0 	ldah	$2,0x6be0($2)
	[00000654] 0x7C488000 	hw_st/p	$2,0x0000($8)
	[00000658] 0x60004000 	mb	
	[0000065C] 0x47E31402 	or	$31,0x18,$2
	[00000660] 0xD3A000EE 	bsr	$29,.+0x000003b8
	[00000664] 0xD38000A0 	bsr	$28,.+0x00000280
	[00000668] 0xD3800095 	bsr	$28,.+0x00000254
	[0000066C] 0x48011682 	srl	$0,0x08,$2
	[00000670] 0x4441F002 	and	$2,0x0f,$2
	[00000674] 0x203F0001 	lda	$1,0x0001($31)
	[00000678] 0x24210000 	ldah	$1,0x0000($1)
	[0000067C] 0x48241721 	sll	$1,0x20,$1
	[00000680] 0x20210000 	lda	$1,0x0000($1)
	[00000684] 0x24210000 	ldah	$1,0x0000($1)
	[00000688] 0x482200C1 	extbl	$1,$2,$1
EV56_Detected:
	[0000068C] 0x48241721 	sll	$1,0x20,$1
	[00000690] 0x44213419 	or	$1,0x09,$25
NextLevel:
	[00000694] 0x205F0019 	lda	$2,0x0019($31)
	[00000698] 0x4BC2F687 	srl	$30,0x17,$7
	[0000069C] 0x44E75282 	cmovlbs	$7,0x3a,$2
	[000006A0] 0x47E20402 	or	$31,$2,$2
	[000006A4] 0xD3A000DD 	bsr	$29,.+0x00000374
	[000006A8] 0x46940401 	or	$20,$20,$1
	[000006AC] 0x46B50402 	or	$21,$21,$2
	[000006B0] 0x46D60403 	or	$22,$22,$3
	[000006B4] 0x21FF0000 	lda	$15,0x0000($31)
	[000006B8] 0x25EF5600 	ldah	$15,0x5600($15)
	[000006BC] 0x49E4172F 	sll	$15,0x20,$15
	[000006C0] 0x21EF0101 	lda	$15,0x0101($15)
	[000006C4] 0x25EF0101 	ldah	$15,0x0101($15)
	[000006C8] 0x47390410 	or	$25,$25,$16
	[000006CC] 0x46F70411 	or	$23,$23,$17
	[000006D0] 0x47180412 	or	$24,$24,$18
	[000006D4] 0x227F0001 	lda	$19,0x0001($31)
	[000006D8] 0x2673DECB 	ldah	$19,0xdecb($19)
	[000006DC] 0x4A7E1613 	zap	$19,0xf0,$19
	[000006E0] 0x229F0001 	lda	$20,0x0001($31)
	[000006E4] 0x22BF0000 	lda	$21,0x0000($31)
	[000006E8] 0xE0E00002 	blbc	$7,.+0x00000008
	[000006EC] 0x23BF0000 	lda	$29,0x0000($31)
	[000006F0] 0xD000023D 	bsr	$0,.+0x000008f4
no_minidbg:
	[000006F4] 0x7BFF8000 	hw_rei	
CpuSetSpeed:
	[000006F8] 0x20FF0874 	lda	$7,0x0874($31)
	[000006FC] 0x48E39727 	sll	$7,0x1c,$7
	[00000700] 0x25076000 	ldah	$8,0x6000($7)
	[00000704] 0x22080180 	lda	$16,0x0180($8)
	[00000708] 0x223F0000 	lda	$17,0x0000($31)
	[0000070C] 0xD3400116 	bsr	$26,.+0x00000458
	[00000710] 0x221F0064 	lda	$16,0x0064($31)
	[00000714] 0x26100000 	ldah	$16,0x0000($16)
	[00000718] 0xD360003B 	bsr	$27,.+0x000000ec
	[0000071C] 0x20BF000B 	lda	$5,0x000b($31)
	[00000720] 0x48BFD605 	zap	$5,0xfe,$5
CpuSetSpeedLoop:
	[00000724] 0x46219111 	andnot	$17,0x0c,$17
	[00000728] 0x48850681 	srl	$4,$5,$1
	[0000072C] 0xE0200001 	blbc	$1,.+0x00000004
	[00000730] 0x46209411 	or	$17,0x04,$17
DataBitClear:
	[00000734] 0x20FF0874 	lda	$7,0x0874($31)
	[00000738] 0x48E39727 	sll	$7,0x1c,$7
	[0000073C] 0x25076000 	ldah	$8,0x6000($7)
	[00000740] 0x22080180 	lda	$16,0x0180($8)
	[00000744] 0xD3400108 	bsr	$26,.+0x00000420
	[00000748] 0x221F0064 	lda	$16,0x0064($31)
	[0000074C] 0x26100000 	ldah	$16,0x0000($16)
	[00000750] 0xD360002D 	bsr	$27,.+0x000000b4
	[00000754] 0x20FF0874 	lda	$7,0x0874($31)
	[00000758] 0x48E39727 	sll	$7,0x1c,$7
	[0000075C] 0x25076000 	ldah	$8,0x6000($7)
	[00000760] 0x22080180 	lda	$16,0x0180($8)
	[00000764] 0x46211411 	or	$17,0x08,$17
	[00000768] 0xD34000FF 	bsr	$26,.+0x000003fc
	[0000076C] 0x221F0064 	lda	$16,0x0064($31)
	[00000770] 0x26100000 	ldah	$16,0x0000($16)
	[00000774] 0xD3600024 	bsr	$27,.+0x00000090
	[00000778] 0x40A03525 	subq	$5,0x01,$5
	[0000077C] 0xF8BFFFE9 	bge	$5,.+0x007fffa4
	[00000780] 0x20FF0874 	lda	$7,0x0874($31)
	[00000784] 0x48E39727 	sll	$7,0x1c,$7
	[00000788] 0x25076000 	ldah	$8,0x6000($7)
	[0000078C] 0x22080180 	lda	$16,0x0180($8)
	[00000790] 0x223F0002 	lda	$17,0x0002($31)
	[00000794] 0xD34000F4 	bsr	$26,.+0x000003d0
	[00000798] 0x221F0064 	lda	$16,0x0064($31)
	[0000079C] 0x26100000 	ldah	$16,0x0000($16)
	[000007A0] 0xD3600019 	bsr	$27,.+0x00000064
	[000007A4] 0x20FF0874 	lda	$7,0x0874($31)
	[000007A8] 0x48E39727 	sll	$7,0x1c,$7
	[000007AC] 0x25076000 	ldah	$8,0x6000($7)
	[000007B0] 0x22080180 	lda	$16,0x0180($8)
	[000007B4] 0x223F0000 	lda	$17,0x0000($31)
	[000007B8] 0xD34000EB 	bsr	$26,.+0x000003ac
	[000007BC] 0x221F0064 	lda	$16,0x0064($31)
	[000007C0] 0x26100000 	ldah	$16,0x0000($16)
	[000007C4] 0xD3600010 	bsr	$27,.+0x00000040
	[000007C8] 0x6BFC8000 	ret	$31,($28),.+0x000000
srom_usdelay:
	[000007CC] 0x46100414 	or	$16,$16,$20
	[000007D0] 0x201F029B 	lda	$0,0x029b($31)
	[000007D4] 0x4C100400 	mulq	$0,$16,$0
usdelay_init:
	[000007D8] 0x229F0001 	lda	$20,0x0001($31)
	[000007DC] 0x4A841734 	sll	$20,0x20,$20
	[000007E0] 0x7694020E 	hw_mtpr	$20,0x0e
	[000007E4] 0x67FF0140 	hw_mfpr/a	$31,$0
	[000007E8] 0x67FF0140 	hw_mfpr/a	$31,$0
	[000007EC] 0x67FF0140 	hw_mfpr/a	$31,$0
	[000007F0] 0x67FF0140 	hw_mfpr/a	$31,$0
usdelay_loop:
	[000007F4] 0x6280C000 	rpcc	$20
	[000007F8] 0x4A81F634 	zapnot	$20,0x0f,$20
	[000007FC] 0x401409B4 	cmplt	$0,$20,$20
	[00000800] 0xE69FFFFC 	beq	$20,.+0x007ffff0
	[00000804] 0x6BFE8000 	ret	$31,($30),.+0x000000
usdelay:
	[00000808] 0xD0000002 	bsr	$0,.+0x00000008
	[0000080C] 0xD3DFFFEF 	bsr	$30,.+0x007fffbc
	[00000810] 0xC3E00015 	br	$31,.+0x00000054
saveRegisters:
	[00000814] 0x77DE0141 	hw_mtpr/a	$30,$1
	[00000818] 0x74420142 	hw_mtpr/a	$2,$2
	[0000081C] 0x74630143 	hw_mtpr/a	$3,$3
	[00000820] 0x74840144 	hw_mtpr/a	$4,$4
	[00000824] 0x74A50145 	hw_mtpr/a	$5,$5
	[00000828] 0x74C60146 	hw_mtpr/a	$6,$6
	[0000082C] 0x74E70147 	hw_mtpr/a	$7,$7
	[00000830] 0x75080148 	hw_mtpr/a	$8,$8
	[00000834] 0x75290149 	hw_mtpr/a	$9,$9
	[00000838] 0x7610014A 	hw_mtpr/a	$16,$10
	[0000083C] 0x7631014B 	hw_mtpr/a	$17,$11
	[00000840] 0x7652014C 	hw_mtpr/a	$18,$12
	[00000844] 0x76730155 	hw_mtpr/a	$19,$21
	[00000848] 0x7694014E 	hw_mtpr/a	$20,$14
	[0000084C] 0x76B5014F 	hw_mtpr/a	$21,$15
	[00000850] 0x76D60150 	hw_mtpr/a	$22,$16
	[00000854] 0x775A0151 	hw_mtpr/a	$26,$17
	[00000858] 0x777B0152 	hw_mtpr/a	$27,$18
	[0000085C] 0x779C0153 	hw_mtpr/a	$28,$19
	[00000860] 0x77BD0154 	hw_mtpr/a	$29,$20
	[00000864] 0x6BE08000 	ret	$31,($0),.+0x000000
restoreRegisters:
	[00000868] 0x67DE0141 	hw_mfpr/a	$30,$1
	[0000086C] 0x64420142 	hw_mfpr/a	$2,$2
	[00000870] 0x64630143 	hw_mfpr/a	$3,$3
	[00000874] 0x64840144 	hw_mfpr/a	$4,$4
	[00000878] 0x64A50145 	hw_mfpr/a	$5,$5
	[0000087C] 0x64C60146 	hw_mfpr/a	$6,$6
	[00000880] 0x64E70147 	hw_mfpr/a	$7,$7
	[00000884] 0x65080148 	hw_mfpr/a	$8,$8
	[00000888] 0x65290149 	hw_mfpr/a	$9,$9
	[0000088C] 0x6610014A 	hw_mfpr/a	$16,$10
	[00000890] 0x6631014B 	hw_mfpr/a	$17,$11
	[00000894] 0x6652014C 	hw_mfpr/a	$18,$12
	[00000898] 0x66730155 	hw_mfpr/a	$19,$21
	[0000089C] 0x6694014E 	hw_mfpr/a	$20,$14
	[000008A0] 0x66B5014F 	hw_mfpr/a	$21,$15
	[000008A4] 0x66D60150 	hw_mfpr/a	$22,$16
	[000008A8] 0x675A0151 	hw_mfpr/a	$26,$17
	[000008AC] 0x677B0152 	hw_mfpr/a	$27,$18
	[000008B0] 0x679C0153 	hw_mfpr/a	$28,$19
	[000008B4] 0x67BD0154 	hw_mfpr/a	$29,$20
	[000008B8] 0x47FF041F 	or	$31,$31,$31
	[000008BC] 0x6BFB8000 	ret	$31,($27),.+0x000000
ClearCPUErrors:
	[000008C0] 0x77FF010C 	hw_mtpr	$31,0x0c
	[000008C4] 0x67FF0206 	hw_mfpr	$31,0x06
	[000008C8] 0x205F3800 	lda	$2,0x3800($31)
	[000008CC] 0x7442011A 	hw_mtpr	$2,0x0a
	[000008D0] 0x205F0003 	lda	$2,0x0003($31)
	[000008D4] 0x74420212 	hw_mtpr	$2,0x02
	[000008D8] 0x245F3800 	ldah	$2,0x3800($31)
	[000008DC] 0x74420115 	hw_mtpr	$2,0x05
	[000008E0] 0x6C0D9108 	hw_ld/pq	$0,0x0108($13)
	[000008E4] 0x6BFC8000 	ret	$31,($28),.+0x000000
ClearMemContErrors:
	[000008E8] 0x60004000 	mb	
	[000008EC] 0x21DF0874 	lda	$14,0x0874($31)
	[000008F0] 0x49C3972E 	sll	$14,0x1c,$14
	[000008F4] 0x204E4000 	lda	$2,0x4000($14)
	[000008F8] 0x20424200 	lda	$2,0x4200($2)
	[000008FC] 0x6C228000 	hw_ld/p	$1,0x0000($2)
	[00000900] 0x7C228000 	hw_st/p	$1,0x0000($2)
	[00000904] 0x60004000 	mb	
	[00000908] 0x6C228000 	hw_ld/p	$1,0x0000($2)
	[0000090C] 0x6BFC8000 	ret	$31,($28),.+0x000000
InitCypress:
	[00000910] 0x221F000F 	lda	$16,0x000f($31)
	[00000914] 0xD3A00021 	bsr	$29,.+0x00000084
	[00000918] 0x221F0080 	lda	$16,0x0080($31)
	[0000091C] 0xD3A00021 	bsr	$29,.+0x00000084
	[00000920] 0x221F0080 	lda	$16,0x0080($31)
	[00000924] 0xD3A00021 	bsr	$29,.+0x00000084
	[00000928] 0x221F0080 	lda	$16,0x0080($31)
	[0000092C] 0xD3A00021 	bsr	$29,.+0x00000084
	[00000930] 0x221F0080 	lda	$16,0x0080($31)
	[00000934] 0xD3A00021 	bsr	$29,.+0x00000084
	[00000938] 0x221F0027 	lda	$16,0x0027($31)
	[0000093C] 0xD3A00021 	bsr	$29,.+0x00000084
	[00000940] 0x221F00E0 	lda	$16,0x00e0($31)
	[00000944] 0xD3A00021 	bsr	$29,.+0x00000084
	[00000948] 0x221F00F0 	lda	$16,0x00f0($31)
	[0000094C] 0xD3A00021 	bsr	$29,.+0x00000084
	[00000950] 0x221F0040 	lda	$16,0x0040($31)
	[00000954] 0xD3A00021 	bsr	$29,.+0x00000084
	[00000958] 0x221F0080 	lda	$16,0x0080($31)
	[0000095C] 0xD3A00021 	bsr	$29,.+0x00000084
	[00000960] 0x221F0080 	lda	$16,0x0080($31)
	[00000964] 0xD3A00021 	bsr	$29,.+0x00000084
	[00000968] 0x221F0070 	lda	$16,0x0070($31)
	[0000096C] 0xD3A00021 	bsr	$29,.+0x00000084
	[00000970] 0x6BFA8000 	ret	$31,($26),.+0x000000
wait_n_cycles:
	[00000974] 0x203F0001 	lda	$1,0x0001($31)
	[00000978] 0x48241721 	sll	$1,0x20,$1
	[0000097C] 0x6060C000 	rpcc	$3
time_loop:
	[00000980] 0x6000C000 	rpcc	$0
	[00000984] 0x40030120 	subl	$0,$3,$0
	[00000988] 0xF8000001 	bge	$0,.+0x00000004
	[0000098C] 0x40200400 	addq	$1,$0,$0
nowrap:
	[00000990] 0x401003A2 	cmpult	$0,$16,$2
	[00000994] 0xF45FFFFA 	bne	$2,.+0x007fffe8
	[00000998] 0x6BFB8000 	ret	$31,($27),.+0x000000
WriteCY_CMD_REG:
	[0000099C] 0x203F0004 	lda	$1,0x0004($31)
	[000009A0] 0xC3E00016 	br	$31,.+0x00000058
WriteCY_INTA_ROUTE:
	[000009A4] 0x203F0040 	lda	$1,0x0040($31)
	[000009A8] 0xC3E00014 	br	$31,.+0x00000050
WriteCY_INTB_ROUTE:
	[000009AC] 0x203F0041 	lda	$1,0x0041($31)
	[000009B0] 0xC3E00012 	br	$31,.+0x00000048
WriteCY_INTC_ROUTE:
	[000009B4] 0x203F0042 	lda	$1,0x0042($31)
	[000009B8] 0xC3E00010 	br	$31,.+0x00000040
WriteCY_INTD_ROUTE:
	[000009BC] 0x203F0043 	lda	$1,0x0043($31)
	[000009C0] 0xC3E0000E 	br	$31,.+0x00000038
WriteCY_CTRL_REG:
	[000009C4] 0x203F0044 	lda	$1,0x0044($31)
	[000009C8] 0xC3E0000C 	br	$31,.+0x00000030
WriteCY_ERR_CTRL_REG:
	[000009CC] 0x203F0045 	lda	$1,0x0045($31)
	[000009D0] 0xC3E0000A 	br	$31,.+0x00000028
WriteCY_TOP_OF_MEM:
	[000009D4] 0x203F0048 	lda	$1,0x0048($31)
	[000009D8] 0xC3E00008 	br	$31,.+0x00000020
WriteCY_ATCTRL_REG1:
	[000009DC] 0x203F0049 	lda	$1,0x0049($31)
	[000009E0] 0xC3E00006 	br	$31,.+0x00000018
WriteCY_IDE0_ROUTE:
	[000009E4] 0x203F004B 	lda	$1,0x004b($31)
	[000009E8] 0xC3E00004 	br	$31,.+0x00000010
WriteCY_IDE1_ROUTE:
	[000009EC] 0x203F004C 	lda	$1,0x004c($31)
	[000009F0] 0xC3E00002 	br	$31,.+0x00000008
WriteCY_SA_USB_CTRL:
	[000009F4] 0x203F004D 	lda	$1,0x004d($31)
	[000009F8] 0xC3E00000 	br	$31,.+0x00000000
WriteConf:
	[000009FC] 0x44207003 	and	$1,0x03,$3
	[00000A00] 0x4A030162 	insbl	$16,$3,$2
	[00000A04] 0x4820B721 	sll	$1,0x05,$1
	[00000A08] 0x207F0870 	lda	$3,0x0870($31)
	[00000A0C] 0x48639723 	sll	$3,0x1c,$3
	[00000A10] 0x261F0008 	ldah	$16,0x0008($31)
	[00000A14] 0x44700403 	or	$3,$16,$3
	[00000A18] 0xC3E0001F 	br	$31,.+0x0000007c
WriteLEDS:
	[00000A1C] 0x404415A1 	cmpeq	$2,0x20,$1
	[00000A20] 0xF4200008 	bne	$1,.+0x00000020
	[00000A24] 0x47BD0401 	or	$29,$29,$1
	[00000A28] 0x23BF0003 	lda	$29,0x0003($31)
	[00000A2C] 0x239F002E 	lda	$28,0x002e($31)
	[00000A30] 0xD000016D 	bsr	$0,.+0x000005b4
	[00000A34] 0x23BF0007 	lda	$29,0x0007($31)
	[00000A38] 0x47E2041C 	or	$31,$2,$28
	[00000A3C] 0xD000016A 	bsr	$0,.+0x000005a8
	[00000A40] 0x4421041D 	or	$1,$1,$29
skipSromPort:
	[00000A44] 0x203F0080 	lda	$1,0x0080($31)
	[00000A48] 0xC3E0000E 	br	$31,.+0x00000038
WriteSMC_Config1:
WriteSMC_Index1:
	[00000A4C] 0x203F0370 	lda	$1,0x0370($31)
	[00000A50] 0xC3E0000B 	br	$31,.+0x0000002c
WriteSMC_Data1:
	[00000A54] 0x203F0371 	lda	$1,0x0371($31)
	[00000A58] 0xC3E00009 	br	$31,.+0x00000024
WriteRTCAddr:
	[00000A5C] 0x203F0070 	lda	$1,0x0070($31)
	[00000A60] 0xC3E00007 	br	$31,.+0x0000001c
WriteRTCData:
	[00000A64] 0x203F0071 	lda	$1,0x0071($31)
	[00000A68] 0xC3E00005 	br	$31,.+0x00000014
WriteSIO_NMISC:
	[00000A6C] 0x203F0061 	lda	$1,0x0061($31)
	[00000A70] 0xC3E00003 	br	$31,.+0x0000000c
WriteSIO_TMR2:
	[00000A74] 0x203F0042 	lda	$1,0x0042($31)
	[00000A78] 0xC3E00001 	br	$31,.+0x00000004
WriteSIO_TCW:
	[00000A7C] 0x203F0043 	lda	$1,0x0043($31)
WriteCont_std:
	[00000A80] 0x46100402 	or	$16,$16,$2
WriteCont:
	[00000A84] 0x44207003 	and	$1,0x03,$3
	[00000A88] 0x48430162 	insbl	$2,$3,$2
	[00000A8C] 0x4820B721 	sll	$1,0x05,$1
	[00000A90] 0x207F0858 	lda	$3,0x0858($31)
	[00000A94] 0x48639723 	sll	$3,0x1c,$3
WriteData:
	[00000A98] 0x44230401 	or	$1,$3,$1
	[00000A9C] 0x7C418000 	hw_st/p	$2,0x0000($1)
	[00000AA0] 0x60004000 	mb	
	[00000AA4] 0x6BFD8000 	ret	$31,($29),.+0x000000
ReadRTCData:
	[00000AA8] 0x203F0071 	lda	$1,0x0071($31)
	[00000AAC] 0x4820B722 	sll	$1,0x05,$2
	[00000AB0] 0x207F0858 	lda	$3,0x0858($31)
	[00000AB4] 0x48639723 	sll	$3,0x1c,$3
ReadData:
	[00000AB8] 0x44430402 	or	$2,$3,$2
	[00000ABC] 0x6C028000 	hw_ld/p	$0,0x0000($2)
	[00000AC0] 0x44207001 	and	$1,0x03,$1
	[00000AC4] 0x480100C0 	extbl	$0,$1,$0
	[00000AC8] 0x6BFD8000 	ret	$31,($29),.+0x000000
ReadConfJumper:
	[00000ACC] 0x207F0874 	lda	$3,0x0874($31)
	[00000AD0] 0x48639723 	sll	$3,0x1c,$3
	[00000AD4] 0x24636000 	ldah	$3,0x6000($3)
	[00000AD8] 0x6C038000 	hw_ld/p	$0,0x0000($3)
	[00000ADC] 0x48031680 	srl	$0,0x18,$0
	[00000AE0] 0x481FD600 	zap	$0,0xfe,$0
	[00000AE4] 0x6BFD8000 	ret	$31,($29),.+0x000000
intdivide:
	[00000AE8] 0x47FF0400 	or	$31,$31,$0
	[00000AEC] 0x423009A1 	cmplt	$17,$16,$1
	[00000AF0] 0xF420000A 	bne	$1,.+0x00000028
divide:
	[00000AF4] 0x203F0001 	lda	$1,0x0001($31)
divide1:
	[00000AF8] 0x40010404 	addq	$0,$1,$4
	[00000AFC] 0x4C900402 	mulq	$4,$16,$2
	[00000B00] 0x48203721 	sll	$1,0x01,$1
	[00000B04] 0x405109A3 	cmplt	$2,$17,$3
	[00000B08] 0xF47FFFFB 	bne	$3,.+0x007fffec
	[00000B0C] 0x48205681 	srl	$1,0x02,$1
	[00000B10] 0x40010400 	addq	$0,$1,$0
	[00000B14] 0x402059A3 	cmplt	$1,0x02,$3
	[00000B18] 0xE47FFFF6 	beq	$3,.+0x007fffd8
divide_done:
	[00000B1C] 0x6BFB8000 	ret	$31,($27),.+0x000000
updivide:
	[00000B20] 0xD37FFFF1 	bsr	$27,.+0x007fffc4
	[00000B24] 0x4E000401 	mulq	$16,$0,$1
	[00000B28] 0x403109A2 	cmplt	$1,$17,$2
	[00000B2C] 0xE0400001 	blbc	$2,.+0x00000004
	[00000B30] 0x40003400 	addq	$0,0x01,$0
updivide_done:
	[00000B34] 0x6BFA8000 	ret	$31,($26),.+0x000000
nintdivide:
	[00000B38] 0xD37FFFEB 	bsr	$27,.+0x007fffac
	[00000B3C] 0x4E000401 	mulq	$16,$0,$1
	[00000B40] 0x403109A2 	cmplt	$1,$17,$2
	[00000B44] 0xE0400007 	blbc	$2,.+0x0000001c
	[00000B48] 0x40003400 	addq	$0,0x01,$0
	[00000B4C] 0x4E000402 	mulq	$16,$0,$2
	[00000B50] 0x40510522 	subq	$2,$17,$2
	[00000B54] 0x42210523 	subq	$17,$1,$3
	[00000B58] 0x406209A1 	cmplt	$3,$2,$1
	[00000B5C] 0xE0200001 	blbc	$1,.+0x00000004
	[00000B60] 0x40003520 	subq	$0,0x01,$0
nintdivide_done:
	[00000B64] 0x6BFA8000 	ret	$31,($26),.+0x000000
srom_wrtest:
	[00000B68] 0x4A3E1611 	zap	$17,0xf0,$17
	[00000B6C] 0x7E308000 	hw_st/p	$17,0x0000($16)
	[00000B70] 0x60004000 	mb	
srom_rdtest:
	[00000B74] 0x6E508000 	hw_ld/p	$18,0x0000($16)
	[00000B78] 0x4A5E1612 	zap	$18,0xf0,$18
	[00000B7C] 0x46510813 	xor	$18,$17,$19
	[00000B80] 0x6BFA8000 	ret	$31,($26),.+0x000000
FatalError:
	[00000B84] 0x47E7F402 	or	$31,0x3f,$2
	[00000B88] 0xD3BFFFA4 	bsr	$29,.+0x007ffe90
	[00000B8C] 0x223F01F4 	lda	$17,0x01f4($31)
	[00000B90] 0xD3600036 	bsr	$27,.+0x000000d8
	[00000B94] 0x47E80402 	or	$31,$8,$2
	[00000B98] 0xD3BFFFA0 	bsr	$29,.+0x007ffe80
	[00000B9C] 0x45080413 	or	$8,$8,$19
	[00000BA0] 0xD3800007 	bsr	$28,.+0x0000001c
	[00000BA4] 0x223F03E8 	lda	$17,0x03e8($31)
	[00000BA8] 0xD3600030 	bsr	$27,.+0x000000c0
	[00000BAC] 0x4BC2F681 	srl	$30,0x17,$1
	[00000BB0] 0xF03FFFF4 	blbs	$1,.+0x007fffd0
	[00000BB4] 0x23BF0000 	lda	$29,0x0000($31)
	[00000BB8] 0xD000010B 	bsr	$0,.+0x0000042c
	[00000BBC] 0xC3FFFFF1 	br	$31,.+0x007fffc4
Beep:
	[00000BC0] 0x221F0003 	lda	$16,0x0003($31)
	[00000BC4] 0xD3BFFFA9 	bsr	$29,.+0x007ffea4
	[00000BC8] 0x221F00B6 	lda	$16,0x00b6($31)
	[00000BCC] 0xD3BFFFAB 	bsr	$29,.+0x007ffeac
	[00000BD0] 0x221F00E2 	lda	$16,0x00e2($31)
	[00000BD4] 0xD3BFFFA7 	bsr	$29,.+0x007ffe9c
	[00000BD8] 0x221F0003 	lda	$16,0x0003($31)
	[00000BDC] 0xD3BFFFA5 	bsr	$29,.+0x007ffe94
	[00000BE0] 0x223F0064 	lda	$17,0x0064($31)
	[00000BE4] 0xD3600021 	bsr	$27,.+0x00000084
	[00000BE8] 0x221F00B2 	lda	$16,0x00b2($31)
	[00000BEC] 0xD3BFFFA3 	bsr	$29,.+0x007ffe8c
	[00000BF0] 0x221F0000 	lda	$16,0x0000($31)
	[00000BF4] 0xD3BFFF9F 	bsr	$29,.+0x007ffe7c
	[00000BF8] 0xD3BFFF9E 	bsr	$29,.+0x007ffe78
	[00000BFC] 0xD3BFFF9B 	bsr	$29,.+0x007ffe6c
	[00000C00] 0x223F0064 	lda	$17,0x0064($31)
	[00000C04] 0xD3600019 	bsr	$27,.+0x00000064
	[00000C08] 0x42603533 	subq	$19,0x01,$19
	[00000C0C] 0xF67FFFEC 	bne	$19,.+0x007fffb0
	[00000C10] 0x6BFC8000 	ret	$31,($28),.+0x000000
GetCPUSpeed:
	[00000C14] 0x221F000A 	lda	$16,0x000a($31)
	[00000C18] 0xD3BFFF90 	bsr	$29,.+0x007ffe40
	[00000C1C] 0x221F0027 	lda	$16,0x0027($31)
	[00000C20] 0xD3BFFF90 	bsr	$29,.+0x007ffe40
	[00000C24] 0x221F000B 	lda	$16,0x000b($31)
	[00000C28] 0xD3BFFF8C 	bsr	$29,.+0x007ffe30
	[00000C2C] 0x221F0046 	lda	$16,0x0046($31)
	[00000C30] 0xD3BFFF8C 	bsr	$29,.+0x007ffe30
	[00000C34] 0xD3BFFFA5 	bsr	$29,.+0x007ffe94
	[00000C38] 0x48003680 	srl	$0,0x01,$0
	[00000C3C] 0x4400F001 	and	$0,0x07,$1
	[00000C40] 0x201F4580 	lda	$0,0x4580($31)
	[00000C44] 0x240017D7 	ldah	$0,0x17d7($0)
	[00000C48] 0x4020F5A2 	cmpeq	$1,0x07,$2
	[00000C4C] 0x209F4580 	lda	$4,0x4580($31)
	[00000C50] 0x248417D7 	ldah	$4,0x17d7($4)
	[00000C54] 0x444404C0 	cmovne	$2,$4,$0
	[00000C58] 0x4020B5A2 	cmpeq	$1,0x05,$2
	[00000C5C] 0x209FB200 	lda	$4,0xb200($31)
	[00000C60] 0x24841FCA 	ldah	$4,0x1fca($4)
	[00000C64] 0x444404C0 	cmovne	$2,$4,$0
	[00000C68] 0x6BFC8000 	ret	$31,($28),.+0x000000
wait_for_pif:
	[00000C6C] 0x221F000C 	lda	$16,0x000c($31)
	[00000C70] 0xD3BFFF7A 	bsr	$29,.+0x007ffde8
	[00000C74] 0xD3BFFF8C 	bsr	$29,.+0x007ffe30
	[00000C78] 0x4800D680 	srl	$0,0x06,$0
	[00000C7C] 0xF01FFFFB 	blbs	$0,.+0x007fffec
wait_assert:
	[00000C80] 0xD3BFFF76 	bsr	$29,.+0x007ffdd8
	[00000C84] 0xD3BFFF88 	bsr	$29,.+0x007ffe20
	[00000C88] 0x4800D680 	srl	$0,0x06,$0
	[00000C8C] 0xE01FFFFC 	blbc	$0,.+0x007ffff0
	[00000C90] 0x42203531 	subq	$17,0x01,$17
	[00000C94] 0xF63FFFF5 	bne	$17,.+0x007fffd4
	[00000C98] 0x6BFB8000 	ret	$31,($27),.+0x000000
LoadSystemCode:
	[00000C9C] 0x215F0104 	lda	$10,0x0104($31)
	[00000CA0] 0x203F0204 	lda	$1,0x0204($31)
	[00000CA4] 0x4A031680 	srl	$16,0x18,$0
	[00000CA8] 0x440102CA 	cmovlbc	$0,$1,$10
scanROM:
	[00000CAC] 0x47FF040C 	or	$31,$31,$12
	[00000CB0] 0x47FF0406 	or	$31,$31,$6
rescanROM:
	[00000CB4] 0x44C60411 	or	$6,$6,$17
	[00000CB8] 0x47FF0407 	or	$31,$31,$7
	[00000CBC] 0x4540310A 	andnot	$10,0x01,$10
	[00000CC0] 0x201F0000 	lda	$0,0x0000($31)
	[00000CC4] 0x24000010 	ldah	$0,0x0010($0)
	[00000CC8] 0x422003A0 	cmpult	$17,$0,$0
	[00000CCC] 0xF0000007 	blbs	$0,.+0x0000001c
DoneWithROM:
	[00000CD0] 0x45409000 	and	$10,0x04,$0
	[00000CD4] 0xE400004A 	beq	$0,.+0x00000128
	[00000CD8] 0x45411000 	and	$10,0x08,$0
	[00000CDC] 0x215F0108 	lda	$10,0x0108($31)
	[00000CE0] 0xF41FFFF2 	bne	$0,.+0x007fffc8
	[00000CE4] 0x4540940A 	or	$10,0x04,$10
	[00000CE8] 0xC3FFFFF0 	br	$31,.+0x007fffc0
ValidationPattern:
	[00000CEC] 0xD380007F 	bsr	$28,.+0x000001fc
	[00000CF0] 0x46310406 	or	$17,$17,$6
	[00000CF4] 0x203FC3C3 	lda	$1,0xc3c3($31)
	[00000CF8] 0x24215A5B 	ldah	$1,0x5a5b($1)
	[00000CFC] 0x400105A1 	cmpeq	$0,$1,$1
	[00000D00] 0xF4200005 	bne	$1,.+0x00000014
	[00000D04] 0x203FC3E0 	lda	$1,0xc3e0($31)
	[00000D08] 0x24210001 	ldah	$1,0x0001($1)
	[00000D0C] 0x480052C0 	extwl	$0,0x02,$0
	[00000D10] 0x400105A0 	cmpeq	$0,$1,$0
	[00000D14] 0xE41FFFE7 	beq	$0,.+0x007fff9c
InversePattern:
	[00000D18] 0xD3800074 	bsr	$28,.+0x000001d0
	[00000D1C] 0x203F3C3C 	lda	$1,0x3c3c($31)
	[00000D20] 0x2421A5A5 	ldah	$1,0xa5a5($1)
	[00000D24] 0x483E1601 	zap	$1,0xf0,$1
	[00000D28] 0x400105A0 	cmpeq	$0,$1,$0
	[00000D2C] 0xE41FFFE1 	beq	$0,.+0x007fff84
HeaderSize:
	[00000D30] 0xD380006E 	bsr	$28,.+0x000001b8
	[00000D34] 0x400699A1 	cmplt	$0,0x34,$1
	[00000D38] 0x4541040A 	or	$10,$1,$10
	[00000D3C] 0xF140000C 	blbs	$10,.+0x00000030
	[00000D40] 0x40021525 	subq	$0,0x10,$5
	[00000D44] 0x48A05685 	srl	$5,0x02,$5
HeaderCheckSum:
	[00000D48] 0xD3800068 	bsr	$28,.+0x000001a0
	[00000D4C] 0x40A03525 	subq	$5,0x01,$5
	[00000D50] 0xF4BFFFFD 	bne	$5,.+0x007ffff4
	[00000D54] 0x44E70405 	or	$7,$7,$5
	[00000D58] 0xD3800064 	bsr	$28,.+0x00000190
	[00000D5C] 0x40C11411 	addq	$6,0x08,$17
	[00000D60] 0x49405681 	srl	$10,0x02,$1
	[00000D64] 0xE0200002 	blbc	$1,.+0x00000008
	[00000D68] 0x400505A0 	cmpeq	$0,$5,$0
	[00000D6C] 0xE41FFFD1 	beq	$0,.+0x007fff44
HeaderIsValid:
	[00000D70] 0x4180340C 	addq	$12,0x01,$12
	[00000D74] 0xD380005D 	bsr	$28,.+0x00000174
	[00000D78] 0x4400040B 	or	$0,$0,$11
	[00000D7C] 0xD380005B 	bsr	$28,.+0x0000016c
	[00000D80] 0x44000409 	or	$0,$0,$9
	[00000D84] 0xD3800059 	bsr	$28,.+0x00000164
	[00000D88] 0x44000405 	or	$0,$0,$5
	[00000D8C] 0xD3800057 	bsr	$28,.+0x0000015c
	[00000D90] 0x44000408 	or	$0,$0,$8
	[00000D94] 0xD3800055 	bsr	$28,.+0x00000154
	[00000D98] 0x48041720 	sll	$0,0x20,$0
	[00000D9C] 0x45000408 	or	$8,$0,$8
	[00000DA0] 0xF1400007 	blbs	$10,.+0x0000001c
FirmwareID:
	[00000DA4] 0x40C39411 	addq	$6,0x1c,$17
	[00000DA8] 0xD3800050 	bsr	$28,.+0x00000140
	[00000DAC] 0x480030C1 	extbl	$0,0x01,$1
SROMImageCheck:
	[00000DB0] 0x4180352C 	subq	$12,0x01,$12
	[00000DB4] 0x402155A0 	cmpeq	$1,0x0a,$0
	[00000DB8] 0xF41FFFBE 	bne	$0,.+0x007ffef8
	[00000DBC] 0x4180340C 	addq	$12,0x01,$12
SkipFirmwareID:
	[00000DC0] 0x49403682 	srl	$10,0x01,$2
	[00000DC4] 0x444C02C1 	cmovlbc	$2,$12,$1
	[00000DC8] 0xE0400001 	blbc	$2,.+0x00000004
	[00000DCC] 0xF15FFFB9 	blbs	$10,.+0x007ffee4
PositionDependent:
	[00000DD0] 0x494030C0 	extbl	$10,0x01,$0
	[00000DD4] 0x402005A0 	cmpeq	$1,$0,$0
	[00000DD8] 0xE41FFFB6 	beq	$0,.+0x007ffed8
	[00000DDC] 0x40C41411 	addq	$6,0x20,$17
	[00000DE0] 0xD3800042 	bsr	$28,.+0x00000108
	[00000DE4] 0x454002C9 	cmovlbc	$10,$0,$9
	[00000DE8] 0x40C09411 	addq	$6,0x04,$17
	[00000DEC] 0xD380003F 	bsr	$28,.+0x000000fc
	[00000DF0] 0x40C09531 	subq	$6,0x04,$17
	[00000DF4] 0x40110411 	addq	$0,$17,$17
	[00000DF8] 0x42290409 	addq	$17,$9,$9
	[00000DFC] 0xC3E00008 	br	$31,.+0x00000020
NoHeader:
	[00000E00] 0x227F0004 	lda	$19,0x0004($31)
	[00000E04] 0xD39FFF6E 	bsr	$28,.+0x007ffdb8
	[00000E08] 0x47FF0408 	or	$31,$31,$8
	[00000E0C] 0x47FF0405 	or	$31,$31,$5
	[00000E10] 0x47FF0411 	or	$31,$31,$17
	[00000E14] 0x213F0000 	lda	$9,0x0000($31)
	[00000E18] 0x25290010 	ldah	$9,0x0010($9)
	[00000E1C] 0x4540910A 	andnot	$10,0x04,$10
headerEnd:
	[00000E20] 0x45080419 	or	$8,$8,$25
	[00000E24] 0x47FF0407 	or	$31,$31,$7
	[00000E28] 0xF0A00008 	blbs	$5,.+0x00000020
	[00000E2C] 0x47E2B402 	or	$31,0x15,$2
	[00000E30] 0xD3BFFEFA 	bsr	$29,.+0x007ffbe8
LoadUncomp:
	[00000E34] 0xD380002D 	bsr	$28,.+0x000000b4
	[00000E38] 0x7C088000 	hw_st/p	$0,0x0000($8)
	[00000E3C] 0x41009408 	addq	$8,0x04,$8
	[00000E40] 0x422903A0 	cmpult	$17,$9,$0
	[00000E44] 0xF41FFFFB 	bne	$0,.+0x007fffec
	[00000E48] 0xC3E00010 	br	$31,.+0x00000040
LoadComp:
	[00000E4C] 0x47E2D402 	or	$31,0x16,$2
	[00000E50] 0xD3BFFEF2 	bsr	$29,.+0x007ffbc8
	[00000E54] 0x47E09412 	or	$31,0x04,$18
	[00000E58] 0xD3400051 	bsr	$26,.+0x00000144
LoadCInit:
	[00000E5C] 0x47FF041B 	or	$31,$31,$27
	[00000E60] 0x47FF0405 	or	$31,$31,$5
LoadCLoop:
	[00000E64] 0xD3400044 	bsr	$26,.+0x00000110
	[00000E68] 0x4A050160 	insbl	$16,$5,$0
	[00000E6C] 0x441B041B 	or	$0,$27,$27
	[00000E70] 0x40A03405 	addq	$5,0x01,$5
	[00000E74] 0x40A095A0 	cmpeq	$5,0x04,$0
	[00000E78] 0xE41FFFFA 	beq	$0,.+0x007fffe8
	[00000E7C] 0x7F688000 	hw_st/p	$27,0x0000($8)
	[00000E80] 0x41009408 	addq	$8,0x04,$8
	[00000E84] 0xF67FFFF5 	bne	$19,.+0x007fffd4
DecompressionDone:
	[00000E88] 0x20BF0001 	lda	$5,0x0001($31)
ImageCheckSums:
	[00000E8C] 0xF1400016 	blbs	$10,.+0x00000058
	[00000E90] 0x49405680 	srl	$10,0x02,$0
	[00000E94] 0xE0000014 	blbc	$0,.+0x00000050
	[00000E98] 0x40EB05A1 	cmpeq	$7,$11,$1
	[00000E9C] 0xE4200010 	beq	$1,.+0x00000040
	[00000EA0] 0xF0A00011 	blbs	$5,.+0x00000044
	[00000EA4] 0x241F0100 	ldah	$0,0x0100($31)
flush:
	[00000EA8] 0x6FE09000 	hw_ld/pq	$31,0x0000($0)
	[00000EAC] 0x40041520 	subq	$0,0x20,$0
	[00000EB0] 0xF81FFFFD 	bge	$0,.+0x007ffff4
	[00000EB4] 0x47FF0407 	or	$31,$31,$7
	[00000EB8] 0x47390411 	or	$25,$25,$17
secondcheck:
	[00000EBC] 0x6C118000 	hw_ld/p	$0,0x0000($17)
	[00000EC0] 0xD3800020 	bsr	$28,.+0x00000080
	[00000EC4] 0x42209411 	addq	$17,0x04,$17
	[00000EC8] 0x422803A1 	cmpult	$17,$8,$1
	[00000ECC] 0xF43FFFFB 	bne	$1,.+0x007fffec
	[00000ED0] 0x40EB05A1 	cmpeq	$7,$11,$1
	[00000ED4] 0xF4200004 	bne	$1,.+0x00000010
	[00000ED8] 0x211F0006 	lda	$8,0x0006($31)
	[00000EDC] 0xC3FFFF29 	br	$31,.+0x007ffca4
SumMismatch:
	[00000EE0] 0x4180352C 	subq	$12,0x01,$12
	[00000EE4] 0xC3FFFF73 	br	$31,.+0x007ffdcc
codeLoaded:
	[00000EE8] 0x6BEE8000 	ret	$31,($14),.+0x000000
read_flash:
	[00000EEC] 0x241F0010 	ldah	$0,0x0010($31)
	[00000EF0] 0x422003A0 	cmpult	$17,$0,$0
	[00000EF4] 0x44110486 	cmoveq	$0,$17,$6
	[00000EF8] 0xE41FFF6E 	beq	$0,.+0x007ffdb8
	[00000EFC] 0x201F087C 	lda	$0,0x087c($31)
	[00000F00] 0x48039720 	sll	$0,0x1c,$0
	[00000F04] 0x207FFC00 	lda	$3,0xfc00($31)
	[00000F08] 0x48641723 	sll	$3,0x20,$3
	[00000F0C] 0x40600400 	addq	$3,$0,$0
	[00000F10] 0x40110404 	addq	$0,$17,$4
	[00000F14] 0x28440000 	ldbu	$2,0x0000($4)
	[00000F18] 0x28640001 	ldbu	$3,0x0001($4)
	[00000F1C] 0x48603163 	insbl	$3,0x01,$3
	[00000F20] 0x44620402 	or	$3,$2,$2
	[00000F24] 0x28640002 	ldbu	$3,0x0002($4)
	[00000F28] 0x48605163 	insbl	$3,0x02,$3
	[00000F2C] 0x44620402 	or	$3,$2,$2
	[00000F30] 0x28640003 	ldbu	$3,0x0003($4)
	[00000F34] 0x48607163 	insbl	$3,0x03,$3
	[00000F38] 0x44620402 	or	$3,$2,$2
	[00000F3C] 0x485E1600 	zap	$2,0xf0,$0
	[00000F40] 0x42209411 	addq	$17,0x04,$17
ComputeCheckSum:
	[00000F44] 0x205F0000 	lda	$2,0x0000($31)
CheckSumLoop:
	[00000F48] 0x48E03683 	srl	$7,0x01,$3
	[00000F4C] 0x209F8000 	lda	$4,0x8000($31)
	[00000F50] 0x24840001 	ldah	$4,0x0001($4)
	[00000F54] 0x40640404 	addq	$3,$4,$4
	[00000F58] 0x44E40283 	cmovlbs	$7,$4,$3
	[00000F5C] 0x480200C4 	extbl	$0,$2,$4
	[00000F60] 0x40640407 	addq	$3,$4,$7
	[00000F64] 0x48E07627 	zapnot	$7,0x03,$7
	[00000F68] 0x40403402 	addq	$2,0x01,$2
	[00000F6C] 0x404095A4 	cmpeq	$2,0x04,$4
	[00000F70] 0xE49FFFF5 	beq	$4,.+0x007fffd4
	[00000F74] 0x6BFC8000 	ret	$31,($28),.+0x000000
getByte:
	[00000F78] 0xEA600005 	blt	$19,.+0x00000014
	[00000F7C] 0xD380000E 	bsr	$28,.+0x00000038
	[00000F80] 0x44420410 	or	$2,$2,$16
	[00000F84] 0x2273FFFF 	lda	$19,0xffff($19)
	[00000F88] 0xE6600005 	beq	$19,.+0x00000014
	[00000F8C] 0x6BFA8000 	ret	$31,($26),.+0x000000
repByte:
	[00000F90] 0x44420410 	or	$2,$2,$16
	[00000F94] 0x22730001 	lda	$19,0x0001($19)
	[00000F98] 0xE6600001 	beq	$19,.+0x00000004
	[00000F9C] 0x6BFA8000 	ret	$31,($26),.+0x000000
getRecord:
	[00000FA0] 0xD3800005 	bsr	$28,.+0x00000014
	[00000FA4] 0x48471733 	sll	$2,0x38,$19
	[00000FA8] 0x4A671793 	sra	$19,0x38,$19
	[00000FAC] 0xFA600001 	bge	$19,.+0x00000004
	[00000FB0] 0xD3800001 	bsr	$28,.+0x00000004
norepeat:
	[00000FB4] 0x6BFA8000 	ret	$31,($26),.+0x000000
ReadFByte:
	[00000FB8] 0x424095A0 	cmpeq	$18,0x04,$0
	[00000FBC] 0xE4000007 	beq	$0,.+0x0000001c
	[00000FC0] 0x422903A0 	cmpult	$17,$9,$0
	[00000FC4] 0xE41FFFB0 	beq	$0,.+0x007ffec0
	[00000FC8] 0x47FF0412 	or	$31,$31,$18
	[00000FCC] 0x479C040F 	or	$28,$28,$15
	[00000FD0] 0xD39FFFC6 	bsr	$28,.+0x007fff18
	[00000FD4] 0x45EF041C 	or	$15,$15,$28
	[00000FD8] 0x4400040F 	or	$0,$0,$15
skipRd:
	[00000FDC] 0x49F200C2 	extbl	$15,$18,$2
	[00000FE0] 0x22520001 	lda	$18,0x0001($18)
	[00000FE4] 0x6BFC8000 	ret	$31,($28),.+0x000000
Symbols
	TEXT		other = 0x00000000  desc = 0x00000000  value = 0x00000000  initIPRs
	TEXT		other = 0x00000000  desc = 0x00000000  value = 0x00000050  initGlobals
	TEXT		other = 0x00000000  desc = 0x00000000  value = 0x000008C0  ClearCPUErrors
	TEXT		other = 0x00000000  desc = 0x00000000  value = 0x00000068  InitPCI
	TEXT		other = 0x00000000  desc = 0x00000000  value = 0x0000007C  wbase_loop
	TEXT		other = 0x00000000  desc = 0x00000000  value = 0x00000B68  srom_wrtest
	TEXT		other = 0x00000000  desc = 0x00000000  value = 0x00000974  wait_n_cycles
	TEXT		other = 0x00000000  desc = 0x00000000  value = 0x00000808  usdelay
	TEXT		other = 0x00000000  desc = 0x00000000  value = 0x00000ACC  ReadConfJumper
	TEXT		other = 0x00000000  desc = 0x00000000  value = 0x00000224  NotPass0
	TEXT		other = 0x00000000  desc = 0x00000000  value = 0x00000240  SoftReset
	TEXT		other = 0x00000000  desc = 0x00000000  value = 0x0000026C  NoReset
	TEXT		other = 0x00000000  desc = 0x00000000  value = 0x000006F8  CpuSetSpeed
	TEXT		other = 0x00000000  desc = 0x00000000  value = 0x0000025C  StallLoop
	TEXT		other = 0x00000000  desc = 0x00000000  value = 0x00000910  InitCypress
	TEXT		other = 0x00000000  desc = 0x00000000  value = 0x00000A1C  WriteLEDS
	TEXT		other = 0x00000000  desc = 0x00000000  value = 0x000002A8  DetectSpeed
	TEXT		other = 0x00000000  desc = 0x00000000  value = 0x00000C14  GetCPUSpeed
	TEXT		other = 0x00000000  desc = 0x00000000  value = 0x00000B38  nintdivide
	TEXT		other = 0x00000000  desc = 0x00000000  value = 0x00000FE8  minidebugger
	TEXT		other = 0x00000000  desc = 0x00000000  value = 0x00000314  ReadConfigJumpers
	TEXT		other = 0x00000000  desc = 0x00000000  value = 0x000003DC  set_bc_size
	TEXT		other = 0x00000000  desc = 0x00000000  value = 0x00000494  ForceRef
	TEXT		other = 0x00000000  desc = 0x00000000  value = 0x000004A0  ForceRefWait
	TEXT		other = 0x00000000  desc = 0x00000000  value = 0x000004D0  ForceRef1
	TEXT		other = 0x00000000  desc = 0x00000000  value = 0x000004DC  ForceRefWait1
	TEXT		other = 0x00000000  desc = 0x00000000  value = 0x000008E8  ClearMemContErrors
	TEXT		other = 0x00000000  desc = 0x00000000  value = 0x000005C0  SweepMemory2
	TEXT		other = 0x00000000  desc = 0x00000000  value = 0x00000C9C  LoadSystemCode
	TEXT		other = 0x00000000  desc = 0x00000000  value = 0x0000063C  loadInst
	TEXT		other = 0x00000000  desc = 0x00000000  value = 0x0000068C  EV56_Detected
	TEXT		other = 0x00000000  desc = 0x00000000  value = 0x00000694  NextLevel
	TEXT		other = 0x00000000  desc = 0x00000000  value = 0x000006F4  no_minidbg
	TEXT		other = 0x00000000  desc = 0x00000000  value = 0x00000724  CpuSetSpeedLoop
	TEXT		other = 0x00000000  desc = 0x00000000  value = 0x00000734  DataBitClear
	TEXT		other = 0x00000000  desc = 0x00000000  value = 0x000007CC  srom_usdelay
	TEXT		other = 0x00000000  desc = 0x00000000  value = 0x000007D8  usdelay_init
	TEXT		other = 0x00000000  desc = 0x00000000  value = 0x000007F4  usdelay_loop
	TEXT		other = 0x00000000  desc = 0x00000000  value = 0x00000814  saveRegisters
	TEXT		other = 0x00000000  desc = 0x00000000  value = 0x00000868  restoreRegisters
	TEXT		other = 0x00000000  desc = 0x00000000  value = 0x0000099C  WriteCY_CMD_REG
	TEXT		other = 0x00000000  desc = 0x00000000  value = 0x000009A4  WriteCY_INTA_ROUTE
	TEXT		other = 0x00000000  desc = 0x00000000  value = 0x000009AC  WriteCY_INTB_ROUTE
	TEXT		other = 0x00000000  desc = 0x00000000  value = 0x000009B4  WriteCY_INTC_ROUTE
	TEXT		other = 0x00000000  desc = 0x00000000  value = 0x000009BC  WriteCY_INTD_ROUTE
	TEXT		other = 0x00000000  desc = 0x00000000  value = 0x000009C4  WriteCY_CTRL_REG
	TEXT		other = 0x00000000  desc = 0x00000000  value = 0x000009CC  WriteCY_ERR_CTRL_REG
	TEXT		other = 0x00000000  desc = 0x00000000  value = 0x000009D4  WriteCY_TOP_OF_MEM
	TEXT		other = 0x00000000  desc = 0x00000000  value = 0x000009DC  WriteCY_ATCTRL_REG1
	TEXT		other = 0x00000000  desc = 0x00000000  value = 0x000009E4  WriteCY_IDE0_ROUTE
	TEXT		other = 0x00000000  desc = 0x00000000  value = 0x000009EC  WriteCY_IDE1_ROUTE
	TEXT		other = 0x00000000  desc = 0x00000000  value = 0x000009F4  WriteCY_SA_USB_CTRL
	TEXT		other = 0x00000000  desc = 0x00000000  value = 0x00000980  time_loop
	TEXT		other = 0x00000000  desc = 0x00000000  value = 0x00000990  nowrap
	TEXT		other = 0x00000000  desc = 0x00000000  value = 0x000009FC  WriteConf
	TEXT		other = 0x00000000  desc = 0x00000000  value = 0x00000A98  WriteData
	TEXT		other = 0x00000000  desc = 0x00000000  value = 0x00000A44  skipSromPort
	TEXT		other = 0x00000000  desc = 0x00000000  value = 0x00000A84  WriteCont
	TEXT		other = 0x00000000  desc = 0x00000000  value = 0x00000A4C  WriteSMC_Config1
	TEXT		other = 0x00000000  desc = 0x00000000  value = 0x00000A4C  WriteSMC_Index1
	TEXT		other = 0x00000000  desc = 0x00000000  value = 0x00000A80  WriteCont_std
	TEXT		other = 0x00000000  desc = 0x00000000  value = 0x00000A54  WriteSMC_Data1
	TEXT		other = 0x00000000  desc = 0x00000000  value = 0x00000A5C  WriteRTCAddr
	TEXT		other = 0x00000000  desc = 0x00000000  value = 0x00000A64  WriteRTCData
	TEXT		other = 0x00000000  desc = 0x00000000  value = 0x00000A6C  WriteSIO_NMISC
	TEXT		other = 0x00000000  desc = 0x00000000  value = 0x00000A74  WriteSIO_TMR2
	TEXT		other = 0x00000000  desc = 0x00000000  value = 0x00000A7C  WriteSIO_TCW
	TEXT		other = 0x00000000  desc = 0x00000000  value = 0x00000AA8  ReadRTCData
	TEXT		other = 0x00000000  desc = 0x00000000  value = 0x00000AB8  ReadData
	TEXT		other = 0x00000000  desc = 0x00000000  value = 0x00000AE8  intdivide
	TEXT		other = 0x00000000  desc = 0x00000000  value = 0x00000B1C  divide_done
	TEXT		other = 0x00000000  desc = 0x00000000  value = 0x00000AF4  divide
	TEXT		other = 0x00000000  desc = 0x00000000  value = 0x00000AF8  divide1
	TEXT		other = 0x00000000  desc = 0x00000000  value = 0x00000B20  updivide
	TEXT		other = 0x00000000  desc = 0x00000000  value = 0x00000B34  updivide_done
	TEXT		other = 0x00000000  desc = 0x00000000  value = 0x00000B64  nintdivide_done
	TEXT		other = 0x00000000  desc = 0x00000000  value = 0x00000B74  srom_rdtest
	TEXT		other = 0x00000000  desc = 0x00000000  value = 0x00000B84  FatalError
	TEXT		other = 0x00000000  desc = 0x00000000  value = 0x00000C6C  wait_for_pif
	TEXT		other = 0x00000000  desc = 0x00000000  value = 0x00000BC0  Beep
	TEXT		other = 0x00000000  desc = 0x00000000  value = 0x00000C80  wait_assert
	TEXT		other = 0x00000000  desc = 0x00000000  value = 0x00000CAC  scanROM
	TEXT		other = 0x00000000  desc = 0x00000000  value = 0x00000CB4  rescanROM
	TEXT		other = 0x00000000  desc = 0x00000000  value = 0x00000CEC  ValidationPattern
	TEXT		other = 0x00000000  desc = 0x00000000  value = 0x00000CD0  DoneWithROM
	TEXT		other = 0x00000000  desc = 0x00000000  value = 0x00000E00  NoHeader
	TEXT		other = 0x00000000  desc = 0x00000000  value = 0x00000EEC  read_flash
	TEXT		other = 0x00000000  desc = 0x00000000  value = 0x00000D18  InversePattern
	TEXT		other = 0x00000000  desc = 0x00000000  value = 0x00000D30  HeaderSize
	TEXT		other = 0x00000000  desc = 0x00000000  value = 0x00000D70  HeaderIsValid
	TEXT		other = 0x00000000  desc = 0x00000000  value = 0x00000D48  HeaderCheckSum
	TEXT		other = 0x00000000  desc = 0x00000000  value = 0x00000DC0  SkipFirmwareID
	TEXT		other = 0x00000000  desc = 0x00000000  value = 0x00000DA4  FirmwareID
	TEXT		other = 0x00000000  desc = 0x00000000  value = 0x00000DB0  SROMImageCheck
	TEXT		other = 0x00000000  desc = 0x00000000  value = 0x00000DD0  PositionDependent
	TEXT		other = 0x00000000  desc = 0x00000000  value = 0x00000E20  headerEnd
	TEXT		other = 0x00000000  desc = 0x00000000  value = 0x00000E4C  LoadComp
	TEXT		other = 0x00000000  desc = 0x00000000  value = 0x00000E34  LoadUncomp
	TEXT		other = 0x00000000  desc = 0x00000000  value = 0x00000E8C  ImageCheckSums
	TEXT		other = 0x00000000  desc = 0x00000000  value = 0x00000FA0  getRecord
	TEXT		other = 0x00000000  desc = 0x00000000  value = 0x00000E5C  LoadCInit
	TEXT		other = 0x00000000  desc = 0x00000000  value = 0x00000E64  LoadCLoop
	TEXT		other = 0x00000000  desc = 0x00000000  value = 0x00000F78  getByte
	TEXT		other = 0x00000000  desc = 0x00000000  value = 0x00000E88  DecompressionDone
	TEXT		other = 0x00000000  desc = 0x00000000  value = 0x00000EE8  codeLoaded
	TEXT		other = 0x00000000  desc = 0x00000000  value = 0x00000EE0  SumMismatch
	TEXT		other = 0x00000000  desc = 0x00000000  value = 0x00000EA8  flush
	TEXT		other = 0x00000000  desc = 0x00000000  value = 0x00000EBC  secondcheck
	TEXT		other = 0x00000000  desc = 0x00000000  value = 0x00000F44  ComputeCheckSum
	TEXT		other = 0x00000000  desc = 0x00000000  value = 0x00000F48  CheckSumLoop
	TEXT		other = 0x00000000  desc = 0x00000000  value = 0x00000F90  repByte
	TEXT		other = 0x00000000  desc = 0x00000000  value = 0x00000FB8  ReadFByte
	TEXT		other = 0x00000000  desc = 0x00000000  value = 0x00000FB4  norepeat
	TEXT		other = 0x00000000  desc = 0x00000000  value = 0x00000FDC  skipRd
